[0.010s] Invoking command in '/home/allen/lerobot_yu/so-arm_moveit_isaacsim_ws/build/so_arm_teleop': /usr/bin/cmake --build /home/allen/lerobot_yu/so-arm_moveit_isaacsim_ws/build/so_arm_teleop -- -j20 -l20
[0.030s] -- Found ament_cmake: 1.3.11 (/opt/ros/humble/share/ament_cmake/cmake)
[0.118s] -- Found rclpy: 3.3.16 (/opt/ros/humble/share/rclpy/cmake)
[0.118s] -- Found geometry_msgs: 4.9.0 (/opt/ros/humble/share/geometry_msgs/cmake)
[0.287s] -- Found rosidl_generator_c: 3.1.6 (/opt/ros/humble/share/rosidl_generator_c/cmake)
[0.289s] -- Found rosidl_adapter: 3.1.6 (/opt/ros/humble/share/rosidl_adapter/cmake)
[0.292s] -- Found rosidl_generator_cpp: 3.1.6 (/opt/ros/humble/share/rosidl_generator_cpp/cmake)
[0.300s] -- Using all available rosidl_typesupport_c: rosidl_typesupport_fastrtps_c;rosidl_typesupport_introspection_c
[0.308s] -- Using all available rosidl_typesupport_cpp: rosidl_typesupport_fastrtps_cpp;rosidl_typesupport_introspection_cpp
[0.373s] -- Configuring done
[0.375s] -- Generating done
[0.376s] -- Build files have been written to: /home/allen/lerobot_yu/so-arm_moveit_isaacsim_ws/build/so_arm_teleop
[0.396s] Invoked command in '/home/allen/lerobot_yu/so-arm_moveit_isaacsim_ws/build/so_arm_teleop' returned '0': /usr/bin/cmake --build /home/allen/lerobot_yu/so-arm_moveit_isaacsim_ws/build/so_arm_teleop -- -j20 -l20
[0.404s] Invoking command in '/home/allen/lerobot_yu/so-arm_moveit_isaacsim_ws/build/so_arm_teleop': /usr/bin/cmake --install /home/allen/lerobot_yu/so-arm_moveit_isaacsim_ws/build/so_arm_teleop
[0.411s] -- Install configuration: ""
[0.411s] -- Up-to-date: /home/allen/lerobot_yu/so-arm_moveit_isaacsim_ws/install/so_arm_teleop/share/ament_index/resource_index/package_run_dependencies/so_arm_teleop
[0.411s] -- Up-to-date: /home/allen/lerobot_yu/so-arm_moveit_isaacsim_ws/install/so_arm_teleop/share/ament_index/resource_index/parent_prefix_path/so_arm_teleop
[0.411s] -- Up-to-date: /home/allen/lerobot_yu/so-arm_moveit_isaacsim_ws/install/so_arm_teleop/share/so_arm_teleop/environment/ament_prefix_path.sh
[0.411s] -- Installing: /home/allen/lerobot_yu/so-arm_moveit_isaacsim_ws/install/so_arm_teleop/share/so_arm_teleop/environment/ament_prefix_path.dsv
[0.411s] -- Up-to-date: /home/allen/lerobot_yu/so-arm_moveit_isaacsim_ws/install/so_arm_teleop/share/so_arm_teleop/environment/path.sh
[0.412s] -- Installing: /home/allen/lerobot_yu/so-arm_moveit_isaacsim_ws/install/so_arm_teleop/share/so_arm_teleop/environment/path.dsv
[0.412s] -- Up-to-date: /home/allen/lerobot_yu/so-arm_moveit_isaacsim_ws/install/so_arm_teleop/share/so_arm_teleop/local_setup.bash
[0.412s] -- Up-to-date: /home/allen/lerobot_yu/so-arm_moveit_isaacsim_ws/install/so_arm_teleop/share/so_arm_teleop/local_setup.sh
[0.412s] -- Up-to-date: /home/allen/lerobot_yu/so-arm_moveit_isaacsim_ws/install/so_arm_teleop/share/so_arm_teleop/local_setup.zsh
[0.412s] -- Installing: /home/allen/lerobot_yu/so-arm_moveit_isaacsim_ws/install/so_arm_teleop/share/so_arm_teleop/local_setup.dsv
[0.412s] -- Installing: /home/allen/lerobot_yu/so-arm_moveit_isaacsim_ws/install/so_arm_teleop/share/so_arm_teleop/package.dsv
[0.412s] -- Up-to-date: /home/allen/lerobot_yu/so-arm_moveit_isaacsim_ws/install/so_arm_teleop/share/ament_index/resource_index/packages/so_arm_teleop
[0.412s] -- Up-to-date: /home/allen/lerobot_yu/so-arm_moveit_isaacsim_ws/install/so_arm_teleop/share/so_arm_teleop/cmake/so_arm_teleopConfig.cmake
[0.412s] -- Up-to-date: /home/allen/lerobot_yu/so-arm_moveit_isaacsim_ws/install/so_arm_teleop/share/so_arm_teleop/cmake/so_arm_teleopConfig-version.cmake
[0.412s] -- Up-to-date: /home/allen/lerobot_yu/so-arm_moveit_isaacsim_ws/install/so_arm_teleop/share/so_arm_teleop/package.xml
[0.412s] -- Up-to-date: /home/allen/lerobot_yu/so-arm_moveit_isaacsim_ws/install/so_arm_teleop/share/so_arm_teleop/config
[0.412s] -- Up-to-date: /home/allen/lerobot_yu/so-arm_moveit_isaacsim_ws/install/so_arm_teleop/share/so_arm_teleop/config/servo.yaml
[0.413s] [31mCMake Error at cmake_install.cmake:109 (file):
[0.413s]   file INSTALL cannot find
[0.413s]   "/home/allen/lerobot_yu/so-arm_moveit_isaacsim_ws/src/so_arm_teleop/.setup_assistant":
[0.413s]   No such file or directory.
[0.413s] 
[0.413s] [0m
[0.414s] Invoked command in '/home/allen/lerobot_yu/so-arm_moveit_isaacsim_ws/build/so_arm_teleop' returned '1': /usr/bin/cmake --install /home/allen/lerobot_yu/so-arm_moveit_isaacsim_ws/build/so_arm_teleop
