[0.017s] Invoking command in '/home/allen/lerobot_yu/so-arm_moveit_isaacsim_ws/build/so_arm_description': CMAKE_PREFIX_PATH=${CMAKE_PREFIX_PATH}:/home/allen/ws_moveit2/install/moveit_configs_utils:/home/allen/ws_moveit2/install/launch_param_builder:/opt/ros/humble /usr/bin/cmake /home/allen/lerobot_yu/so-arm_moveit_isaacsim_ws/src/so_arm_description -DCMAKE_INSTALL_PREFIX=/home/allen/lerobot_yu/so-arm_moveit_isaacsim_ws/install/so_arm_description
[0.117s] -- The C compiler identification is GNU 11.4.0
[0.570s] -- The CXX compiler identification is GNU 11.4.0
[0.949s] -- Detecting C compiler ABI info
[1.077s] -- Detecting C compiler ABI info - done
[1.082s] -- Check for working C compiler: /usr/bin/cc - skipped
[1.082s] -- Detecting C compile features
[1.082s] -- Detecting C compile features - done
[1.084s] -- Detecting CXX compiler ABI info
[1.222s] -- Detecting CXX compiler ABI info - done
[1.226s] -- Check for working CXX compiler: /usr/bin/c++ - skipped
[1.226s] -- Detecting CXX compile features
[1.227s] -- Detecting CXX compile features - done
[1.231s] -- Found ament_cmake: 1.3.11 (/opt/ros/humble/share/ament_cmake/cmake)
[1.336s] -- Found Python3: /usr/bin/python3 (found version "3.10.12") found components: Interpreter 
[1.428s] -- Found urdf: 2.6.1 (/opt/ros/humble/share/urdf/cmake)
[3.235s] -- Configuring done
[3.238s] -- Generating done
[3.239s] -- Build files have been written to: /home/allen/lerobot_yu/so-arm_moveit_isaacsim_ws/build/so_arm_description
[3.244s] Invoked command in '/home/allen/lerobot_yu/so-arm_moveit_isaacsim_ws/build/so_arm_description' returned '0': CMAKE_PREFIX_PATH=${CMAKE_PREFIX_PATH}:/home/allen/ws_moveit2/install/moveit_configs_utils:/home/allen/ws_moveit2/install/launch_param_builder:/opt/ros/humble /usr/bin/cmake /home/allen/lerobot_yu/so-arm_moveit_isaacsim_ws/src/so_arm_description -DCMAKE_INSTALL_PREFIX=/home/allen/lerobot_yu/so-arm_moveit_isaacsim_ws/install/so_arm_description
[3.246s] Invoking command in '/home/allen/lerobot_yu/so-arm_moveit_isaacsim_ws/build/so_arm_description': CMAKE_PREFIX_PATH=${CMAKE_PREFIX_PATH}:/home/allen/ws_moveit2/install/moveit_configs_utils:/home/allen/ws_moveit2/install/launch_param_builder:/opt/ros/humble /usr/bin/cmake --build /home/allen/lerobot_yu/so-arm_moveit_isaacsim_ws/build/so_arm_description -- -j20 -l20
[3.277s] Invoked command in '/home/allen/lerobot_yu/so-arm_moveit_isaacsim_ws/build/so_arm_description' returned '0': CMAKE_PREFIX_PATH=${CMAKE_PREFIX_PATH}:/home/allen/ws_moveit2/install/moveit_configs_utils:/home/allen/ws_moveit2/install/launch_param_builder:/opt/ros/humble /usr/bin/cmake --build /home/allen/lerobot_yu/so-arm_moveit_isaacsim_ws/build/so_arm_description -- -j20 -l20
[3.279s] Invoking command in '/home/allen/lerobot_yu/so-arm_moveit_isaacsim_ws/build/so_arm_description': CMAKE_PREFIX_PATH=${CMAKE_PREFIX_PATH}:/home/allen/ws_moveit2/install/moveit_configs_utils:/home/allen/ws_moveit2/install/launch_param_builder:/opt/ros/humble /usr/bin/cmake --install /home/allen/lerobot_yu/so-arm_moveit_isaacsim_ws/build/so_arm_description
[3.285s] -- Install configuration: ""
[3.285s] -- Installing: /home/allen/lerobot_yu/so-arm_moveit_isaacsim_ws/install/so_arm_description/share/so_arm_description/urdf
[3.285s] -- Installing: /home/allen/lerobot_yu/so-arm_moveit_isaacsim_ws/install/so_arm_description/share/so_arm_description/urdf/so101_new_calib.urdf
[3.286s] -- Installing: /home/allen/lerobot_yu/so-arm_moveit_isaacsim_ws/install/so_arm_description/share/so_arm_description/meshes
[3.286s] -- Installing: /home/allen/lerobot_yu/so-arm_moveit_isaacsim_ws/install/so_arm_description/share/so_arm_description/meshes/rotation_pitch_so101_v1.stl
[3.288s] -- Installing: /home/allen/lerobot_yu/so-arm_moveit_isaacsim_ws/install/so_arm_description/share/so_arm_description/meshes/sts3215_03a_no_horn_v1.stl
[3.290s] -- Installing: /home/allen/lerobot_yu/so-arm_moveit_isaacsim_ws/install/so_arm_description/share/so_arm_description/meshes/under_arm_so101_v1.stl
[3.293s] -- Installing: /home/allen/lerobot_yu/so-arm_moveit_isaacsim_ws/install/so_arm_description/share/so_arm_description/meshes/motor_holder_so101_base_v1.stl
[3.295s] -- Installing: /home/allen/lerobot_yu/so-arm_moveit_isaacsim_ws/install/so_arm_description/share/so_arm_description/meshes/wrist_roll_follower_so101_v1.stl
[3.298s] -- Installing: /home/allen/lerobot_yu/so-arm_moveit_isaacsim_ws/install/so_arm_description/share/so_arm_description/meshes/upper_arm_so101_v1.stl
[3.300s] -- Installing: /home/allen/lerobot_yu/so-arm_moveit_isaacsim_ws/install/so_arm_description/share/so_arm_description/meshes/wrist_roll_pitch_so101_v2.stl
[3.305s] -- Installing: /home/allen/lerobot_yu/so-arm_moveit_isaacsim_ws/install/so_arm_description/share/so_arm_description/meshes/waveshare_mounting_plate_so101_v2.stl
[3.306s] -- Installing: /home/allen/lerobot_yu/so-arm_moveit_isaacsim_ws/install/so_arm_description/share/so_arm_description/meshes/base_so101_v2.stl
[3.308s] -- Installing: /home/allen/lerobot_yu/so-arm_moveit_isaacsim_ws/install/so_arm_description/share/so_arm_description/meshes/sts3215_03a_v1.stl
[3.310s] -- Installing: /home/allen/lerobot_yu/so-arm_moveit_isaacsim_ws/install/so_arm_description/share/so_arm_description/meshes/motor_holder_so101_wrist_v1.stl
[3.312s] -- Installing: /home/allen/lerobot_yu/so-arm_moveit_isaacsim_ws/install/so_arm_description/share/so_arm_description/meshes/base_motor_holder_so101_v1.stl
[3.315s] -- Installing: /home/allen/lerobot_yu/so-arm_moveit_isaacsim_ws/install/so_arm_description/share/so_arm_description/meshes/moving_jaw_so101_v1.stl
[3.318s] -- Installing: /home/allen/lerobot_yu/so-arm_moveit_isaacsim_ws/install/so_arm_description/share/so_arm_description/config
[3.318s] -- Installing: /home/allen/lerobot_yu/so-arm_moveit_isaacsim_ws/install/so_arm_description/share/so_arm_description/config/joint_names_so_arm_urdf.yaml
[3.319s] -- Installing: /home/allen/lerobot_yu/so-arm_moveit_isaacsim_ws/install/so_arm_description/share/ament_index/resource_index/package_run_dependencies/so_arm_description
[3.319s] -- Installing: /home/allen/lerobot_yu/so-arm_moveit_isaacsim_ws/install/so_arm_description/share/ament_index/resource_index/parent_prefix_path/so_arm_description
[3.319s] -- Installing: /home/allen/lerobot_yu/so-arm_moveit_isaacsim_ws/install/so_arm_description/share/so_arm_description/environment/ament_prefix_path.sh
[3.319s] -- Installing: /home/allen/lerobot_yu/so-arm_moveit_isaacsim_ws/install/so_arm_description/share/so_arm_description/environment/ament_prefix_path.dsv
[3.319s] -- Installing: /home/allen/lerobot_yu/so-arm_moveit_isaacsim_ws/install/so_arm_description/share/so_arm_description/environment/path.sh
[3.320s] -- Installing: /home/allen/lerobot_yu/so-arm_moveit_isaacsim_ws/install/so_arm_description/share/so_arm_description/environment/path.dsv
[3.320s] -- Installing: /home/allen/lerobot_yu/so-arm_moveit_isaacsim_ws/install/so_arm_description/share/so_arm_description/local_setup.bash
[3.320s] -- Installing: /home/allen/lerobot_yu/so-arm_moveit_isaacsim_ws/install/so_arm_description/share/so_arm_description/local_setup.sh
[3.320s] -- Installing: /home/allen/lerobot_yu/so-arm_moveit_isaacsim_ws/install/so_arm_description/share/so_arm_description/local_setup.zsh
[3.320s] -- Installing: /home/allen/lerobot_yu/so-arm_moveit_isaacsim_ws/install/so_arm_description/share/so_arm_description/local_setup.dsv
[3.320s] -- Installing: /home/allen/lerobot_yu/so-arm_moveit_isaacsim_ws/install/so_arm_description/share/so_arm_description/package.dsv
[3.320s] -- Installing: /home/allen/lerobot_yu/so-arm_moveit_isaacsim_ws/install/so_arm_description/share/ament_index/resource_index/packages/so_arm_description
[3.320s] -- Installing: /home/allen/lerobot_yu/so-arm_moveit_isaacsim_ws/install/so_arm_description/share/so_arm_description/cmake/so_arm_descriptionConfig.cmake
[3.321s] -- Installing: /home/allen/lerobot_yu/so-arm_moveit_isaacsim_ws/install/so_arm_description/share/so_arm_description/cmake/so_arm_descriptionConfig-version.cmake
[3.321s] -- Installing: /home/allen/lerobot_yu/so-arm_moveit_isaacsim_ws/install/so_arm_description/share/so_arm_description/package.xml
[3.322s] Invoked command in '/home/allen/lerobot_yu/so-arm_moveit_isaacsim_ws/build/so_arm_description' returned '0': CMAKE_PREFIX_PATH=${CMAKE_PREFIX_PATH}:/home/allen/ws_moveit2/install/moveit_configs_utils:/home/allen/ws_moveit2/install/launch_param_builder:/opt/ros/humble /usr/bin/cmake --install /home/allen/lerobot_yu/so-arm_moveit_isaacsim_ws/build/so_arm_description
