[0.016s] Invoking command in '/home/allen/lerobot_yu/so-arm_moveit_isaacsim_ws/build/gripper_joint_state': CMAKE_PREFIX_PATH=${CMAKE_PREFIX_PATH}:/home/allen/ws_moveit2/install/moveit_configs_utils:/home/allen/ws_moveit2/install/launch_param_builder:/opt/ros/humble /usr/bin/cmake /home/allen/lerobot_yu/so-arm_moveit_isaacsim_ws/src/gripper_joint_state -DCMAKE_INSTALL_PREFIX=/home/allen/lerobot_yu/so-arm_moveit_isaacsim_ws/install/gripper_joint_state
[0.113s] -- The C compiler identification is GNU 11.4.0
[0.524s] -- The CXX compiler identification is GNU 11.4.0
[0.917s] -- Detecting C compiler ABI info
[1.053s] -- Detecting C compiler ABI info - done
[1.057s] -- Check for working C compiler: /usr/bin/cc - skipped
[1.057s] -- Detecting C compile features
[1.057s] -- Detecting C compile features - done
[1.059s] -- Detecting CXX compiler ABI info
[1.200s] -- Detecting CXX compiler ABI info - done
[1.204s] -- Check for working CXX compiler: /usr/bin/c++ - skipped
[1.204s] -- Detecting CXX compile features
[1.204s] -- Detecting CXX compile features - done
[1.208s] -- Found ament_cmake: 1.3.11 (/opt/ros/humble/share/ament_cmake/cmake)
[1.313s] -- Found Python3: /usr/bin/python3 (found version "3.10.12") found components: Interpreter 
[1.440s] -- Configuring done
[1.443s] -- Generating done
[1.444s] -- Build files have been written to: /home/allen/lerobot_yu/so-arm_moveit_isaacsim_ws/build/gripper_joint_state
[1.448s] Invoked command in '/home/allen/lerobot_yu/so-arm_moveit_isaacsim_ws/build/gripper_joint_state' returned '0': CMAKE_PREFIX_PATH=${CMAKE_PREFIX_PATH}:/home/allen/ws_moveit2/install/moveit_configs_utils:/home/allen/ws_moveit2/install/launch_param_builder:/opt/ros/humble /usr/bin/cmake /home/allen/lerobot_yu/so-arm_moveit_isaacsim_ws/src/gripper_joint_state -DCMAKE_INSTALL_PREFIX=/home/allen/lerobot_yu/so-arm_moveit_isaacsim_ws/install/gripper_joint_state
[1.449s] Invoking command in '/home/allen/lerobot_yu/so-arm_moveit_isaacsim_ws/build/gripper_joint_state': CMAKE_PREFIX_PATH=${CMAKE_PREFIX_PATH}:/home/allen/ws_moveit2/install/moveit_configs_utils:/home/allen/ws_moveit2/install/launch_param_builder:/opt/ros/humble /usr/bin/cmake --build /home/allen/lerobot_yu/so-arm_moveit_isaacsim_ws/build/gripper_joint_state -- -j20 -l20
[1.479s] Invoked command in '/home/allen/lerobot_yu/so-arm_moveit_isaacsim_ws/build/gripper_joint_state' returned '0': CMAKE_PREFIX_PATH=${CMAKE_PREFIX_PATH}:/home/allen/ws_moveit2/install/moveit_configs_utils:/home/allen/ws_moveit2/install/launch_param_builder:/opt/ros/humble /usr/bin/cmake --build /home/allen/lerobot_yu/so-arm_moveit_isaacsim_ws/build/gripper_joint_state -- -j20 -l20
[1.487s] Invoking command in '/home/allen/lerobot_yu/so-arm_moveit_isaacsim_ws/build/gripper_joint_state': CMAKE_PREFIX_PATH=${CMAKE_PREFIX_PATH}:/home/allen/ws_moveit2/install/moveit_configs_utils:/home/allen/ws_moveit2/install/launch_param_builder:/opt/ros/humble /usr/bin/cmake --install /home/allen/lerobot_yu/so-arm_moveit_isaacsim_ws/build/gripper_joint_state
[1.494s] -- Install configuration: ""
[1.494s] -- Installing: /home/allen/lerobot_yu/so-arm_moveit_isaacsim_ws/install/gripper_joint_state/share/gripper_joint_state//scripts
[1.494s] -- Installing: /home/allen/lerobot_yu/so-arm_moveit_isaacsim_ws/install/gripper_joint_state/share/gripper_joint_state//scripts/convertor.py
[1.494s] -- Installing: /home/allen/lerobot_yu/so-arm_moveit_isaacsim_ws/install/gripper_joint_state/share/gripper_joint_state//launch
[1.494s] -- Installing: /home/allen/lerobot_yu/so-arm_moveit_isaacsim_ws/install/gripper_joint_state/share/gripper_joint_state//launch/topic_convertor.launch.py
[1.495s] -- Installing: /home/allen/lerobot_yu/so-arm_moveit_isaacsim_ws/install/gripper_joint_state/lib/gripper_joint_state/convertor.py
[1.495s] -- Installing: /home/allen/lerobot_yu/so-arm_moveit_isaacsim_ws/install/gripper_joint_state/lib/gripper_joint_state/topic_convertor.launch.py
[1.495s] -- Installing: /home/allen/lerobot_yu/so-arm_moveit_isaacsim_ws/install/gripper_joint_state/share/ament_index/resource_index/package_run_dependencies/gripper_joint_state
[1.496s] -- Installing: /home/allen/lerobot_yu/so-arm_moveit_isaacsim_ws/install/gripper_joint_state/share/ament_index/resource_index/parent_prefix_path/gripper_joint_state
[1.496s] -- Installing: /home/allen/lerobot_yu/so-arm_moveit_isaacsim_ws/install/gripper_joint_state/share/gripper_joint_state/environment/ament_prefix_path.sh
[1.496s] -- Installing: /home/allen/lerobot_yu/so-arm_moveit_isaacsim_ws/install/gripper_joint_state/share/gripper_joint_state/environment/ament_prefix_path.dsv
[1.496s] -- Installing: /home/allen/lerobot_yu/so-arm_moveit_isaacsim_ws/install/gripper_joint_state/share/gripper_joint_state/environment/path.sh
[1.496s] -- Installing: /home/allen/lerobot_yu/so-arm_moveit_isaacsim_ws/install/gripper_joint_state/share/gripper_joint_state/environment/path.dsv
[1.496s] -- Installing: /home/allen/lerobot_yu/so-arm_moveit_isaacsim_ws/install/gripper_joint_state/share/gripper_joint_state/local_setup.bash
[1.496s] -- Installing: /home/allen/lerobot_yu/so-arm_moveit_isaacsim_ws/install/gripper_joint_state/share/gripper_joint_state/local_setup.sh
[1.496s] -- Installing: /home/allen/lerobot_yu/so-arm_moveit_isaacsim_ws/install/gripper_joint_state/share/gripper_joint_state/local_setup.zsh
[1.497s] -- Installing: /home/allen/lerobot_yu/so-arm_moveit_isaacsim_ws/install/gripper_joint_state/share/gripper_joint_state/local_setup.dsv
[1.497s] -- Installing: /home/allen/lerobot_yu/so-arm_moveit_isaacsim_ws/install/gripper_joint_state/share/gripper_joint_state/package.dsv
[1.497s] -- Installing: /home/allen/lerobot_yu/so-arm_moveit_isaacsim_ws/install/gripper_joint_state/share/ament_index/resource_index/packages/gripper_joint_state
[1.497s] -- Installing: /home/allen/lerobot_yu/so-arm_moveit_isaacsim_ws/install/gripper_joint_state/share/gripper_joint_state/cmake/gripper_joint_stateConfig.cmake
[1.497s] -- Installing: /home/allen/lerobot_yu/so-arm_moveit_isaacsim_ws/install/gripper_joint_state/share/gripper_joint_state/cmake/gripper_joint_stateConfig-version.cmake
[1.497s] -- Installing: /home/allen/lerobot_yu/so-arm_moveit_isaacsim_ws/install/gripper_joint_state/share/gripper_joint_state/package.xml
[1.499s] Invoked command in '/home/allen/lerobot_yu/so-arm_moveit_isaacsim_ws/build/gripper_joint_state' returned '0': CMAKE_PREFIX_PATH=${CMAKE_PREFIX_PATH}:/home/allen/ws_moveit2/install/moveit_configs_utils:/home/allen/ws_moveit2/install/launch_param_builder:/opt/ros/humble /usr/bin/cmake --install /home/allen/lerobot_yu/so-arm_moveit_isaacsim_ws/build/gripper_joint_state
