[0.012s] Invoking command in '/home/allen/lerobot_yu/so-arm_moveit_isaacsim_ws/build/so_arm_teleop': /usr/bin/cmake --build /home/allen/lerobot_yu/so-arm_moveit_isaacsim_ws/build/so_arm_teleop -- -j20 -l20
[0.035s] -- Found ament_cmake: 1.3.11 (/opt/ros/humble/share/ament_cmake/cmake)
[0.139s] -- Found rclpy: 3.3.16 (/opt/ros/humble/share/rclpy/cmake)
[0.140s] -- Found geometry_msgs: 4.9.0 (/opt/ros/humble/share/geometry_msgs/cmake)
[0.278s] -- Found rosidl_generator_c: 3.1.6 (/opt/ros/humble/share/rosidl_generator_c/cmake)
[0.281s] -- Found rosidl_adapter: 3.1.6 (/opt/ros/humble/share/rosidl_adapter/cmake)
[0.288s] -- Found rosidl_generator_cpp: 3.1.6 (/opt/ros/humble/share/rosidl_generator_cpp/cmake)
[0.300s] -- Using all available rosidl_typesupport_c: rosidl_typesupport_fastrtps_c;rosidl_typesupport_introspection_c
[0.314s] -- Using all available rosidl_typesupport_cpp: rosidl_typesupport_fastrtps_cpp;rosidl_typesupport_introspection_cpp
[0.396s] -- Configuring done
[0.399s] -- Generating done
[0.401s] -- Build files have been written to: /home/allen/lerobot_yu/so-arm_moveit_isaacsim_ws/build/so_arm_teleop
[0.420s] Invoked command in '/home/allen/lerobot_yu/so-arm_moveit_isaacsim_ws/build/so_arm_teleop' returned '0': /usr/bin/cmake --build /home/allen/lerobot_yu/so-arm_moveit_isaacsim_ws/build/so_arm_teleop -- -j20 -l20
[0.428s] Invoking command in '/home/allen/lerobot_yu/so-arm_moveit_isaacsim_ws/build/so_arm_teleop': /usr/bin/cmake --install /home/allen/lerobot_yu/so-arm_moveit_isaacsim_ws/build/so_arm_teleop
[0.434s] -- Install configuration: ""
[0.434s] -- Installing: /home/allen/lerobot_yu/so-arm_moveit_isaacsim_ws/install/so_arm_teleop/lib/so_arm_teleop/keyboard_teleop.py
[0.435s] -- Up-to-date: /home/allen/lerobot_yu/so-arm_moveit_isaacsim_ws/install/so_arm_teleop/share/so_arm_teleop/launch
[0.435s] -- Installing: /home/allen/lerobot_yu/so-arm_moveit_isaacsim_ws/install/so_arm_teleop/share/so_arm_teleop/launch/teleop_servo.launch.py
[0.435s] -- Up-to-date: /home/allen/lerobot_yu/so-arm_moveit_isaacsim_ws/install/so_arm_teleop/share/so_arm_teleop/config
[0.435s] -- Up-to-date: /home/allen/lerobot_yu/so-arm_moveit_isaacsim_ws/install/so_arm_teleop/share/so_arm_teleop/config/servo.yaml
[0.435s] -- Installing: /home/allen/lerobot_yu/so-arm_moveit_isaacsim_ws/install/so_arm_teleop/share/ament_index/resource_index/package_run_dependencies/so_arm_teleop
[0.435s] -- Up-to-date: /home/allen/lerobot_yu/so-arm_moveit_isaacsim_ws/install/so_arm_teleop/share/ament_index/resource_index/parent_prefix_path/so_arm_teleop
[0.435s] -- Up-to-date: /home/allen/lerobot_yu/so-arm_moveit_isaacsim_ws/install/so_arm_teleop/share/so_arm_teleop/environment/ament_prefix_path.sh
[0.435s] -- Installing: /home/allen/lerobot_yu/so-arm_moveit_isaacsim_ws/install/so_arm_teleop/share/so_arm_teleop/environment/ament_prefix_path.dsv
[0.435s] -- Up-to-date: /home/allen/lerobot_yu/so-arm_moveit_isaacsim_ws/install/so_arm_teleop/share/so_arm_teleop/environment/path.sh
[0.436s] -- Installing: /home/allen/lerobot_yu/so-arm_moveit_isaacsim_ws/install/so_arm_teleop/share/so_arm_teleop/environment/path.dsv
[0.436s] -- Up-to-date: /home/allen/lerobot_yu/so-arm_moveit_isaacsim_ws/install/so_arm_teleop/share/so_arm_teleop/local_setup.bash
[0.436s] -- Up-to-date: /home/allen/lerobot_yu/so-arm_moveit_isaacsim_ws/install/so_arm_teleop/share/so_arm_teleop/local_setup.sh
[0.436s] -- Up-to-date: /home/allen/lerobot_yu/so-arm_moveit_isaacsim_ws/install/so_arm_teleop/share/so_arm_teleop/local_setup.zsh
[0.436s] -- Installing: /home/allen/lerobot_yu/so-arm_moveit_isaacsim_ws/install/so_arm_teleop/share/so_arm_teleop/local_setup.dsv
[0.436s] -- Installing: /home/allen/lerobot_yu/so-arm_moveit_isaacsim_ws/install/so_arm_teleop/share/so_arm_teleop/package.dsv
[0.436s] -- Up-to-date: /home/allen/lerobot_yu/so-arm_moveit_isaacsim_ws/install/so_arm_teleop/share/ament_index/resource_index/packages/so_arm_teleop
[0.436s] -- Up-to-date: /home/allen/lerobot_yu/so-arm_moveit_isaacsim_ws/install/so_arm_teleop/share/so_arm_teleop/cmake/so_arm_teleopConfig.cmake
[0.436s] -- Up-to-date: /home/allen/lerobot_yu/so-arm_moveit_isaacsim_ws/install/so_arm_teleop/share/so_arm_teleop/cmake/so_arm_teleopConfig-version.cmake
[0.436s] -- Installing: /home/allen/lerobot_yu/so-arm_moveit_isaacsim_ws/install/so_arm_teleop/share/so_arm_teleop/package.xml
[0.438s] Invoked command in '/home/allen/lerobot_yu/so-arm_moveit_isaacsim_ws/build/so_arm_teleop' returned '0': /usr/bin/cmake --install /home/allen/lerobot_yu/so-arm_moveit_isaacsim_ws/build/so_arm_teleop
