-- Install configuration: ""
-- Up-to-date: /home/allen/lerobot_yu/so-arm_moveit_isaacsim_ws/install/so_arm_description/share/so_arm_description/urdf
-- Up-to-date: /home/allen/lerobot_yu/so-arm_moveit_isaacsim_ws/install/so_arm_description/share/so_arm_description/urdf/so101_new_calib.urdf
-- Up-to-date: /home/allen/lerobot_yu/so-arm_moveit_isaacsim_ws/install/so_arm_description/share/so_arm_description/meshes
-- Up-to-date: /home/allen/lerobot_yu/so-arm_moveit_isaacsim_ws/install/so_arm_description/share/so_arm_description/meshes/rotation_pitch_so101_v1.stl
-- Up-to-date: /home/allen/lerobot_yu/so-arm_moveit_isaacsim_ws/install/so_arm_description/share/so_arm_description/meshes/sts3215_03a_no_horn_v1.stl
-- Up-to-date: /home/allen/lerobot_yu/so-arm_moveit_isaacsim_ws/install/so_arm_description/share/so_arm_description/meshes/under_arm_so101_v1.stl
-- Up-to-date: /home/allen/lerobot_yu/so-arm_moveit_isaacsim_ws/install/so_arm_description/share/so_arm_description/meshes/motor_holder_so101_base_v1.stl
-- Up-to-date: /home/allen/lerobot_yu/so-arm_moveit_isaacsim_ws/install/so_arm_description/share/so_arm_description/meshes/wrist_roll_follower_so101_v1.stl
-- Up-to-date: /home/allen/lerobot_yu/so-arm_moveit_isaacsim_ws/install/so_arm_description/share/so_arm_description/meshes/upper_arm_so101_v1.stl
-- Up-to-date: /home/allen/lerobot_yu/so-arm_moveit_isaacsim_ws/install/so_arm_description/share/so_arm_description/meshes/wrist_roll_pitch_so101_v2.stl
-- Up-to-date: /home/allen/lerobot_yu/so-arm_moveit_isaacsim_ws/install/so_arm_description/share/so_arm_description/meshes/waveshare_mounting_plate_so101_v2.stl
-- Up-to-date: /home/allen/lerobot_yu/so-arm_moveit_isaacsim_ws/install/so_arm_description/share/so_arm_description/meshes/base_so101_v2.stl
-- Up-to-date: /home/allen/lerobot_yu/so-arm_moveit_isaacsim_ws/install/so_arm_description/share/so_arm_description/meshes/sts3215_03a_v1.stl
-- Up-to-date: /home/allen/lerobot_yu/so-arm_moveit_isaacsim_ws/install/so_arm_description/share/so_arm_description/meshes/motor_holder_so101_wrist_v1.stl
-- Up-to-date: /home/allen/lerobot_yu/so-arm_moveit_isaacsim_ws/install/so_arm_description/share/so_arm_description/meshes/base_motor_holder_so101_v1.stl
-- Up-to-date: /home/allen/lerobot_yu/so-arm_moveit_isaacsim_ws/install/so_arm_description/share/so_arm_description/meshes/moving_jaw_so101_v1.stl
-- Up-to-date: /home/allen/lerobot_yu/so-arm_moveit_isaacsim_ws/install/so_arm_description/share/so_arm_description/config
-- Up-to-date: /home/allen/lerobot_yu/so-arm_moveit_isaacsim_ws/install/so_arm_description/share/so_arm_description/config/joint_names_so_arm_urdf.yaml
-- Up-to-date: /home/allen/lerobot_yu/so-arm_moveit_isaacsim_ws/install/so_arm_description/share/ament_index/resource_index/package_run_dependencies/so_arm_description
-- Up-to-date: /home/allen/lerobot_yu/so-arm_moveit_isaacsim_ws/install/so_arm_description/share/ament_index/resource_index/parent_prefix_path/so_arm_description
-- Up-to-date: /home/allen/lerobot_yu/so-arm_moveit_isaacsim_ws/install/so_arm_description/share/so_arm_description/environment/ament_prefix_path.sh
-- Up-to-date: /home/allen/lerobot_yu/so-arm_moveit_isaacsim_ws/install/so_arm_description/share/so_arm_description/environment/ament_prefix_path.dsv
-- Up-to-date: /home/allen/lerobot_yu/so-arm_moveit_isaacsim_ws/install/so_arm_description/share/so_arm_description/environment/path.sh
-- Up-to-date: /home/allen/lerobot_yu/so-arm_moveit_isaacsim_ws/install/so_arm_description/share/so_arm_description/environment/path.dsv
-- Up-to-date: /home/allen/lerobot_yu/so-arm_moveit_isaacsim_ws/install/so_arm_description/share/so_arm_description/local_setup.bash
-- Up-to-date: /home/allen/lerobot_yu/so-arm_moveit_isaacsim_ws/install/so_arm_description/share/so_arm_description/local_setup.sh
-- Up-to-date: /home/allen/lerobot_yu/so-arm_moveit_isaacsim_ws/install/so_arm_description/share/so_arm_description/local_setup.zsh
-- Up-to-date: /home/allen/lerobot_yu/so-arm_moveit_isaacsim_ws/install/so_arm_description/share/so_arm_description/local_setup.dsv
-- Installing: /home/allen/lerobot_yu/so-arm_moveit_isaacsim_ws/install/so_arm_description/share/so_arm_description/package.dsv
-- Up-to-date: /home/allen/lerobot_yu/so-arm_moveit_isaacsim_ws/install/so_arm_description/share/ament_index/resource_index/packages/so_arm_description
-- Up-to-date: /home/allen/lerobot_yu/so-arm_moveit_isaacsim_ws/install/so_arm_description/share/so_arm_description/cmake/so_arm_descriptionConfig.cmake
-- Up-to-date: /home/allen/lerobot_yu/so-arm_moveit_isaacsim_ws/install/so_arm_description/share/so_arm_description/cmake/so_arm_descriptionConfig-version.cmake
-- Up-to-date: /home/allen/lerobot_yu/so-arm_moveit_isaacsim_ws/install/so_arm_description/share/so_arm_description/package.xml
