[0.172s] DEBUG:colcon:Command line arguments: ['/usr/bin/colcon', 'build']
[0.172s] DEBUG:colcon:Parsed command line arguments: Namespace(log_base=None, log_level=None, verb_name='build', build_base='build', install_base='install', merge_install=False, symlink_install=False, test_result_base=None, continue_on_error=False, executor='parallel', parallel_workers=20, event_handlers=None, ignore_user_meta=False, metas=['./colcon.meta'], base_paths=['.'], packages_ignore=None, packages_ignore_regex=None, paths=None, packages_up_to=None, packages_up_to_regex=None, packages_above=None, packages_above_and_dependencies=None, packages_above_depth=None, packages_select_by_dep=None, packages_skip_by_dep=None, packages_skip_up_to=None, packages_select_build_failed=False, packages_skip_build_finished=False, packages_select_test_failures=False, packages_skip_test_passed=False, packages_select=None, packages_skip=None, packages_select_regex=None, packages_skip_regex=None, packages_start=None, packages_end=None, allow_overriding=[], cmake_args=None, cmake_target=None, cmake_target_skip_unavailable=False, cmake_clean_cache=False, cmake_clean_first=False, cmake_force_configure=False, ament_cmake_args=None, catkin_cmake_args=None, catkin_skip_building_tests=False, verb_parser=<colcon_defaults.argument_parser.defaults.DefaultArgumentsDecorator object at 0x722f5d14cfd0>, verb_extension=<colcon_core.verb.build.BuildVerb object at 0x722f5d14ca90>, main=<bound method BuildVerb.main of <colcon_core.verb.build.BuildVerb object at 0x722f5d14ca90>>)
[0.268s] Level 1:colcon.colcon_core.package_discovery:discover_packages(colcon_meta) check parameters
[0.269s] Level 1:colcon.colcon_core.package_discovery:discover_packages(recursive) check parameters
[0.269s] Level 1:colcon.colcon_core.package_discovery:discover_packages(ignore) check parameters
[0.269s] Level 1:colcon.colcon_core.package_discovery:discover_packages(path) check parameters
[0.269s] Level 1:colcon.colcon_core.package_discovery:discover_packages(colcon_meta) discover
[0.269s] Level 1:colcon.colcon_core.package_discovery:discover_packages(recursive) discover
[0.269s] INFO:colcon.colcon_core.package_discovery:Crawling recursively for packages in '/home/allen/lerobot_yu/so-arm_moveit_isaacsim_ws'
[0.269s] Level 1:colcon.colcon_core.package_identification:_identify(.) by extensions ['ignore', 'ignore_ament_install']
[0.269s] Level 1:colcon.colcon_core.package_identification:_identify(.) by extension 'ignore'
[0.269s] Level 1:colcon.colcon_core.package_identification:_identify(.) by extension 'ignore_ament_install'
[0.269s] Level 1:colcon.colcon_core.package_identification:_identify(.) by extensions ['colcon_pkg']
[0.269s] Level 1:colcon.colcon_core.package_identification:_identify(.) by extension 'colcon_pkg'
[0.269s] Level 1:colcon.colcon_core.package_identification:_identify(.) by extensions ['colcon_meta']
[0.269s] Level 1:colcon.colcon_core.package_identification:_identify(.) by extension 'colcon_meta'
[0.269s] Level 1:colcon.colcon_core.package_identification:_identify(.) by extensions ['ros']
[0.269s] Level 1:colcon.colcon_core.package_identification:_identify(.) by extension 'ros'
[0.276s] Level 1:colcon.colcon_core.package_identification:_identify(.) by extensions ['cmake', 'python']
[0.276s] Level 1:colcon.colcon_core.package_identification:_identify(.) by extension 'cmake'
[0.276s] Level 1:colcon.colcon_core.package_identification:_identify(.) by extension 'python'
[0.276s] Level 1:colcon.colcon_core.package_identification:_identify(.) by extensions ['python_setup_py']
[0.276s] Level 1:colcon.colcon_core.package_identification:_identify(.) by extension 'python_setup_py'
[0.276s] Level 1:colcon.colcon_core.package_identification:_identify(build) by extensions ['ignore', 'ignore_ament_install']
[0.277s] Level 1:colcon.colcon_core.package_identification:_identify(build) by extension 'ignore'
[0.277s] Level 1:colcon.colcon_core.package_identification:_identify(build) ignored
[0.277s] Level 1:colcon.colcon_core.package_identification:_identify(install) by extensions ['ignore', 'ignore_ament_install']
[0.277s] Level 1:colcon.colcon_core.package_identification:_identify(install) by extension 'ignore'
[0.277s] Level 1:colcon.colcon_core.package_identification:_identify(install) ignored
[0.277s] Level 1:colcon.colcon_core.package_identification:_identify(log) by extensions ['ignore', 'ignore_ament_install']
[0.277s] Level 1:colcon.colcon_core.package_identification:_identify(log) by extension 'ignore'
[0.277s] Level 1:colcon.colcon_core.package_identification:_identify(log) ignored
[0.277s] Level 1:colcon.colcon_core.package_identification:_identify(src) by extensions ['ignore', 'ignore_ament_install']
[0.277s] Level 1:colcon.colcon_core.package_identification:_identify(src) by extension 'ignore'
[0.277s] Level 1:colcon.colcon_core.package_identification:_identify(src) by extension 'ignore_ament_install'
[0.277s] Level 1:colcon.colcon_core.package_identification:_identify(src) by extensions ['colcon_pkg']
[0.277s] Level 1:colcon.colcon_core.package_identification:_identify(src) by extension 'colcon_pkg'
[0.277s] Level 1:colcon.colcon_core.package_identification:_identify(src) by extensions ['colcon_meta']
[0.277s] Level 1:colcon.colcon_core.package_identification:_identify(src) by extension 'colcon_meta'
[0.277s] Level 1:colcon.colcon_core.package_identification:_identify(src) by extensions ['ros']
[0.277s] Level 1:colcon.colcon_core.package_identification:_identify(src) by extension 'ros'
[0.277s] Level 1:colcon.colcon_core.package_identification:_identify(src) by extensions ['cmake', 'python']
[0.277s] Level 1:colcon.colcon_core.package_identification:_identify(src) by extension 'cmake'
[0.277s] Level 1:colcon.colcon_core.package_identification:_identify(src) by extension 'python'
[0.277s] Level 1:colcon.colcon_core.package_identification:_identify(src) by extensions ['python_setup_py']
[0.277s] Level 1:colcon.colcon_core.package_identification:_identify(src) by extension 'python_setup_py'
[0.277s] Level 1:colcon.colcon_core.package_identification:_identify(src/gripper_joint_state) by extensions ['ignore', 'ignore_ament_install']
[0.277s] Level 1:colcon.colcon_core.package_identification:_identify(src/gripper_joint_state) by extension 'ignore'
[0.277s] Level 1:colcon.colcon_core.package_identification:_identify(src/gripper_joint_state) by extension 'ignore_ament_install'
[0.277s] Level 1:colcon.colcon_core.package_identification:_identify(src/gripper_joint_state) by extensions ['colcon_pkg']
[0.277s] Level 1:colcon.colcon_core.package_identification:_identify(src/gripper_joint_state) by extension 'colcon_pkg'
[0.277s] Level 1:colcon.colcon_core.package_identification:_identify(src/gripper_joint_state) by extensions ['colcon_meta']
[0.277s] Level 1:colcon.colcon_core.package_identification:_identify(src/gripper_joint_state) by extension 'colcon_meta'
[0.277s] Level 1:colcon.colcon_core.package_identification:_identify(src/gripper_joint_state) by extensions ['ros']
[0.277s] Level 1:colcon.colcon_core.package_identification:_identify(src/gripper_joint_state) by extension 'ros'
[0.279s] DEBUG:colcon.colcon_core.package_identification:Package 'src/gripper_joint_state' with type 'ros.ament_cmake' and name 'gripper_joint_state'
[0.279s] Level 1:colcon.colcon_core.package_identification:_identify(src/moveit_servo) by extensions ['ignore', 'ignore_ament_install']
[0.279s] Level 1:colcon.colcon_core.package_identification:_identify(src/moveit_servo) by extension 'ignore'
[0.279s] Level 1:colcon.colcon_core.package_identification:_identify(src/moveit_servo) by extension 'ignore_ament_install'
[0.279s] Level 1:colcon.colcon_core.package_identification:_identify(src/moveit_servo) by extensions ['colcon_pkg']
[0.279s] Level 1:colcon.colcon_core.package_identification:_identify(src/moveit_servo) by extension 'colcon_pkg'
[0.279s] Level 1:colcon.colcon_core.package_identification:_identify(src/moveit_servo) by extensions ['colcon_meta']
[0.279s] Level 1:colcon.colcon_core.package_identification:_identify(src/moveit_servo) by extension 'colcon_meta'
[0.279s] Level 1:colcon.colcon_core.package_identification:_identify(src/moveit_servo) by extensions ['ros']
[0.279s] Level 1:colcon.colcon_core.package_identification:_identify(src/moveit_servo) by extension 'ros'
[0.280s] DEBUG:colcon.colcon_core.package_identification:Package 'src/moveit_servo' with type 'ros.ament_cmake' and name 'moveit_servo'
[0.280s] Level 1:colcon.colcon_core.package_identification:_identify(src/so_arm_description) by extensions ['ignore', 'ignore_ament_install']
[0.281s] Level 1:colcon.colcon_core.package_identification:_identify(src/so_arm_description) by extension 'ignore'
[0.281s] Level 1:colcon.colcon_core.package_identification:_identify(src/so_arm_description) by extension 'ignore_ament_install'
[0.281s] Level 1:colcon.colcon_core.package_identification:_identify(src/so_arm_description) by extensions ['colcon_pkg']
[0.281s] Level 1:colcon.colcon_core.package_identification:_identify(src/so_arm_description) by extension 'colcon_pkg'
[0.281s] Level 1:colcon.colcon_core.package_identification:_identify(src/so_arm_description) by extensions ['colcon_meta']
[0.281s] Level 1:colcon.colcon_core.package_identification:_identify(src/so_arm_description) by extension 'colcon_meta'
[0.281s] Level 1:colcon.colcon_core.package_identification:_identify(src/so_arm_description) by extensions ['ros']
[0.281s] Level 1:colcon.colcon_core.package_identification:_identify(src/so_arm_description) by extension 'ros'
[0.281s] DEBUG:colcon.colcon_core.package_identification:Package 'src/so_arm_description' with type 'ros.ament_cmake' and name 'so_arm_description'
[0.281s] Level 1:colcon.colcon_core.package_identification:_identify(src/so_arm_moveit_config) by extensions ['ignore', 'ignore_ament_install']
[0.281s] Level 1:colcon.colcon_core.package_identification:_identify(src/so_arm_moveit_config) by extension 'ignore'
[0.281s] Level 1:colcon.colcon_core.package_identification:_identify(src/so_arm_moveit_config) by extension 'ignore_ament_install'
[0.281s] Level 1:colcon.colcon_core.package_identification:_identify(src/so_arm_moveit_config) by extensions ['colcon_pkg']
[0.281s] Level 1:colcon.colcon_core.package_identification:_identify(src/so_arm_moveit_config) by extension 'colcon_pkg'
[0.281s] Level 1:colcon.colcon_core.package_identification:_identify(src/so_arm_moveit_config) by extensions ['colcon_meta']
[0.281s] Level 1:colcon.colcon_core.package_identification:_identify(src/so_arm_moveit_config) by extension 'colcon_meta'
[0.281s] Level 1:colcon.colcon_core.package_identification:_identify(src/so_arm_moveit_config) by extensions ['ros']
[0.281s] Level 1:colcon.colcon_core.package_identification:_identify(src/so_arm_moveit_config) by extension 'ros'
[0.282s] DEBUG:colcon.colcon_core.package_identification:Package 'src/so_arm_moveit_config' with type 'ros.ament_cmake' and name 'so_arm_moveit_config'
[0.282s] Level 1:colcon.colcon_core.package_identification:_identify(src/so_arm_teleop) by extensions ['ignore', 'ignore_ament_install']
[0.282s] Level 1:colcon.colcon_core.package_identification:_identify(src/so_arm_teleop) by extension 'ignore'
[0.282s] Level 1:colcon.colcon_core.package_identification:_identify(src/so_arm_teleop) by extension 'ignore_ament_install'
[0.282s] Level 1:colcon.colcon_core.package_identification:_identify(src/so_arm_teleop) by extensions ['colcon_pkg']
[0.282s] Level 1:colcon.colcon_core.package_identification:_identify(src/so_arm_teleop) by extension 'colcon_pkg'
[0.282s] Level 1:colcon.colcon_core.package_identification:_identify(src/so_arm_teleop) by extensions ['colcon_meta']
[0.282s] Level 1:colcon.colcon_core.package_identification:_identify(src/so_arm_teleop) by extension 'colcon_meta'
[0.282s] Level 1:colcon.colcon_core.package_identification:_identify(src/so_arm_teleop) by extensions ['ros']
[0.282s] Level 1:colcon.colcon_core.package_identification:_identify(src/so_arm_teleop) by extension 'ros'
[0.282s] DEBUG:colcon.colcon_core.package_identification:Package 'src/so_arm_teleop' with type 'ros.catkin' and name 'so_arm_teleop'
[0.282s] Level 1:colcon.colcon_core.package_discovery:discover_packages(recursive) using defaults
[0.282s] Level 1:colcon.colcon_core.package_discovery:discover_packages(ignore) discover
[0.282s] Level 1:colcon.colcon_core.package_discovery:discover_packages(ignore) using defaults
[0.282s] Level 1:colcon.colcon_core.package_discovery:discover_packages(path) discover
[0.282s] Level 1:colcon.colcon_core.package_discovery:discover_packages(path) using defaults
[0.302s] Level 1:colcon.colcon_core.package_discovery:discover_packages(prefix_path) check parameters
[0.302s] Level 1:colcon.colcon_core.package_discovery:discover_packages(prefix_path) discover
[0.305s] DEBUG:colcon.colcon_installed_package_information.package_discovery:Found 55 installed packages in /home/allen/ws_moveit2/install
[0.306s] DEBUG:colcon.colcon_installed_package_information.package_discovery:Found 362 installed packages in /opt/ros/humble
[0.307s] Level 1:colcon.colcon_core.package_discovery:discover_packages(prefix_path) using defaults
[0.335s] WARNING:colcon.colcon_core.package_selection:Some selected packages are already built in one or more underlay workspaces:
	'moveit_servo' is in: /home/allen/ws_moveit2/install/moveit_servo
If a package in a merged underlay workspace is overridden and it installs headers, then all packages in the overlay must sort their include directories by workspace order. Failure to do so may result in build failures or undefined behavior at run time.
If the overridden package is used by another package in any underlay, then the overriding package in the overlay must be API and ABI compatible or undefined behavior at run time may occur.

If you understand the risks and want to override a package anyways, add the following to the command line:
	--allow-overriding moveit_servo

This may be promoted to an error in a future release of colcon-override-check.
[0.336s] Level 5:colcon.colcon_core.verb:set package 'gripper_joint_state' build argument 'cmake_args' from command line to 'None'
[0.336s] Level 5:colcon.colcon_core.verb:set package 'gripper_joint_state' build argument 'cmake_target' from command line to 'None'
[0.336s] Level 5:colcon.colcon_core.verb:set package 'gripper_joint_state' build argument 'cmake_target_skip_unavailable' from command line to 'False'
[0.336s] Level 5:colcon.colcon_core.verb:set package 'gripper_joint_state' build argument 'cmake_clean_cache' from command line to 'False'
[0.336s] Level 5:colcon.colcon_core.verb:set package 'gripper_joint_state' build argument 'cmake_clean_first' from command line to 'False'
[0.336s] Level 5:colcon.colcon_core.verb:set package 'gripper_joint_state' build argument 'cmake_force_configure' from command line to 'False'
[0.336s] Level 5:colcon.colcon_core.verb:set package 'gripper_joint_state' build argument 'ament_cmake_args' from command line to 'None'
[0.336s] Level 5:colcon.colcon_core.verb:set package 'gripper_joint_state' build argument 'catkin_cmake_args' from command line to 'None'
[0.336s] Level 5:colcon.colcon_core.verb:set package 'gripper_joint_state' build argument 'catkin_skip_building_tests' from command line to 'False'
[0.336s] DEBUG:colcon.colcon_core.verb:Building package 'gripper_joint_state' with the following arguments: {'ament_cmake_args': None, 'build_base': '/home/allen/lerobot_yu/so-arm_moveit_isaacsim_ws/build/gripper_joint_state', 'catkin_cmake_args': None, 'catkin_skip_building_tests': False, 'cmake_args': None, 'cmake_clean_cache': False, 'cmake_clean_first': False, 'cmake_force_configure': False, 'cmake_target': None, 'cmake_target_skip_unavailable': False, 'install_base': '/home/allen/lerobot_yu/so-arm_moveit_isaacsim_ws/install/gripper_joint_state', 'merge_install': False, 'path': '/home/allen/lerobot_yu/so-arm_moveit_isaacsim_ws/src/gripper_joint_state', 'symlink_install': False, 'test_result_base': None}
[0.336s] Level 5:colcon.colcon_core.verb:set package 'moveit_servo' build argument 'cmake_args' from command line to 'None'
[0.336s] Level 5:colcon.colcon_core.verb:set package 'moveit_servo' build argument 'cmake_target' from command line to 'None'
[0.336s] Level 5:colcon.colcon_core.verb:set package 'moveit_servo' build argument 'cmake_target_skip_unavailable' from command line to 'False'
[0.337s] Level 5:colcon.colcon_core.verb:set package 'moveit_servo' build argument 'cmake_clean_cache' from command line to 'False'
[0.337s] Level 5:colcon.colcon_core.verb:set package 'moveit_servo' build argument 'cmake_clean_first' from command line to 'False'
[0.337s] Level 5:colcon.colcon_core.verb:set package 'moveit_servo' build argument 'cmake_force_configure' from command line to 'False'
[0.337s] Level 5:colcon.colcon_core.verb:set package 'moveit_servo' build argument 'ament_cmake_args' from command line to 'None'
[0.337s] Level 5:colcon.colcon_core.verb:set package 'moveit_servo' build argument 'catkin_cmake_args' from command line to 'None'
[0.337s] Level 5:colcon.colcon_core.verb:set package 'moveit_servo' build argument 'catkin_skip_building_tests' from command line to 'False'
[0.337s] DEBUG:colcon.colcon_core.verb:Building package 'moveit_servo' with the following arguments: {'ament_cmake_args': None, 'build_base': '/home/allen/lerobot_yu/so-arm_moveit_isaacsim_ws/build/moveit_servo', 'catkin_cmake_args': None, 'catkin_skip_building_tests': False, 'cmake_args': None, 'cmake_clean_cache': False, 'cmake_clean_first': False, 'cmake_force_configure': False, 'cmake_target': None, 'cmake_target_skip_unavailable': False, 'install_base': '/home/allen/lerobot_yu/so-arm_moveit_isaacsim_ws/install/moveit_servo', 'merge_install': False, 'path': '/home/allen/lerobot_yu/so-arm_moveit_isaacsim_ws/src/moveit_servo', 'symlink_install': False, 'test_result_base': None}
[0.337s] Level 5:colcon.colcon_core.verb:set package 'so_arm_description' build argument 'cmake_args' from command line to 'None'
[0.337s] Level 5:colcon.colcon_core.verb:set package 'so_arm_description' build argument 'cmake_target' from command line to 'None'
[0.337s] Level 5:colcon.colcon_core.verb:set package 'so_arm_description' build argument 'cmake_target_skip_unavailable' from command line to 'False'
[0.337s] Level 5:colcon.colcon_core.verb:set package 'so_arm_description' build argument 'cmake_clean_cache' from command line to 'False'
[0.337s] Level 5:colcon.colcon_core.verb:set package 'so_arm_description' build argument 'cmake_clean_first' from command line to 'False'
[0.337s] Level 5:colcon.colcon_core.verb:set package 'so_arm_description' build argument 'cmake_force_configure' from command line to 'False'
[0.337s] Level 5:colcon.colcon_core.verb:set package 'so_arm_description' build argument 'ament_cmake_args' from command line to 'None'
[0.337s] Level 5:colcon.colcon_core.verb:set package 'so_arm_description' build argument 'catkin_cmake_args' from command line to 'None'
[0.337s] Level 5:colcon.colcon_core.verb:set package 'so_arm_description' build argument 'catkin_skip_building_tests' from command line to 'False'
[0.337s] DEBUG:colcon.colcon_core.verb:Building package 'so_arm_description' with the following arguments: {'ament_cmake_args': None, 'build_base': '/home/allen/lerobot_yu/so-arm_moveit_isaacsim_ws/build/so_arm_description', 'catkin_cmake_args': None, 'catkin_skip_building_tests': False, 'cmake_args': None, 'cmake_clean_cache': False, 'cmake_clean_first': False, 'cmake_force_configure': False, 'cmake_target': None, 'cmake_target_skip_unavailable': False, 'install_base': '/home/allen/lerobot_yu/so-arm_moveit_isaacsim_ws/install/so_arm_description', 'merge_install': False, 'path': '/home/allen/lerobot_yu/so-arm_moveit_isaacsim_ws/src/so_arm_description', 'symlink_install': False, 'test_result_base': None}
[0.337s] Level 5:colcon.colcon_core.verb:set package 'so_arm_moveit_config' build argument 'cmake_args' from command line to 'None'
[0.337s] Level 5:colcon.colcon_core.verb:set package 'so_arm_moveit_config' build argument 'cmake_target' from command line to 'None'
[0.337s] Level 5:colcon.colcon_core.verb:set package 'so_arm_moveit_config' build argument 'cmake_target_skip_unavailable' from command line to 'False'
[0.337s] Level 5:colcon.colcon_core.verb:set package 'so_arm_moveit_config' build argument 'cmake_clean_cache' from command line to 'False'
[0.337s] Level 5:colcon.colcon_core.verb:set package 'so_arm_moveit_config' build argument 'cmake_clean_first' from command line to 'False'
[0.337s] Level 5:colcon.colcon_core.verb:set package 'so_arm_moveit_config' build argument 'cmake_force_configure' from command line to 'False'
[0.337s] Level 5:colcon.colcon_core.verb:set package 'so_arm_moveit_config' build argument 'ament_cmake_args' from command line to 'None'
[0.337s] Level 5:colcon.colcon_core.verb:set package 'so_arm_moveit_config' build argument 'catkin_cmake_args' from command line to 'None'
[0.337s] Level 5:colcon.colcon_core.verb:set package 'so_arm_moveit_config' build argument 'catkin_skip_building_tests' from command line to 'False'
[0.337s] DEBUG:colcon.colcon_core.verb:Building package 'so_arm_moveit_config' with the following arguments: {'ament_cmake_args': None, 'build_base': '/home/allen/lerobot_yu/so-arm_moveit_isaacsim_ws/build/so_arm_moveit_config', 'catkin_cmake_args': None, 'catkin_skip_building_tests': False, 'cmake_args': None, 'cmake_clean_cache': False, 'cmake_clean_first': False, 'cmake_force_configure': False, 'cmake_target': None, 'cmake_target_skip_unavailable': False, 'install_base': '/home/allen/lerobot_yu/so-arm_moveit_isaacsim_ws/install/so_arm_moveit_config', 'merge_install': False, 'path': '/home/allen/lerobot_yu/so-arm_moveit_isaacsim_ws/src/so_arm_moveit_config', 'symlink_install': False, 'test_result_base': None}
[0.337s] Level 5:colcon.colcon_core.verb:set package 'so_arm_teleop' build argument 'cmake_args' from command line to 'None'
[0.337s] Level 5:colcon.colcon_core.verb:set package 'so_arm_teleop' build argument 'cmake_target' from command line to 'None'
[0.337s] Level 5:colcon.colcon_core.verb:set package 'so_arm_teleop' build argument 'cmake_target_skip_unavailable' from command line to 'False'
[0.337s] Level 5:colcon.colcon_core.verb:set package 'so_arm_teleop' build argument 'cmake_clean_cache' from command line to 'False'
[0.337s] Level 5:colcon.colcon_core.verb:set package 'so_arm_teleop' build argument 'cmake_clean_first' from command line to 'False'
[0.337s] Level 5:colcon.colcon_core.verb:set package 'so_arm_teleop' build argument 'cmake_force_configure' from command line to 'False'
[0.337s] Level 5:colcon.colcon_core.verb:set package 'so_arm_teleop' build argument 'ament_cmake_args' from command line to 'None'
[0.337s] Level 5:colcon.colcon_core.verb:set package 'so_arm_teleop' build argument 'catkin_cmake_args' from command line to 'None'
[0.337s] Level 5:colcon.colcon_core.verb:set package 'so_arm_teleop' build argument 'catkin_skip_building_tests' from command line to 'False'
[0.337s] DEBUG:colcon.colcon_core.verb:Building package 'so_arm_teleop' with the following arguments: {'ament_cmake_args': None, 'build_base': '/home/allen/lerobot_yu/so-arm_moveit_isaacsim_ws/build/so_arm_teleop', 'catkin_cmake_args': None, 'catkin_skip_building_tests': False, 'cmake_args': None, 'cmake_clean_cache': False, 'cmake_clean_first': False, 'cmake_force_configure': False, 'cmake_target': None, 'cmake_target_skip_unavailable': False, 'install_base': '/home/allen/lerobot_yu/so-arm_moveit_isaacsim_ws/install/so_arm_teleop', 'merge_install': False, 'path': '/home/allen/lerobot_yu/so-arm_moveit_isaacsim_ws/src/so_arm_teleop', 'symlink_install': False, 'test_result_base': None}
[0.338s] INFO:colcon.colcon_core.executor:Executing jobs using 'parallel' executor
[0.338s] DEBUG:colcon.colcon_parallel_executor.executor.parallel:run_until_complete
[0.339s] INFO:colcon.colcon_ros.task.ament_cmake.build:Building ROS package in '/home/allen/lerobot_yu/so-arm_moveit_isaacsim_ws/src/moveit_servo' with build type 'ament_cmake'
[0.339s] INFO:colcon.colcon_cmake.task.cmake.build:Building CMake package in '/home/allen/lerobot_yu/so-arm_moveit_isaacsim_ws/src/moveit_servo'
[0.340s] INFO:colcon.colcon_core.plugin_system:Skipping extension 'colcon_core.shell.bat': Not used on non-Windows systems
[0.340s] INFO:colcon.colcon_core.shell:Skip shell extension 'powershell' for command environment: Not usable outside of PowerShell
[0.340s] DEBUG:colcon.colcon_core.shell:Skip shell extension 'dsv' for command environment
[0.345s] INFO:colcon.colcon_ros.task.ament_cmake.build:Building ROS package in '/home/allen/lerobot_yu/so-arm_moveit_isaacsim_ws/src/so_arm_description' with build type 'ament_cmake'
[0.345s] INFO:colcon.colcon_cmake.task.cmake.build:Building CMake package in '/home/allen/lerobot_yu/so-arm_moveit_isaacsim_ws/src/so_arm_description'
[0.345s] INFO:colcon.colcon_core.shell:Skip shell extension 'powershell' for command environment: Not usable outside of PowerShell
[0.345s] DEBUG:colcon.colcon_core.shell:Skip shell extension 'dsv' for command environment
[0.349s] INFO:colcon.colcon_ros.task.ament_cmake.build:Building ROS package in '/home/allen/lerobot_yu/so-arm_moveit_isaacsim_ws/src/gripper_joint_state' with build type 'ament_cmake'
[0.349s] INFO:colcon.colcon_cmake.task.cmake.build:Building CMake package in '/home/allen/lerobot_yu/so-arm_moveit_isaacsim_ws/src/gripper_joint_state'
[0.349s] INFO:colcon.colcon_core.shell:Skip shell extension 'powershell' for command environment: Not usable outside of PowerShell
[0.349s] DEBUG:colcon.colcon_core.shell:Skip shell extension 'dsv' for command environment
[0.357s] DEBUG:colcon.colcon_core.event_handler.log_command:Invoking command in '/home/allen/lerobot_yu/so-arm_moveit_isaacsim_ws/build/moveit_servo': CMAKE_PREFIX_PATH=${CMAKE_PREFIX_PATH}:/home/allen/ws_moveit2/install/moveit_configs_utils:/home/allen/ws_moveit2/install/launch_param_builder:/opt/ros/humble /usr/bin/cmake /home/allen/lerobot_yu/so-arm_moveit_isaacsim_ws/src/moveit_servo -DCMAKE_INSTALL_PREFIX=/home/allen/lerobot_yu/so-arm_moveit_isaacsim_ws/install/moveit_servo
[0.362s] DEBUG:colcon.colcon_core.event_handler.log_command:Invoking command in '/home/allen/lerobot_yu/so-arm_moveit_isaacsim_ws/build/so_arm_description': CMAKE_PREFIX_PATH=${CMAKE_PREFIX_PATH}:/home/allen/ws_moveit2/install/moveit_configs_utils:/home/allen/ws_moveit2/install/launch_param_builder:/opt/ros/humble /usr/bin/cmake /home/allen/lerobot_yu/so-arm_moveit_isaacsim_ws/src/so_arm_description -DCMAKE_INSTALL_PREFIX=/home/allen/lerobot_yu/so-arm_moveit_isaacsim_ws/install/so_arm_description
[0.365s] DEBUG:colcon.colcon_core.event_handler.log_command:Invoking command in '/home/allen/lerobot_yu/so-arm_moveit_isaacsim_ws/build/gripper_joint_state': CMAKE_PREFIX_PATH=${CMAKE_PREFIX_PATH}:/home/allen/ws_moveit2/install/moveit_configs_utils:/home/allen/ws_moveit2/install/launch_param_builder:/opt/ros/humble /usr/bin/cmake /home/allen/lerobot_yu/so-arm_moveit_isaacsim_ws/src/gripper_joint_state -DCMAKE_INSTALL_PREFIX=/home/allen/lerobot_yu/so-arm_moveit_isaacsim_ws/install/gripper_joint_state
[1.797s] DEBUG:colcon.colcon_core.event_handler.log_command:Invoked command in '/home/allen/lerobot_yu/so-arm_moveit_isaacsim_ws/build/gripper_joint_state' returned '0': CMAKE_PREFIX_PATH=${CMAKE_PREFIX_PATH}:/home/allen/ws_moveit2/install/moveit_configs_utils:/home/allen/ws_moveit2/install/launch_param_builder:/opt/ros/humble /usr/bin/cmake /home/allen/lerobot_yu/so-arm_moveit_isaacsim_ws/src/gripper_joint_state -DCMAKE_INSTALL_PREFIX=/home/allen/lerobot_yu/so-arm_moveit_isaacsim_ws/install/gripper_joint_state
[1.798s] DEBUG:colcon.colcon_core.event_handler.log_command:Invoking command in '/home/allen/lerobot_yu/so-arm_moveit_isaacsim_ws/build/gripper_joint_state': CMAKE_PREFIX_PATH=${CMAKE_PREFIX_PATH}:/home/allen/ws_moveit2/install/moveit_configs_utils:/home/allen/ws_moveit2/install/launch_param_builder:/opt/ros/humble /usr/bin/cmake --build /home/allen/lerobot_yu/so-arm_moveit_isaacsim_ws/build/gripper_joint_state -- -j20 -l20
[1.828s] DEBUG:colcon.colcon_core.event_handler.log_command:Invoked command in '/home/allen/lerobot_yu/so-arm_moveit_isaacsim_ws/build/gripper_joint_state' returned '0': CMAKE_PREFIX_PATH=${CMAKE_PREFIX_PATH}:/home/allen/ws_moveit2/install/moveit_configs_utils:/home/allen/ws_moveit2/install/launch_param_builder:/opt/ros/humble /usr/bin/cmake --build /home/allen/lerobot_yu/so-arm_moveit_isaacsim_ws/build/gripper_joint_state -- -j20 -l20
[1.837s] DEBUG:colcon.colcon_core.event_handler.log_command:Invoking command in '/home/allen/lerobot_yu/so-arm_moveit_isaacsim_ws/build/gripper_joint_state': CMAKE_PREFIX_PATH=${CMAKE_PREFIX_PATH}:/home/allen/ws_moveit2/install/moveit_configs_utils:/home/allen/ws_moveit2/install/launch_param_builder:/opt/ros/humble /usr/bin/cmake --install /home/allen/lerobot_yu/so-arm_moveit_isaacsim_ws/build/gripper_joint_state
[1.847s] Level 1:colcon.colcon_core.environment:create_environment_scripts_only(gripper_joint_state)
[1.848s] DEBUG:colcon.colcon_core.event_handler.log_command:Invoked command in '/home/allen/lerobot_yu/so-arm_moveit_isaacsim_ws/build/gripper_joint_state' returned '0': CMAKE_PREFIX_PATH=${CMAKE_PREFIX_PATH}:/home/allen/ws_moveit2/install/moveit_configs_utils:/home/allen/ws_moveit2/install/launch_param_builder:/opt/ros/humble /usr/bin/cmake --install /home/allen/lerobot_yu/so-arm_moveit_isaacsim_ws/build/gripper_joint_state
[1.849s] Level 1:colcon.colcon_core.environment:checking '/home/allen/lerobot_yu/so-arm_moveit_isaacsim_ws/install/gripper_joint_state' for CMake module files
[1.849s] Level 1:colcon.colcon_core.environment:checking '/home/allen/lerobot_yu/so-arm_moveit_isaacsim_ws/install/gripper_joint_state' for CMake config files
[1.849s] Level 1:colcon.colcon_core.shell:create_environment_hook('gripper_joint_state', 'cmake_prefix_path')
[1.850s] INFO:colcon.colcon_core.shell:Creating environment hook '/home/allen/lerobot_yu/so-arm_moveit_isaacsim_ws/install/gripper_joint_state/share/gripper_joint_state/hook/cmake_prefix_path.ps1'
[1.850s] INFO:colcon.colcon_core.shell:Creating environment descriptor '/home/allen/lerobot_yu/so-arm_moveit_isaacsim_ws/install/gripper_joint_state/share/gripper_joint_state/hook/cmake_prefix_path.dsv'
[1.850s] INFO:colcon.colcon_core.shell:Creating environment hook '/home/allen/lerobot_yu/so-arm_moveit_isaacsim_ws/install/gripper_joint_state/share/gripper_joint_state/hook/cmake_prefix_path.sh'
[1.851s] Level 1:colcon.colcon_core.environment:checking '/home/allen/lerobot_yu/so-arm_moveit_isaacsim_ws/install/gripper_joint_state/lib'
[1.851s] Level 1:colcon.colcon_core.environment:checking '/home/allen/lerobot_yu/so-arm_moveit_isaacsim_ws/install/gripper_joint_state/bin'
[1.851s] Level 1:colcon.colcon_core.environment:checking '/home/allen/lerobot_yu/so-arm_moveit_isaacsim_ws/install/gripper_joint_state/lib/pkgconfig/gripper_joint_state.pc'
[1.851s] Level 1:colcon.colcon_core.environment:checking '/home/allen/lerobot_yu/so-arm_moveit_isaacsim_ws/install/gripper_joint_state/lib/python3.10/site-packages'
[1.851s] Level 1:colcon.colcon_core.environment:checking '/home/allen/lerobot_yu/so-arm_moveit_isaacsim_ws/install/gripper_joint_state/bin'
[1.852s] INFO:colcon.colcon_core.shell:Creating package script '/home/allen/lerobot_yu/so-arm_moveit_isaacsim_ws/install/gripper_joint_state/share/gripper_joint_state/package.ps1'
[1.852s] INFO:colcon.colcon_core.shell:Creating package descriptor '/home/allen/lerobot_yu/so-arm_moveit_isaacsim_ws/install/gripper_joint_state/share/gripper_joint_state/package.dsv'
[1.853s] INFO:colcon.colcon_core.shell:Creating package script '/home/allen/lerobot_yu/so-arm_moveit_isaacsim_ws/install/gripper_joint_state/share/gripper_joint_state/package.sh'
[1.853s] INFO:colcon.colcon_core.shell:Creating package script '/home/allen/lerobot_yu/so-arm_moveit_isaacsim_ws/install/gripper_joint_state/share/gripper_joint_state/package.bash'
[1.853s] INFO:colcon.colcon_core.shell:Creating package script '/home/allen/lerobot_yu/so-arm_moveit_isaacsim_ws/install/gripper_joint_state/share/gripper_joint_state/package.zsh'
[1.854s] Level 1:colcon.colcon_core.environment:create_file_with_runtime_dependencies(/home/allen/lerobot_yu/so-arm_moveit_isaacsim_ws/install/gripper_joint_state/share/colcon-core/packages/gripper_joint_state)
[1.854s] Level 1:colcon.colcon_core.environment:create_environment_scripts_only(gripper_joint_state)
[1.854s] Level 1:colcon.colcon_core.environment:checking '/home/allen/lerobot_yu/so-arm_moveit_isaacsim_ws/install/gripper_joint_state' for CMake module files
[1.855s] Level 1:colcon.colcon_core.environment:checking '/home/allen/lerobot_yu/so-arm_moveit_isaacsim_ws/install/gripper_joint_state' for CMake config files
[1.855s] Level 1:colcon.colcon_core.shell:create_environment_hook('gripper_joint_state', 'cmake_prefix_path')
[1.855s] INFO:colcon.colcon_core.shell:Creating environment hook '/home/allen/lerobot_yu/so-arm_moveit_isaacsim_ws/install/gripper_joint_state/share/gripper_joint_state/hook/cmake_prefix_path.ps1'
[1.855s] INFO:colcon.colcon_core.shell:Creating environment descriptor '/home/allen/lerobot_yu/so-arm_moveit_isaacsim_ws/install/gripper_joint_state/share/gripper_joint_state/hook/cmake_prefix_path.dsv'
[1.855s] INFO:colcon.colcon_core.shell:Creating environment hook '/home/allen/lerobot_yu/so-arm_moveit_isaacsim_ws/install/gripper_joint_state/share/gripper_joint_state/hook/cmake_prefix_path.sh'
[1.856s] Level 1:colcon.colcon_core.environment:checking '/home/allen/lerobot_yu/so-arm_moveit_isaacsim_ws/install/gripper_joint_state/lib'
[1.856s] Level 1:colcon.colcon_core.environment:checking '/home/allen/lerobot_yu/so-arm_moveit_isaacsim_ws/install/gripper_joint_state/bin'
[1.856s] Level 1:colcon.colcon_core.environment:checking '/home/allen/lerobot_yu/so-arm_moveit_isaacsim_ws/install/gripper_joint_state/lib/pkgconfig/gripper_joint_state.pc'
[1.856s] Level 1:colcon.colcon_core.environment:checking '/home/allen/lerobot_yu/so-arm_moveit_isaacsim_ws/install/gripper_joint_state/lib/python3.10/site-packages'
[1.856s] Level 1:colcon.colcon_core.environment:checking '/home/allen/lerobot_yu/so-arm_moveit_isaacsim_ws/install/gripper_joint_state/bin'
[1.856s] INFO:colcon.colcon_core.shell:Creating package script '/home/allen/lerobot_yu/so-arm_moveit_isaacsim_ws/install/gripper_joint_state/share/gripper_joint_state/package.ps1'
[1.857s] INFO:colcon.colcon_core.shell:Creating package descriptor '/home/allen/lerobot_yu/so-arm_moveit_isaacsim_ws/install/gripper_joint_state/share/gripper_joint_state/package.dsv'
[1.857s] INFO:colcon.colcon_core.shell:Creating package script '/home/allen/lerobot_yu/so-arm_moveit_isaacsim_ws/install/gripper_joint_state/share/gripper_joint_state/package.sh'
[1.858s] INFO:colcon.colcon_core.shell:Creating package script '/home/allen/lerobot_yu/so-arm_moveit_isaacsim_ws/install/gripper_joint_state/share/gripper_joint_state/package.bash'
[1.858s] INFO:colcon.colcon_core.shell:Creating package script '/home/allen/lerobot_yu/so-arm_moveit_isaacsim_ws/install/gripper_joint_state/share/gripper_joint_state/package.zsh'
[1.858s] Level 1:colcon.colcon_core.environment:create_file_with_runtime_dependencies(/home/allen/lerobot_yu/so-arm_moveit_isaacsim_ws/install/gripper_joint_state/share/colcon-core/packages/gripper_joint_state)
[3.589s] DEBUG:colcon.colcon_core.event_handler.log_command:Invoked command in '/home/allen/lerobot_yu/so-arm_moveit_isaacsim_ws/build/so_arm_description' returned '0': CMAKE_PREFIX_PATH=${CMAKE_PREFIX_PATH}:/home/allen/ws_moveit2/install/moveit_configs_utils:/home/allen/ws_moveit2/install/launch_param_builder:/opt/ros/humble /usr/bin/cmake /home/allen/lerobot_yu/so-arm_moveit_isaacsim_ws/src/so_arm_description -DCMAKE_INSTALL_PREFIX=/home/allen/lerobot_yu/so-arm_moveit_isaacsim_ws/install/so_arm_description
[3.590s] DEBUG:colcon.colcon_core.event_handler.log_command:Invoking command in '/home/allen/lerobot_yu/so-arm_moveit_isaacsim_ws/build/so_arm_description': CMAKE_PREFIX_PATH=${CMAKE_PREFIX_PATH}:/home/allen/ws_moveit2/install/moveit_configs_utils:/home/allen/ws_moveit2/install/launch_param_builder:/opt/ros/humble /usr/bin/cmake --build /home/allen/lerobot_yu/so-arm_moveit_isaacsim_ws/build/so_arm_description -- -j20 -l20
[3.622s] DEBUG:colcon.colcon_core.event_handler.log_command:Invoked command in '/home/allen/lerobot_yu/so-arm_moveit_isaacsim_ws/build/so_arm_description' returned '0': CMAKE_PREFIX_PATH=${CMAKE_PREFIX_PATH}:/home/allen/ws_moveit2/install/moveit_configs_utils:/home/allen/ws_moveit2/install/launch_param_builder:/opt/ros/humble /usr/bin/cmake --build /home/allen/lerobot_yu/so-arm_moveit_isaacsim_ws/build/so_arm_description -- -j20 -l20
[3.624s] DEBUG:colcon.colcon_core.event_handler.log_command:Invoking command in '/home/allen/lerobot_yu/so-arm_moveit_isaacsim_ws/build/so_arm_description': CMAKE_PREFIX_PATH=${CMAKE_PREFIX_PATH}:/home/allen/ws_moveit2/install/moveit_configs_utils:/home/allen/ws_moveit2/install/launch_param_builder:/opt/ros/humble /usr/bin/cmake --install /home/allen/lerobot_yu/so-arm_moveit_isaacsim_ws/build/so_arm_description
[3.667s] Level 1:colcon.colcon_core.environment:create_environment_scripts_only(so_arm_description)
[3.667s] Level 1:colcon.colcon_core.environment:checking '/home/allen/lerobot_yu/so-arm_moveit_isaacsim_ws/install/so_arm_description' for CMake module files
[3.667s] DEBUG:colcon.colcon_core.event_handler.log_command:Invoked command in '/home/allen/lerobot_yu/so-arm_moveit_isaacsim_ws/build/so_arm_description' returned '0': CMAKE_PREFIX_PATH=${CMAKE_PREFIX_PATH}:/home/allen/ws_moveit2/install/moveit_configs_utils:/home/allen/ws_moveit2/install/launch_param_builder:/opt/ros/humble /usr/bin/cmake --install /home/allen/lerobot_yu/so-arm_moveit_isaacsim_ws/build/so_arm_description
[3.668s] Level 1:colcon.colcon_core.environment:checking '/home/allen/lerobot_yu/so-arm_moveit_isaacsim_ws/install/so_arm_description' for CMake config files
[3.668s] Level 1:colcon.colcon_core.shell:create_environment_hook('so_arm_description', 'cmake_prefix_path')
[3.668s] INFO:colcon.colcon_core.shell:Creating environment hook '/home/allen/lerobot_yu/so-arm_moveit_isaacsim_ws/install/so_arm_description/share/so_arm_description/hook/cmake_prefix_path.ps1'
[3.668s] INFO:colcon.colcon_core.shell:Creating environment descriptor '/home/allen/lerobot_yu/so-arm_moveit_isaacsim_ws/install/so_arm_description/share/so_arm_description/hook/cmake_prefix_path.dsv'
[3.669s] INFO:colcon.colcon_core.shell:Creating environment hook '/home/allen/lerobot_yu/so-arm_moveit_isaacsim_ws/install/so_arm_description/share/so_arm_description/hook/cmake_prefix_path.sh'
[3.669s] Level 1:colcon.colcon_core.environment:checking '/home/allen/lerobot_yu/so-arm_moveit_isaacsim_ws/install/so_arm_description/bin'
[3.669s] Level 1:colcon.colcon_core.environment:checking '/home/allen/lerobot_yu/so-arm_moveit_isaacsim_ws/install/so_arm_description/lib/pkgconfig/so_arm_description.pc'
[3.669s] Level 1:colcon.colcon_core.environment:checking '/home/allen/lerobot_yu/so-arm_moveit_isaacsim_ws/install/so_arm_description/lib/python3.10/site-packages'
[3.669s] Level 1:colcon.colcon_core.environment:checking '/home/allen/lerobot_yu/so-arm_moveit_isaacsim_ws/install/so_arm_description/bin'
[3.670s] INFO:colcon.colcon_core.shell:Creating package script '/home/allen/lerobot_yu/so-arm_moveit_isaacsim_ws/install/so_arm_description/share/so_arm_description/package.ps1'
[3.670s] INFO:colcon.colcon_core.shell:Creating package descriptor '/home/allen/lerobot_yu/so-arm_moveit_isaacsim_ws/install/so_arm_description/share/so_arm_description/package.dsv'
[3.670s] INFO:colcon.colcon_core.shell:Creating package script '/home/allen/lerobot_yu/so-arm_moveit_isaacsim_ws/install/so_arm_description/share/so_arm_description/package.sh'
[3.670s] INFO:colcon.colcon_core.shell:Creating package script '/home/allen/lerobot_yu/so-arm_moveit_isaacsim_ws/install/so_arm_description/share/so_arm_description/package.bash'
[3.670s] INFO:colcon.colcon_core.shell:Creating package script '/home/allen/lerobot_yu/so-arm_moveit_isaacsim_ws/install/so_arm_description/share/so_arm_description/package.zsh'
[3.671s] Level 1:colcon.colcon_core.environment:create_file_with_runtime_dependencies(/home/allen/lerobot_yu/so-arm_moveit_isaacsim_ws/install/so_arm_description/share/colcon-core/packages/so_arm_description)
[3.671s] Level 1:colcon.colcon_core.environment:create_environment_scripts_only(so_arm_description)
[3.671s] Level 1:colcon.colcon_core.environment:checking '/home/allen/lerobot_yu/so-arm_moveit_isaacsim_ws/install/so_arm_description' for CMake module files
[3.672s] Level 1:colcon.colcon_core.environment:checking '/home/allen/lerobot_yu/so-arm_moveit_isaacsim_ws/install/so_arm_description' for CMake config files
[3.672s] Level 1:colcon.colcon_core.shell:create_environment_hook('so_arm_description', 'cmake_prefix_path')
[3.672s] INFO:colcon.colcon_core.shell:Creating environment hook '/home/allen/lerobot_yu/so-arm_moveit_isaacsim_ws/install/so_arm_description/share/so_arm_description/hook/cmake_prefix_path.ps1'
[3.672s] INFO:colcon.colcon_core.shell:Creating environment descriptor '/home/allen/lerobot_yu/so-arm_moveit_isaacsim_ws/install/so_arm_description/share/so_arm_description/hook/cmake_prefix_path.dsv'
[3.672s] INFO:colcon.colcon_core.shell:Creating environment hook '/home/allen/lerobot_yu/so-arm_moveit_isaacsim_ws/install/so_arm_description/share/so_arm_description/hook/cmake_prefix_path.sh'
[3.673s] Level 1:colcon.colcon_core.environment:checking '/home/allen/lerobot_yu/so-arm_moveit_isaacsim_ws/install/so_arm_description/bin'
[3.673s] Level 1:colcon.colcon_core.environment:checking '/home/allen/lerobot_yu/so-arm_moveit_isaacsim_ws/install/so_arm_description/lib/pkgconfig/so_arm_description.pc'
[3.673s] Level 1:colcon.colcon_core.environment:checking '/home/allen/lerobot_yu/so-arm_moveit_isaacsim_ws/install/so_arm_description/lib/python3.10/site-packages'
[3.673s] Level 1:colcon.colcon_core.environment:checking '/home/allen/lerobot_yu/so-arm_moveit_isaacsim_ws/install/so_arm_description/bin'
[3.673s] INFO:colcon.colcon_core.shell:Creating package script '/home/allen/lerobot_yu/so-arm_moveit_isaacsim_ws/install/so_arm_description/share/so_arm_description/package.ps1'
[3.674s] INFO:colcon.colcon_core.shell:Creating package descriptor '/home/allen/lerobot_yu/so-arm_moveit_isaacsim_ws/install/so_arm_description/share/so_arm_description/package.dsv'
[3.674s] INFO:colcon.colcon_core.shell:Creating package script '/home/allen/lerobot_yu/so-arm_moveit_isaacsim_ws/install/so_arm_description/share/so_arm_description/package.sh'
[3.674s] INFO:colcon.colcon_core.shell:Creating package script '/home/allen/lerobot_yu/so-arm_moveit_isaacsim_ws/install/so_arm_description/share/so_arm_description/package.bash'
[3.674s] INFO:colcon.colcon_core.shell:Creating package script '/home/allen/lerobot_yu/so-arm_moveit_isaacsim_ws/install/so_arm_description/share/so_arm_description/package.zsh'
[3.674s] Level 1:colcon.colcon_core.environment:create_file_with_runtime_dependencies(/home/allen/lerobot_yu/so-arm_moveit_isaacsim_ws/install/so_arm_description/share/colcon-core/packages/so_arm_description)
[3.675s] INFO:colcon.colcon_ros.task.ament_cmake.build:Building ROS package in '/home/allen/lerobot_yu/so-arm_moveit_isaacsim_ws/src/so_arm_moveit_config' with build type 'ament_cmake'
[3.675s] INFO:colcon.colcon_cmake.task.cmake.build:Building CMake package in '/home/allen/lerobot_yu/so-arm_moveit_isaacsim_ws/src/so_arm_moveit_config'
[3.675s] INFO:colcon.colcon_core.shell:Skip shell extension 'powershell' for command environment: Not usable outside of PowerShell
[3.675s] DEBUG:colcon.colcon_core.shell:Skip shell extension 'dsv' for command environment
[3.736s] DEBUG:colcon.colcon_core.event_handler.log_command:Invoking command in '/home/allen/lerobot_yu/so-arm_moveit_isaacsim_ws/build/so_arm_moveit_config': AMENT_PREFIX_PATH=/home/allen/lerobot_yu/so-arm_moveit_isaacsim_ws/install/so_arm_description:${AMENT_PREFIX_PATH} CMAKE_PREFIX_PATH=/home/allen/lerobot_yu/so-arm_moveit_isaacsim_ws/install/so_arm_description:/home/allen/ws_moveit2/install/pilz_industrial_motion_planner_testutils:/home/allen/ws_moveit2/install/moveit_runtime:/home/allen/ws_moveit2/install/moveit2_tutorials:/home/allen/ws_moveit2/install/moveit:/home/allen/ws_moveit2/install/moveit_planners:/home/allen/ws_moveit2/install/pilz_industrial_motion_planner:/home/allen/ws_moveit2/install/moveit_visual_tools:/home/allen/ws_moveit2/install/moveit_task_constructor_visualization:/home/allen/ws_moveit2/install/moveit_task_constructor_demo:/home/allen/ws_moveit2/install/moveit_task_constructor_capabilities:/home/allen/ws_moveit2/install/moveit_task_constructor_core:/home/allen/ws_moveit2/install/moveit_ros_control_interface:/home/allen/ws_moveit2/install/moveit_plugins:/home/allen/ws_moveit2/install/moveit_simple_controller_manager:/home/allen/ws_moveit2/install/moveit_setup_assistant:/home/allen/ws_moveit2/install/moveit_setup_srdf_plugins:/home/allen/ws_moveit2/install/moveit_setup_core_plugins:/home/allen/ws_moveit2/install/moveit_setup_controllers:/home/allen/ws_moveit2/install/moveit_setup_app_plugins:/home/allen/ws_moveit2/install/moveit_setup_framework:/home/allen/ws_moveit2/install/moveit_servo:/home/allen/ws_moveit2/install/moveit_ros:/home/allen/ws_moveit2/install/moveit_ros_visualization:/home/allen/ws_moveit2/install/moveit_hybrid_planning:/home/allen/ws_moveit2/install/moveit_ros_planning_interface:/home/allen/ws_moveit2/install/moveit_ros_benchmarks:/home/allen/ws_moveit2/install/moveit_ros_warehouse:/home/allen/ws_moveit2/install/moveit_ros_robot_interaction:/home/allen/ws_moveit2/install/moveit_ros_perception:/home/allen/ws_moveit2/install/moveit_resources_prbt_pg70_support:/home/allen/ws_moveit2/install/moveit_resources_prbt_moveit_config:/home/allen/ws_moveit2/install/moveit_ros_move_group:/home/allen/ws_moveit2/install/moveit_planners_ompl:/home/allen/ws_moveit2/install/moveit_ros_planning:/home/allen/ws_moveit2/install/moveit_ros_occupancy_map_monitor:/home/allen/ws_moveit2/install/moveit_resources_prbt_ikfast_manipulator_plugin:/home/allen/ws_moveit2/install/moveit_planners_chomp:/home/allen/ws_moveit2/install/moveit_kinematics:/home/allen/ws_moveit2/install/moveit_chomp_optimizer_adapter:/home/allen/ws_moveit2/install/chomp_motion_planner:/home/allen/ws_moveit2/install/moveit_core:/home/allen/ws_moveit2/install/srdfdom:/home/allen/ws_moveit2/install/rviz_marker_tools:/home/allen/ws_moveit2/install/rosparam_shortcuts:/home/allen/ws_moveit2/install/moveit_task_constructor_msgs:/home/allen/ws_moveit2/install/moveit_resources_prbt_support:/home/allen/ws_moveit2/install/moveit_resources:/home/allen/ws_moveit2/install/moveit_resources_pr2_description:/home/allen/ws_moveit2/install/moveit_resources_panda_moveit_config:/home/allen/ws_moveit2/install/moveit_resources_panda_description:/home/allen/ws_moveit2/install/moveit_resources_fanuc_moveit_config:/home/allen/ws_moveit2/install/moveit_resources_fanuc_description:/home/allen/ws_moveit2/install/moveit_common:/home/allen/ws_moveit2/install/moveit_configs_utils:/home/allen/ws_moveit2/install/launch_param_builder:/opt/ros/humble /usr/bin/cmake /home/allen/lerobot_yu/so-arm_moveit_isaacsim_ws/src/so_arm_moveit_config -DCMAKE_INSTALL_PREFIX=/home/allen/lerobot_yu/so-arm_moveit_isaacsim_ws/install/so_arm_moveit_config
[5.035s] DEBUG:colcon.colcon_core.event_handler.log_command:Invoked command in '/home/allen/lerobot_yu/so-arm_moveit_isaacsim_ws/build/so_arm_moveit_config' returned '0': AMENT_PREFIX_PATH=/home/allen/lerobot_yu/so-arm_moveit_isaacsim_ws/install/so_arm_description:${AMENT_PREFIX_PATH} CMAKE_PREFIX_PATH=/home/allen/lerobot_yu/so-arm_moveit_isaacsim_ws/install/so_arm_description:/home/allen/ws_moveit2/install/pilz_industrial_motion_planner_testutils:/home/allen/ws_moveit2/install/moveit_runtime:/home/allen/ws_moveit2/install/moveit2_tutorials:/home/allen/ws_moveit2/install/moveit:/home/allen/ws_moveit2/install/moveit_planners:/home/allen/ws_moveit2/install/pilz_industrial_motion_planner:/home/allen/ws_moveit2/install/moveit_visual_tools:/home/allen/ws_moveit2/install/moveit_task_constructor_visualization:/home/allen/ws_moveit2/install/moveit_task_constructor_demo:/home/allen/ws_moveit2/install/moveit_task_constructor_capabilities:/home/allen/ws_moveit2/install/moveit_task_constructor_core:/home/allen/ws_moveit2/install/moveit_ros_control_interface:/home/allen/ws_moveit2/install/moveit_plugins:/home/allen/ws_moveit2/install/moveit_simple_controller_manager:/home/allen/ws_moveit2/install/moveit_setup_assistant:/home/allen/ws_moveit2/install/moveit_setup_srdf_plugins:/home/allen/ws_moveit2/install/moveit_setup_core_plugins:/home/allen/ws_moveit2/install/moveit_setup_controllers:/home/allen/ws_moveit2/install/moveit_setup_app_plugins:/home/allen/ws_moveit2/install/moveit_setup_framework:/home/allen/ws_moveit2/install/moveit_servo:/home/allen/ws_moveit2/install/moveit_ros:/home/allen/ws_moveit2/install/moveit_ros_visualization:/home/allen/ws_moveit2/install/moveit_hybrid_planning:/home/allen/ws_moveit2/install/moveit_ros_planning_interface:/home/allen/ws_moveit2/install/moveit_ros_benchmarks:/home/allen/ws_moveit2/install/moveit_ros_warehouse:/home/allen/ws_moveit2/install/moveit_ros_robot_interaction:/home/allen/ws_moveit2/install/moveit_ros_perception:/home/allen/ws_moveit2/install/moveit_resources_prbt_pg70_support:/home/allen/ws_moveit2/install/moveit_resources_prbt_moveit_config:/home/allen/ws_moveit2/install/moveit_ros_move_group:/home/allen/ws_moveit2/install/moveit_planners_ompl:/home/allen/ws_moveit2/install/moveit_ros_planning:/home/allen/ws_moveit2/install/moveit_ros_occupancy_map_monitor:/home/allen/ws_moveit2/install/moveit_resources_prbt_ikfast_manipulator_plugin:/home/allen/ws_moveit2/install/moveit_planners_chomp:/home/allen/ws_moveit2/install/moveit_kinematics:/home/allen/ws_moveit2/install/moveit_chomp_optimizer_adapter:/home/allen/ws_moveit2/install/chomp_motion_planner:/home/allen/ws_moveit2/install/moveit_core:/home/allen/ws_moveit2/install/srdfdom:/home/allen/ws_moveit2/install/rviz_marker_tools:/home/allen/ws_moveit2/install/rosparam_shortcuts:/home/allen/ws_moveit2/install/moveit_task_constructor_msgs:/home/allen/ws_moveit2/install/moveit_resources_prbt_support:/home/allen/ws_moveit2/install/moveit_resources:/home/allen/ws_moveit2/install/moveit_resources_pr2_description:/home/allen/ws_moveit2/install/moveit_resources_panda_moveit_config:/home/allen/ws_moveit2/install/moveit_resources_panda_description:/home/allen/ws_moveit2/install/moveit_resources_fanuc_moveit_config:/home/allen/ws_moveit2/install/moveit_resources_fanuc_description:/home/allen/ws_moveit2/install/moveit_common:/home/allen/ws_moveit2/install/moveit_configs_utils:/home/allen/ws_moveit2/install/launch_param_builder:/opt/ros/humble /usr/bin/cmake /home/allen/lerobot_yu/so-arm_moveit_isaacsim_ws/src/so_arm_moveit_config -DCMAKE_INSTALL_PREFIX=/home/allen/lerobot_yu/so-arm_moveit_isaacsim_ws/install/so_arm_moveit_config
[5.036s] DEBUG:colcon.colcon_core.event_handler.log_command:Invoking command in '/home/allen/lerobot_yu/so-arm_moveit_isaacsim_ws/build/so_arm_moveit_config': AMENT_PREFIX_PATH=/home/allen/lerobot_yu/so-arm_moveit_isaacsim_ws/install/so_arm_description:${AMENT_PREFIX_PATH} CMAKE_PREFIX_PATH=/home/allen/lerobot_yu/so-arm_moveit_isaacsim_ws/install/so_arm_description:/home/allen/ws_moveit2/install/pilz_industrial_motion_planner_testutils:/home/allen/ws_moveit2/install/moveit_runtime:/home/allen/ws_moveit2/install/moveit2_tutorials:/home/allen/ws_moveit2/install/moveit:/home/allen/ws_moveit2/install/moveit_planners:/home/allen/ws_moveit2/install/pilz_industrial_motion_planner:/home/allen/ws_moveit2/install/moveit_visual_tools:/home/allen/ws_moveit2/install/moveit_task_constructor_visualization:/home/allen/ws_moveit2/install/moveit_task_constructor_demo:/home/allen/ws_moveit2/install/moveit_task_constructor_capabilities:/home/allen/ws_moveit2/install/moveit_task_constructor_core:/home/allen/ws_moveit2/install/moveit_ros_control_interface:/home/allen/ws_moveit2/install/moveit_plugins:/home/allen/ws_moveit2/install/moveit_simple_controller_manager:/home/allen/ws_moveit2/install/moveit_setup_assistant:/home/allen/ws_moveit2/install/moveit_setup_srdf_plugins:/home/allen/ws_moveit2/install/moveit_setup_core_plugins:/home/allen/ws_moveit2/install/moveit_setup_controllers:/home/allen/ws_moveit2/install/moveit_setup_app_plugins:/home/allen/ws_moveit2/install/moveit_setup_framework:/home/allen/ws_moveit2/install/moveit_servo:/home/allen/ws_moveit2/install/moveit_ros:/home/allen/ws_moveit2/install/moveit_ros_visualization:/home/allen/ws_moveit2/install/moveit_hybrid_planning:/home/allen/ws_moveit2/install/moveit_ros_planning_interface:/home/allen/ws_moveit2/install/moveit_ros_benchmarks:/home/allen/ws_moveit2/install/moveit_ros_warehouse:/home/allen/ws_moveit2/install/moveit_ros_robot_interaction:/home/allen/ws_moveit2/install/moveit_ros_perception:/home/allen/ws_moveit2/install/moveit_resources_prbt_pg70_support:/home/allen/ws_moveit2/install/moveit_resources_prbt_moveit_config:/home/allen/ws_moveit2/install/moveit_ros_move_group:/home/allen/ws_moveit2/install/moveit_planners_ompl:/home/allen/ws_moveit2/install/moveit_ros_planning:/home/allen/ws_moveit2/install/moveit_ros_occupancy_map_monitor:/home/allen/ws_moveit2/install/moveit_resources_prbt_ikfast_manipulator_plugin:/home/allen/ws_moveit2/install/moveit_planners_chomp:/home/allen/ws_moveit2/install/moveit_kinematics:/home/allen/ws_moveit2/install/moveit_chomp_optimizer_adapter:/home/allen/ws_moveit2/install/chomp_motion_planner:/home/allen/ws_moveit2/install/moveit_core:/home/allen/ws_moveit2/install/srdfdom:/home/allen/ws_moveit2/install/rviz_marker_tools:/home/allen/ws_moveit2/install/rosparam_shortcuts:/home/allen/ws_moveit2/install/moveit_task_constructor_msgs:/home/allen/ws_moveit2/install/moveit_resources_prbt_support:/home/allen/ws_moveit2/install/moveit_resources:/home/allen/ws_moveit2/install/moveit_resources_pr2_description:/home/allen/ws_moveit2/install/moveit_resources_panda_moveit_config:/home/allen/ws_moveit2/install/moveit_resources_panda_description:/home/allen/ws_moveit2/install/moveit_resources_fanuc_moveit_config:/home/allen/ws_moveit2/install/moveit_resources_fanuc_description:/home/allen/ws_moveit2/install/moveit_common:/home/allen/ws_moveit2/install/moveit_configs_utils:/home/allen/ws_moveit2/install/launch_param_builder:/opt/ros/humble /usr/bin/cmake --build /home/allen/lerobot_yu/so-arm_moveit_isaacsim_ws/build/so_arm_moveit_config -- -j20 -l20
[5.066s] DEBUG:colcon.colcon_core.event_handler.log_command:Invoked command in '/home/allen/lerobot_yu/so-arm_moveit_isaacsim_ws/build/so_arm_moveit_config' returned '0': AMENT_PREFIX_PATH=/home/allen/lerobot_yu/so-arm_moveit_isaacsim_ws/install/so_arm_description:${AMENT_PREFIX_PATH} CMAKE_PREFIX_PATH=/home/allen/lerobot_yu/so-arm_moveit_isaacsim_ws/install/so_arm_description:/home/allen/ws_moveit2/install/pilz_industrial_motion_planner_testutils:/home/allen/ws_moveit2/install/moveit_runtime:/home/allen/ws_moveit2/install/moveit2_tutorials:/home/allen/ws_moveit2/install/moveit:/home/allen/ws_moveit2/install/moveit_planners:/home/allen/ws_moveit2/install/pilz_industrial_motion_planner:/home/allen/ws_moveit2/install/moveit_visual_tools:/home/allen/ws_moveit2/install/moveit_task_constructor_visualization:/home/allen/ws_moveit2/install/moveit_task_constructor_demo:/home/allen/ws_moveit2/install/moveit_task_constructor_capabilities:/home/allen/ws_moveit2/install/moveit_task_constructor_core:/home/allen/ws_moveit2/install/moveit_ros_control_interface:/home/allen/ws_moveit2/install/moveit_plugins:/home/allen/ws_moveit2/install/moveit_simple_controller_manager:/home/allen/ws_moveit2/install/moveit_setup_assistant:/home/allen/ws_moveit2/install/moveit_setup_srdf_plugins:/home/allen/ws_moveit2/install/moveit_setup_core_plugins:/home/allen/ws_moveit2/install/moveit_setup_controllers:/home/allen/ws_moveit2/install/moveit_setup_app_plugins:/home/allen/ws_moveit2/install/moveit_setup_framework:/home/allen/ws_moveit2/install/moveit_servo:/home/allen/ws_moveit2/install/moveit_ros:/home/allen/ws_moveit2/install/moveit_ros_visualization:/home/allen/ws_moveit2/install/moveit_hybrid_planning:/home/allen/ws_moveit2/install/moveit_ros_planning_interface:/home/allen/ws_moveit2/install/moveit_ros_benchmarks:/home/allen/ws_moveit2/install/moveit_ros_warehouse:/home/allen/ws_moveit2/install/moveit_ros_robot_interaction:/home/allen/ws_moveit2/install/moveit_ros_perception:/home/allen/ws_moveit2/install/moveit_resources_prbt_pg70_support:/home/allen/ws_moveit2/install/moveit_resources_prbt_moveit_config:/home/allen/ws_moveit2/install/moveit_ros_move_group:/home/allen/ws_moveit2/install/moveit_planners_ompl:/home/allen/ws_moveit2/install/moveit_ros_planning:/home/allen/ws_moveit2/install/moveit_ros_occupancy_map_monitor:/home/allen/ws_moveit2/install/moveit_resources_prbt_ikfast_manipulator_plugin:/home/allen/ws_moveit2/install/moveit_planners_chomp:/home/allen/ws_moveit2/install/moveit_kinematics:/home/allen/ws_moveit2/install/moveit_chomp_optimizer_adapter:/home/allen/ws_moveit2/install/chomp_motion_planner:/home/allen/ws_moveit2/install/moveit_core:/home/allen/ws_moveit2/install/srdfdom:/home/allen/ws_moveit2/install/rviz_marker_tools:/home/allen/ws_moveit2/install/rosparam_shortcuts:/home/allen/ws_moveit2/install/moveit_task_constructor_msgs:/home/allen/ws_moveit2/install/moveit_resources_prbt_support:/home/allen/ws_moveit2/install/moveit_resources:/home/allen/ws_moveit2/install/moveit_resources_pr2_description:/home/allen/ws_moveit2/install/moveit_resources_panda_moveit_config:/home/allen/ws_moveit2/install/moveit_resources_panda_description:/home/allen/ws_moveit2/install/moveit_resources_fanuc_moveit_config:/home/allen/ws_moveit2/install/moveit_resources_fanuc_description:/home/allen/ws_moveit2/install/moveit_common:/home/allen/ws_moveit2/install/moveit_configs_utils:/home/allen/ws_moveit2/install/launch_param_builder:/opt/ros/humble /usr/bin/cmake --build /home/allen/lerobot_yu/so-arm_moveit_isaacsim_ws/build/so_arm_moveit_config -- -j20 -l20
[5.067s] DEBUG:colcon.colcon_core.event_handler.log_command:Invoking command in '/home/allen/lerobot_yu/so-arm_moveit_isaacsim_ws/build/so_arm_moveit_config': AMENT_PREFIX_PATH=/home/allen/lerobot_yu/so-arm_moveit_isaacsim_ws/install/so_arm_description:${AMENT_PREFIX_PATH} CMAKE_PREFIX_PATH=/home/allen/lerobot_yu/so-arm_moveit_isaacsim_ws/install/so_arm_description:/home/allen/ws_moveit2/install/pilz_industrial_motion_planner_testutils:/home/allen/ws_moveit2/install/moveit_runtime:/home/allen/ws_moveit2/install/moveit2_tutorials:/home/allen/ws_moveit2/install/moveit:/home/allen/ws_moveit2/install/moveit_planners:/home/allen/ws_moveit2/install/pilz_industrial_motion_planner:/home/allen/ws_moveit2/install/moveit_visual_tools:/home/allen/ws_moveit2/install/moveit_task_constructor_visualization:/home/allen/ws_moveit2/install/moveit_task_constructor_demo:/home/allen/ws_moveit2/install/moveit_task_constructor_capabilities:/home/allen/ws_moveit2/install/moveit_task_constructor_core:/home/allen/ws_moveit2/install/moveit_ros_control_interface:/home/allen/ws_moveit2/install/moveit_plugins:/home/allen/ws_moveit2/install/moveit_simple_controller_manager:/home/allen/ws_moveit2/install/moveit_setup_assistant:/home/allen/ws_moveit2/install/moveit_setup_srdf_plugins:/home/allen/ws_moveit2/install/moveit_setup_core_plugins:/home/allen/ws_moveit2/install/moveit_setup_controllers:/home/allen/ws_moveit2/install/moveit_setup_app_plugins:/home/allen/ws_moveit2/install/moveit_setup_framework:/home/allen/ws_moveit2/install/moveit_servo:/home/allen/ws_moveit2/install/moveit_ros:/home/allen/ws_moveit2/install/moveit_ros_visualization:/home/allen/ws_moveit2/install/moveit_hybrid_planning:/home/allen/ws_moveit2/install/moveit_ros_planning_interface:/home/allen/ws_moveit2/install/moveit_ros_benchmarks:/home/allen/ws_moveit2/install/moveit_ros_warehouse:/home/allen/ws_moveit2/install/moveit_ros_robot_interaction:/home/allen/ws_moveit2/install/moveit_ros_perception:/home/allen/ws_moveit2/install/moveit_resources_prbt_pg70_support:/home/allen/ws_moveit2/install/moveit_resources_prbt_moveit_config:/home/allen/ws_moveit2/install/moveit_ros_move_group:/home/allen/ws_moveit2/install/moveit_planners_ompl:/home/allen/ws_moveit2/install/moveit_ros_planning:/home/allen/ws_moveit2/install/moveit_ros_occupancy_map_monitor:/home/allen/ws_moveit2/install/moveit_resources_prbt_ikfast_manipulator_plugin:/home/allen/ws_moveit2/install/moveit_planners_chomp:/home/allen/ws_moveit2/install/moveit_kinematics:/home/allen/ws_moveit2/install/moveit_chomp_optimizer_adapter:/home/allen/ws_moveit2/install/chomp_motion_planner:/home/allen/ws_moveit2/install/moveit_core:/home/allen/ws_moveit2/install/srdfdom:/home/allen/ws_moveit2/install/rviz_marker_tools:/home/allen/ws_moveit2/install/rosparam_shortcuts:/home/allen/ws_moveit2/install/moveit_task_constructor_msgs:/home/allen/ws_moveit2/install/moveit_resources_prbt_support:/home/allen/ws_moveit2/install/moveit_resources:/home/allen/ws_moveit2/install/moveit_resources_pr2_description:/home/allen/ws_moveit2/install/moveit_resources_panda_moveit_config:/home/allen/ws_moveit2/install/moveit_resources_panda_description:/home/allen/ws_moveit2/install/moveit_resources_fanuc_moveit_config:/home/allen/ws_moveit2/install/moveit_resources_fanuc_description:/home/allen/ws_moveit2/install/moveit_common:/home/allen/ws_moveit2/install/moveit_configs_utils:/home/allen/ws_moveit2/install/launch_param_builder:/opt/ros/humble /usr/bin/cmake --install /home/allen/lerobot_yu/so-arm_moveit_isaacsim_ws/build/so_arm_moveit_config
[5.084s] Level 1:colcon.colcon_core.environment:create_environment_scripts_only(so_arm_moveit_config)
[5.084s] Level 1:colcon.colcon_core.environment:checking '/home/allen/lerobot_yu/so-arm_moveit_isaacsim_ws/install/so_arm_moveit_config' for CMake module files
[5.085s] DEBUG:colcon.colcon_core.event_handler.log_command:Invoked command in '/home/allen/lerobot_yu/so-arm_moveit_isaacsim_ws/build/so_arm_moveit_config' returned '0': AMENT_PREFIX_PATH=/home/allen/lerobot_yu/so-arm_moveit_isaacsim_ws/install/so_arm_description:${AMENT_PREFIX_PATH} CMAKE_PREFIX_PATH=/home/allen/lerobot_yu/so-arm_moveit_isaacsim_ws/install/so_arm_description:/home/allen/ws_moveit2/install/pilz_industrial_motion_planner_testutils:/home/allen/ws_moveit2/install/moveit_runtime:/home/allen/ws_moveit2/install/moveit2_tutorials:/home/allen/ws_moveit2/install/moveit:/home/allen/ws_moveit2/install/moveit_planners:/home/allen/ws_moveit2/install/pilz_industrial_motion_planner:/home/allen/ws_moveit2/install/moveit_visual_tools:/home/allen/ws_moveit2/install/moveit_task_constructor_visualization:/home/allen/ws_moveit2/install/moveit_task_constructor_demo:/home/allen/ws_moveit2/install/moveit_task_constructor_capabilities:/home/allen/ws_moveit2/install/moveit_task_constructor_core:/home/allen/ws_moveit2/install/moveit_ros_control_interface:/home/allen/ws_moveit2/install/moveit_plugins:/home/allen/ws_moveit2/install/moveit_simple_controller_manager:/home/allen/ws_moveit2/install/moveit_setup_assistant:/home/allen/ws_moveit2/install/moveit_setup_srdf_plugins:/home/allen/ws_moveit2/install/moveit_setup_core_plugins:/home/allen/ws_moveit2/install/moveit_setup_controllers:/home/allen/ws_moveit2/install/moveit_setup_app_plugins:/home/allen/ws_moveit2/install/moveit_setup_framework:/home/allen/ws_moveit2/install/moveit_servo:/home/allen/ws_moveit2/install/moveit_ros:/home/allen/ws_moveit2/install/moveit_ros_visualization:/home/allen/ws_moveit2/install/moveit_hybrid_planning:/home/allen/ws_moveit2/install/moveit_ros_planning_interface:/home/allen/ws_moveit2/install/moveit_ros_benchmarks:/home/allen/ws_moveit2/install/moveit_ros_warehouse:/home/allen/ws_moveit2/install/moveit_ros_robot_interaction:/home/allen/ws_moveit2/install/moveit_ros_perception:/home/allen/ws_moveit2/install/moveit_resources_prbt_pg70_support:/home/allen/ws_moveit2/install/moveit_resources_prbt_moveit_config:/home/allen/ws_moveit2/install/moveit_ros_move_group:/home/allen/ws_moveit2/install/moveit_planners_ompl:/home/allen/ws_moveit2/install/moveit_ros_planning:/home/allen/ws_moveit2/install/moveit_ros_occupancy_map_monitor:/home/allen/ws_moveit2/install/moveit_resources_prbt_ikfast_manipulator_plugin:/home/allen/ws_moveit2/install/moveit_planners_chomp:/home/allen/ws_moveit2/install/moveit_kinematics:/home/allen/ws_moveit2/install/moveit_chomp_optimizer_adapter:/home/allen/ws_moveit2/install/chomp_motion_planner:/home/allen/ws_moveit2/install/moveit_core:/home/allen/ws_moveit2/install/srdfdom:/home/allen/ws_moveit2/install/rviz_marker_tools:/home/allen/ws_moveit2/install/rosparam_shortcuts:/home/allen/ws_moveit2/install/moveit_task_constructor_msgs:/home/allen/ws_moveit2/install/moveit_resources_prbt_support:/home/allen/ws_moveit2/install/moveit_resources:/home/allen/ws_moveit2/install/moveit_resources_pr2_description:/home/allen/ws_moveit2/install/moveit_resources_panda_moveit_config:/home/allen/ws_moveit2/install/moveit_resources_panda_description:/home/allen/ws_moveit2/install/moveit_resources_fanuc_moveit_config:/home/allen/ws_moveit2/install/moveit_resources_fanuc_description:/home/allen/ws_moveit2/install/moveit_common:/home/allen/ws_moveit2/install/moveit_configs_utils:/home/allen/ws_moveit2/install/launch_param_builder:/opt/ros/humble /usr/bin/cmake --install /home/allen/lerobot_yu/so-arm_moveit_isaacsim_ws/build/so_arm_moveit_config
[5.085s] Level 1:colcon.colcon_core.environment:checking '/home/allen/lerobot_yu/so-arm_moveit_isaacsim_ws/install/so_arm_moveit_config' for CMake config files
[5.085s] Level 1:colcon.colcon_core.shell:create_environment_hook('so_arm_moveit_config', 'cmake_prefix_path')
[5.085s] INFO:colcon.colcon_core.shell:Creating environment hook '/home/allen/lerobot_yu/so-arm_moveit_isaacsim_ws/install/so_arm_moveit_config/share/so_arm_moveit_config/hook/cmake_prefix_path.ps1'
[5.086s] INFO:colcon.colcon_core.shell:Creating environment descriptor '/home/allen/lerobot_yu/so-arm_moveit_isaacsim_ws/install/so_arm_moveit_config/share/so_arm_moveit_config/hook/cmake_prefix_path.dsv'
[5.086s] INFO:colcon.colcon_core.shell:Creating environment hook '/home/allen/lerobot_yu/so-arm_moveit_isaacsim_ws/install/so_arm_moveit_config/share/so_arm_moveit_config/hook/cmake_prefix_path.sh'
[5.086s] Level 1:colcon.colcon_core.environment:checking '/home/allen/lerobot_yu/so-arm_moveit_isaacsim_ws/install/so_arm_moveit_config/bin'
[5.086s] Level 1:colcon.colcon_core.environment:checking '/home/allen/lerobot_yu/so-arm_moveit_isaacsim_ws/install/so_arm_moveit_config/lib/pkgconfig/so_arm_moveit_config.pc'
[5.087s] Level 1:colcon.colcon_core.environment:checking '/home/allen/lerobot_yu/so-arm_moveit_isaacsim_ws/install/so_arm_moveit_config/lib/python3.10/site-packages'
[5.087s] Level 1:colcon.colcon_core.environment:checking '/home/allen/lerobot_yu/so-arm_moveit_isaacsim_ws/install/so_arm_moveit_config/bin'
[5.087s] INFO:colcon.colcon_core.shell:Creating package script '/home/allen/lerobot_yu/so-arm_moveit_isaacsim_ws/install/so_arm_moveit_config/share/so_arm_moveit_config/package.ps1'
[5.087s] INFO:colcon.colcon_core.shell:Creating package descriptor '/home/allen/lerobot_yu/so-arm_moveit_isaacsim_ws/install/so_arm_moveit_config/share/so_arm_moveit_config/package.dsv'
[5.087s] INFO:colcon.colcon_core.shell:Creating package script '/home/allen/lerobot_yu/so-arm_moveit_isaacsim_ws/install/so_arm_moveit_config/share/so_arm_moveit_config/package.sh'
[5.088s] INFO:colcon.colcon_core.shell:Creating package script '/home/allen/lerobot_yu/so-arm_moveit_isaacsim_ws/install/so_arm_moveit_config/share/so_arm_moveit_config/package.bash'
[5.088s] INFO:colcon.colcon_core.shell:Creating package script '/home/allen/lerobot_yu/so-arm_moveit_isaacsim_ws/install/so_arm_moveit_config/share/so_arm_moveit_config/package.zsh'
[5.089s] Level 1:colcon.colcon_core.environment:create_file_with_runtime_dependencies(/home/allen/lerobot_yu/so-arm_moveit_isaacsim_ws/install/so_arm_moveit_config/share/colcon-core/packages/so_arm_moveit_config)
[5.089s] Level 1:colcon.colcon_core.environment:create_environment_scripts_only(so_arm_moveit_config)
[5.089s] Level 1:colcon.colcon_core.environment:checking '/home/allen/lerobot_yu/so-arm_moveit_isaacsim_ws/install/so_arm_moveit_config' for CMake module files
[5.090s] Level 1:colcon.colcon_core.environment:checking '/home/allen/lerobot_yu/so-arm_moveit_isaacsim_ws/install/so_arm_moveit_config' for CMake config files
[5.090s] Level 1:colcon.colcon_core.shell:create_environment_hook('so_arm_moveit_config', 'cmake_prefix_path')
[5.090s] INFO:colcon.colcon_core.shell:Creating environment hook '/home/allen/lerobot_yu/so-arm_moveit_isaacsim_ws/install/so_arm_moveit_config/share/so_arm_moveit_config/hook/cmake_prefix_path.ps1'
[5.090s] INFO:colcon.colcon_core.shell:Creating environment descriptor '/home/allen/lerobot_yu/so-arm_moveit_isaacsim_ws/install/so_arm_moveit_config/share/so_arm_moveit_config/hook/cmake_prefix_path.dsv'
[5.090s] INFO:colcon.colcon_core.shell:Creating environment hook '/home/allen/lerobot_yu/so-arm_moveit_isaacsim_ws/install/so_arm_moveit_config/share/so_arm_moveit_config/hook/cmake_prefix_path.sh'
[5.091s] Level 1:colcon.colcon_core.environment:checking '/home/allen/lerobot_yu/so-arm_moveit_isaacsim_ws/install/so_arm_moveit_config/bin'
[5.091s] Level 1:colcon.colcon_core.environment:checking '/home/allen/lerobot_yu/so-arm_moveit_isaacsim_ws/install/so_arm_moveit_config/lib/pkgconfig/so_arm_moveit_config.pc'
[5.091s] Level 1:colcon.colcon_core.environment:checking '/home/allen/lerobot_yu/so-arm_moveit_isaacsim_ws/install/so_arm_moveit_config/lib/python3.10/site-packages'
[5.091s] Level 1:colcon.colcon_core.environment:checking '/home/allen/lerobot_yu/so-arm_moveit_isaacsim_ws/install/so_arm_moveit_config/bin'
[5.091s] INFO:colcon.colcon_core.shell:Creating package script '/home/allen/lerobot_yu/so-arm_moveit_isaacsim_ws/install/so_arm_moveit_config/share/so_arm_moveit_config/package.ps1'
[5.092s] INFO:colcon.colcon_core.shell:Creating package descriptor '/home/allen/lerobot_yu/so-arm_moveit_isaacsim_ws/install/so_arm_moveit_config/share/so_arm_moveit_config/package.dsv'
[5.092s] INFO:colcon.colcon_core.shell:Creating package script '/home/allen/lerobot_yu/so-arm_moveit_isaacsim_ws/install/so_arm_moveit_config/share/so_arm_moveit_config/package.sh'
[5.092s] INFO:colcon.colcon_core.shell:Creating package script '/home/allen/lerobot_yu/so-arm_moveit_isaacsim_ws/install/so_arm_moveit_config/share/so_arm_moveit_config/package.bash'
[5.092s] INFO:colcon.colcon_core.shell:Creating package script '/home/allen/lerobot_yu/so-arm_moveit_isaacsim_ws/install/so_arm_moveit_config/share/so_arm_moveit_config/package.zsh'
[5.092s] Level 1:colcon.colcon_core.environment:create_file_with_runtime_dependencies(/home/allen/lerobot_yu/so-arm_moveit_isaacsim_ws/install/so_arm_moveit_config/share/colcon-core/packages/so_arm_moveit_config)
[16.552s] DEBUG:colcon.colcon_core.event_handler.log_command:Invoked command in '/home/allen/lerobot_yu/so-arm_moveit_isaacsim_ws/build/moveit_servo' returned '0': CMAKE_PREFIX_PATH=${CMAKE_PREFIX_PATH}:/home/allen/ws_moveit2/install/moveit_configs_utils:/home/allen/ws_moveit2/install/launch_param_builder:/opt/ros/humble /usr/bin/cmake /home/allen/lerobot_yu/so-arm_moveit_isaacsim_ws/src/moveit_servo -DCMAKE_INSTALL_PREFIX=/home/allen/lerobot_yu/so-arm_moveit_isaacsim_ws/install/moveit_servo
[16.553s] DEBUG:colcon.colcon_core.event_handler.log_command:Invoking command in '/home/allen/lerobot_yu/so-arm_moveit_isaacsim_ws/build/moveit_servo': CMAKE_PREFIX_PATH=${CMAKE_PREFIX_PATH}:/home/allen/ws_moveit2/install/moveit_configs_utils:/home/allen/ws_moveit2/install/launch_param_builder:/opt/ros/humble /usr/bin/cmake --build /home/allen/lerobot_yu/so-arm_moveit_isaacsim_ws/build/moveit_servo -- -j20 -l20
[89.754s] DEBUG:colcon.colcon_core.event_handler.log_command:Invoked command in '/home/allen/lerobot_yu/so-arm_moveit_isaacsim_ws/build/moveit_servo' returned '0': CMAKE_PREFIX_PATH=${CMAKE_PREFIX_PATH}:/home/allen/ws_moveit2/install/moveit_configs_utils:/home/allen/ws_moveit2/install/launch_param_builder:/opt/ros/humble /usr/bin/cmake --build /home/allen/lerobot_yu/so-arm_moveit_isaacsim_ws/build/moveit_servo -- -j20 -l20
[89.756s] DEBUG:colcon.colcon_core.event_handler.log_command:Invoking command in '/home/allen/lerobot_yu/so-arm_moveit_isaacsim_ws/build/moveit_servo': CMAKE_PREFIX_PATH=${CMAKE_PREFIX_PATH}:/home/allen/ws_moveit2/install/moveit_configs_utils:/home/allen/ws_moveit2/install/launch_param_builder:/opt/ros/humble /usr/bin/cmake --install /home/allen/lerobot_yu/so-arm_moveit_isaacsim_ws/build/moveit_servo
[89.778s] Level 1:colcon.colcon_core.environment:create_environment_scripts_only(moveit_servo)
[89.779s] Level 1:colcon.colcon_core.environment:checking '/home/allen/lerobot_yu/so-arm_moveit_isaacsim_ws/install/moveit_servo' for CMake module files
[89.779s] DEBUG:colcon.colcon_core.event_handler.log_command:Invoked command in '/home/allen/lerobot_yu/so-arm_moveit_isaacsim_ws/build/moveit_servo' returned '0': CMAKE_PREFIX_PATH=${CMAKE_PREFIX_PATH}:/home/allen/ws_moveit2/install/moveit_configs_utils:/home/allen/ws_moveit2/install/launch_param_builder:/opt/ros/humble /usr/bin/cmake --install /home/allen/lerobot_yu/so-arm_moveit_isaacsim_ws/build/moveit_servo
[89.779s] Level 1:colcon.colcon_core.environment:checking '/home/allen/lerobot_yu/so-arm_moveit_isaacsim_ws/install/moveit_servo' for CMake config files
[89.780s] Level 1:colcon.colcon_core.shell:create_environment_hook('moveit_servo', 'cmake_prefix_path')
[89.780s] INFO:colcon.colcon_core.shell:Creating environment hook '/home/allen/lerobot_yu/so-arm_moveit_isaacsim_ws/install/moveit_servo/share/moveit_servo/hook/cmake_prefix_path.ps1'
[89.781s] INFO:colcon.colcon_core.shell:Creating environment descriptor '/home/allen/lerobot_yu/so-arm_moveit_isaacsim_ws/install/moveit_servo/share/moveit_servo/hook/cmake_prefix_path.dsv'
[89.781s] INFO:colcon.colcon_core.shell:Creating environment hook '/home/allen/lerobot_yu/so-arm_moveit_isaacsim_ws/install/moveit_servo/share/moveit_servo/hook/cmake_prefix_path.sh'
[89.781s] Level 1:colcon.colcon_core.environment:checking '/home/allen/lerobot_yu/so-arm_moveit_isaacsim_ws/install/moveit_servo/lib'
[89.781s] Level 1:colcon.colcon_core.shell:create_environment_hook('moveit_servo', 'ld_library_path_lib')
[89.781s] INFO:colcon.colcon_core.shell:Creating environment hook '/home/allen/lerobot_yu/so-arm_moveit_isaacsim_ws/install/moveit_servo/share/moveit_servo/hook/ld_library_path_lib.ps1'
[89.782s] INFO:colcon.colcon_core.shell:Creating environment descriptor '/home/allen/lerobot_yu/so-arm_moveit_isaacsim_ws/install/moveit_servo/share/moveit_servo/hook/ld_library_path_lib.dsv'
[89.782s] INFO:colcon.colcon_core.shell:Creating environment hook '/home/allen/lerobot_yu/so-arm_moveit_isaacsim_ws/install/moveit_servo/share/moveit_servo/hook/ld_library_path_lib.sh'
[89.782s] Level 1:colcon.colcon_core.environment:checking '/home/allen/lerobot_yu/so-arm_moveit_isaacsim_ws/install/moveit_servo/bin'
[89.782s] Level 1:colcon.colcon_core.environment:checking '/home/allen/lerobot_yu/so-arm_moveit_isaacsim_ws/install/moveit_servo/lib/pkgconfig/moveit_servo.pc'
[89.782s] Level 1:colcon.colcon_core.environment:checking '/home/allen/lerobot_yu/so-arm_moveit_isaacsim_ws/install/moveit_servo/lib/python3.10/site-packages'
[89.783s] Level 1:colcon.colcon_core.environment:checking '/home/allen/lerobot_yu/so-arm_moveit_isaacsim_ws/install/moveit_servo/bin'
[89.783s] INFO:colcon.colcon_core.shell:Creating package script '/home/allen/lerobot_yu/so-arm_moveit_isaacsim_ws/install/moveit_servo/share/moveit_servo/package.ps1'
[89.783s] INFO:colcon.colcon_core.shell:Creating package descriptor '/home/allen/lerobot_yu/so-arm_moveit_isaacsim_ws/install/moveit_servo/share/moveit_servo/package.dsv'
[89.784s] INFO:colcon.colcon_core.shell:Creating package script '/home/allen/lerobot_yu/so-arm_moveit_isaacsim_ws/install/moveit_servo/share/moveit_servo/package.sh'
[89.784s] INFO:colcon.colcon_core.shell:Creating package script '/home/allen/lerobot_yu/so-arm_moveit_isaacsim_ws/install/moveit_servo/share/moveit_servo/package.bash'
[89.784s] INFO:colcon.colcon_core.shell:Creating package script '/home/allen/lerobot_yu/so-arm_moveit_isaacsim_ws/install/moveit_servo/share/moveit_servo/package.zsh'
[89.784s] Level 1:colcon.colcon_core.environment:create_file_with_runtime_dependencies(/home/allen/lerobot_yu/so-arm_moveit_isaacsim_ws/install/moveit_servo/share/colcon-core/packages/moveit_servo)
[89.785s] Level 1:colcon.colcon_core.environment:create_environment_scripts_only(moveit_servo)
[89.785s] Level 1:colcon.colcon_core.environment:checking '/home/allen/lerobot_yu/so-arm_moveit_isaacsim_ws/install/moveit_servo' for CMake module files
[89.785s] Level 1:colcon.colcon_core.environment:checking '/home/allen/lerobot_yu/so-arm_moveit_isaacsim_ws/install/moveit_servo' for CMake config files
[89.786s] Level 1:colcon.colcon_core.shell:create_environment_hook('moveit_servo', 'cmake_prefix_path')
[89.786s] INFO:colcon.colcon_core.shell:Creating environment hook '/home/allen/lerobot_yu/so-arm_moveit_isaacsim_ws/install/moveit_servo/share/moveit_servo/hook/cmake_prefix_path.ps1'
[89.786s] INFO:colcon.colcon_core.shell:Creating environment descriptor '/home/allen/lerobot_yu/so-arm_moveit_isaacsim_ws/install/moveit_servo/share/moveit_servo/hook/cmake_prefix_path.dsv'
[89.786s] INFO:colcon.colcon_core.shell:Creating environment hook '/home/allen/lerobot_yu/so-arm_moveit_isaacsim_ws/install/moveit_servo/share/moveit_servo/hook/cmake_prefix_path.sh'
[89.787s] Level 1:colcon.colcon_core.environment:checking '/home/allen/lerobot_yu/so-arm_moveit_isaacsim_ws/install/moveit_servo/lib'
[89.787s] Level 1:colcon.colcon_core.shell:create_environment_hook('moveit_servo', 'ld_library_path_lib')
[89.787s] INFO:colcon.colcon_core.shell:Creating environment hook '/home/allen/lerobot_yu/so-arm_moveit_isaacsim_ws/install/moveit_servo/share/moveit_servo/hook/ld_library_path_lib.ps1'
[89.787s] INFO:colcon.colcon_core.shell:Creating environment descriptor '/home/allen/lerobot_yu/so-arm_moveit_isaacsim_ws/install/moveit_servo/share/moveit_servo/hook/ld_library_path_lib.dsv'
[89.788s] INFO:colcon.colcon_core.shell:Creating environment hook '/home/allen/lerobot_yu/so-arm_moveit_isaacsim_ws/install/moveit_servo/share/moveit_servo/hook/ld_library_path_lib.sh'
[89.788s] Level 1:colcon.colcon_core.environment:checking '/home/allen/lerobot_yu/so-arm_moveit_isaacsim_ws/install/moveit_servo/bin'
[89.788s] Level 1:colcon.colcon_core.environment:checking '/home/allen/lerobot_yu/so-arm_moveit_isaacsim_ws/install/moveit_servo/lib/pkgconfig/moveit_servo.pc'
[89.788s] Level 1:colcon.colcon_core.environment:checking '/home/allen/lerobot_yu/so-arm_moveit_isaacsim_ws/install/moveit_servo/lib/python3.10/site-packages'
[89.788s] Level 1:colcon.colcon_core.environment:checking '/home/allen/lerobot_yu/so-arm_moveit_isaacsim_ws/install/moveit_servo/bin'
[89.789s] INFO:colcon.colcon_core.shell:Creating package script '/home/allen/lerobot_yu/so-arm_moveit_isaacsim_ws/install/moveit_servo/share/moveit_servo/package.ps1'
[89.789s] INFO:colcon.colcon_core.shell:Creating package descriptor '/home/allen/lerobot_yu/so-arm_moveit_isaacsim_ws/install/moveit_servo/share/moveit_servo/package.dsv'
[89.789s] INFO:colcon.colcon_core.shell:Creating package script '/home/allen/lerobot_yu/so-arm_moveit_isaacsim_ws/install/moveit_servo/share/moveit_servo/package.sh'
[89.790s] INFO:colcon.colcon_core.shell:Creating package script '/home/allen/lerobot_yu/so-arm_moveit_isaacsim_ws/install/moveit_servo/share/moveit_servo/package.bash'
[89.790s] INFO:colcon.colcon_core.shell:Creating package script '/home/allen/lerobot_yu/so-arm_moveit_isaacsim_ws/install/moveit_servo/share/moveit_servo/package.zsh'
[89.790s] Level 1:colcon.colcon_core.environment:create_file_with_runtime_dependencies(/home/allen/lerobot_yu/so-arm_moveit_isaacsim_ws/install/moveit_servo/share/colcon-core/packages/moveit_servo)
[89.790s] INFO:colcon.colcon_ros.task.catkin.build:Building ROS package in '/home/allen/lerobot_yu/so-arm_moveit_isaacsim_ws/src/so_arm_teleop' with build type 'catkin'
[89.791s] INFO:colcon.colcon_cmake.task.cmake.build:Building CMake package in '/home/allen/lerobot_yu/so-arm_moveit_isaacsim_ws/src/so_arm_teleop'
[89.791s] INFO:colcon.colcon_core.shell:Skip shell extension 'powershell' for command environment: Not usable outside of PowerShell
[89.791s] DEBUG:colcon.colcon_core.shell:Skip shell extension 'dsv' for command environment
[89.909s] DEBUG:colcon.colcon_core.event_handler.log_command:Invoking command in '/home/allen/lerobot_yu/so-arm_moveit_isaacsim_ws/build/so_arm_teleop': AMENT_PREFIX_PATH=/home/allen/lerobot_yu/so-arm_moveit_isaacsim_ws/install/moveit_servo:${AMENT_PREFIX_PATH} CMAKE_PREFIX_PATH=/home/allen/lerobot_yu/so-arm_moveit_isaacsim_ws/install/moveit_servo:${CMAKE_PREFIX_PATH} LD_LIBRARY_PATH=/home/allen/lerobot_yu/so-arm_moveit_isaacsim_ws/install/moveit_servo/lib:${LD_LIBRARY_PATH} /usr/bin/cmake --build /home/allen/lerobot_yu/so-arm_moveit_isaacsim_ws/build/so_arm_teleop -- -j20 -l20
[89.942s] DEBUG:colcon.colcon_core.event_handler.log_command:Invoked command in '/home/allen/lerobot_yu/so-arm_moveit_isaacsim_ws/build/so_arm_teleop' returned '0': AMENT_PREFIX_PATH=/home/allen/lerobot_yu/so-arm_moveit_isaacsim_ws/install/moveit_servo:${AMENT_PREFIX_PATH} CMAKE_PREFIX_PATH=/home/allen/lerobot_yu/so-arm_moveit_isaacsim_ws/install/moveit_servo:${CMAKE_PREFIX_PATH} LD_LIBRARY_PATH=/home/allen/lerobot_yu/so-arm_moveit_isaacsim_ws/install/moveit_servo/lib:${LD_LIBRARY_PATH} /usr/bin/cmake --build /home/allen/lerobot_yu/so-arm_moveit_isaacsim_ws/build/so_arm_teleop -- -j20 -l20
[89.944s] DEBUG:colcon.colcon_core.event_handler.log_command:Invoking command in '/home/allen/lerobot_yu/so-arm_moveit_isaacsim_ws/build/so_arm_teleop': AMENT_PREFIX_PATH=/home/allen/lerobot_yu/so-arm_moveit_isaacsim_ws/install/moveit_servo:${AMENT_PREFIX_PATH} CMAKE_PREFIX_PATH=/home/allen/lerobot_yu/so-arm_moveit_isaacsim_ws/install/moveit_servo:${CMAKE_PREFIX_PATH} LD_LIBRARY_PATH=/home/allen/lerobot_yu/so-arm_moveit_isaacsim_ws/install/moveit_servo/lib:${LD_LIBRARY_PATH} /usr/bin/cmake --install /home/allen/lerobot_yu/so-arm_moveit_isaacsim_ws/build/so_arm_teleop
[89.952s] DEBUG:colcon.colcon_core.event_handler.log_command:Invoked command in '/home/allen/lerobot_yu/so-arm_moveit_isaacsim_ws/build/so_arm_teleop' returned '0': AMENT_PREFIX_PATH=/home/allen/lerobot_yu/so-arm_moveit_isaacsim_ws/install/moveit_servo:${AMENT_PREFIX_PATH} CMAKE_PREFIX_PATH=/home/allen/lerobot_yu/so-arm_moveit_isaacsim_ws/install/moveit_servo:${CMAKE_PREFIX_PATH} LD_LIBRARY_PATH=/home/allen/lerobot_yu/so-arm_moveit_isaacsim_ws/install/moveit_servo/lib:${LD_LIBRARY_PATH} /usr/bin/cmake --install /home/allen/lerobot_yu/so-arm_moveit_isaacsim_ws/build/so_arm_teleop
[89.952s] Level 1:colcon.colcon_core.shell:create_environment_hook('so_arm_teleop', 'ros_package_path')
[89.952s] INFO:colcon.colcon_core.shell:Creating environment hook '/home/allen/lerobot_yu/so-arm_moveit_isaacsim_ws/install/so_arm_teleop/share/so_arm_teleop/hook/ros_package_path.ps1'
[89.953s] INFO:colcon.colcon_core.shell:Creating environment descriptor '/home/allen/lerobot_yu/so-arm_moveit_isaacsim_ws/install/so_arm_teleop/share/so_arm_teleop/hook/ros_package_path.dsv'
[89.953s] INFO:colcon.colcon_core.shell:Creating environment hook '/home/allen/lerobot_yu/so-arm_moveit_isaacsim_ws/install/so_arm_teleop/share/so_arm_teleop/hook/ros_package_path.sh'
[89.953s] Level 1:colcon.colcon_core.shell:create_environment_hook('so_arm_teleop', 'pkg_config_path')
[89.953s] INFO:colcon.colcon_core.shell:Creating environment hook '/home/allen/lerobot_yu/so-arm_moveit_isaacsim_ws/install/so_arm_teleop/share/so_arm_teleop/hook/pkg_config_path.ps1'
[89.954s] INFO:colcon.colcon_core.shell:Creating environment descriptor '/home/allen/lerobot_yu/so-arm_moveit_isaacsim_ws/install/so_arm_teleop/share/so_arm_teleop/hook/pkg_config_path.dsv'
[89.954s] INFO:colcon.colcon_core.shell:Creating environment hook '/home/allen/lerobot_yu/so-arm_moveit_isaacsim_ws/install/so_arm_teleop/share/so_arm_teleop/hook/pkg_config_path.sh'
[89.956s] Level 1:colcon.colcon_core.shell:create_environment_hook('so_arm_teleop', 'pkg_config_path_multiarch')
[89.956s] INFO:colcon.colcon_core.shell:Creating environment hook '/home/allen/lerobot_yu/so-arm_moveit_isaacsim_ws/install/so_arm_teleop/share/so_arm_teleop/hook/pkg_config_path_multiarch.ps1'
[89.956s] INFO:colcon.colcon_core.shell:Creating environment descriptor '/home/allen/lerobot_yu/so-arm_moveit_isaacsim_ws/install/so_arm_teleop/share/so_arm_teleop/hook/pkg_config_path_multiarch.dsv'
[89.956s] INFO:colcon.colcon_core.shell:Creating environment hook '/home/allen/lerobot_yu/so-arm_moveit_isaacsim_ws/install/so_arm_teleop/share/so_arm_teleop/hook/pkg_config_path_multiarch.sh'
[89.957s] Level 1:colcon.colcon_core.environment:create_environment_scripts_only(so_arm_teleop)
[89.957s] Level 1:colcon.colcon_core.environment:checking '/home/allen/lerobot_yu/so-arm_moveit_isaacsim_ws/install/so_arm_teleop' for CMake module files
[89.958s] Level 1:colcon.colcon_core.environment:checking '/home/allen/lerobot_yu/so-arm_moveit_isaacsim_ws/install/so_arm_teleop' for CMake config files
[89.958s] Level 1:colcon.colcon_core.shell:create_environment_hook('so_arm_teleop', 'cmake_prefix_path')
[89.958s] INFO:colcon.colcon_core.shell:Creating environment hook '/home/allen/lerobot_yu/so-arm_moveit_isaacsim_ws/install/so_arm_teleop/share/so_arm_teleop/hook/cmake_prefix_path.ps1'
[89.958s] INFO:colcon.colcon_core.shell:Creating environment descriptor '/home/allen/lerobot_yu/so-arm_moveit_isaacsim_ws/install/so_arm_teleop/share/so_arm_teleop/hook/cmake_prefix_path.dsv'
[89.959s] INFO:colcon.colcon_core.shell:Creating environment hook '/home/allen/lerobot_yu/so-arm_moveit_isaacsim_ws/install/so_arm_teleop/share/so_arm_teleop/hook/cmake_prefix_path.sh'
[89.959s] Level 1:colcon.colcon_core.environment:checking '/home/allen/lerobot_yu/so-arm_moveit_isaacsim_ws/install/so_arm_teleop/lib'
[89.959s] Level 1:colcon.colcon_core.environment:checking '/home/allen/lerobot_yu/so-arm_moveit_isaacsim_ws/install/so_arm_teleop/bin'
[89.959s] Level 1:colcon.colcon_core.environment:checking '/home/allen/lerobot_yu/so-arm_moveit_isaacsim_ws/install/so_arm_teleop/lib/pkgconfig/so_arm_teleop.pc'
[89.959s] Level 1:colcon.colcon_core.environment:checking '/home/allen/lerobot_yu/so-arm_moveit_isaacsim_ws/install/so_arm_teleop/lib/python3.10/site-packages'
[89.959s] Level 1:colcon.colcon_core.environment:checking '/home/allen/lerobot_yu/so-arm_moveit_isaacsim_ws/install/so_arm_teleop/bin'
[89.960s] INFO:colcon.colcon_core.shell:Creating package script '/home/allen/lerobot_yu/so-arm_moveit_isaacsim_ws/install/so_arm_teleop/share/so_arm_teleop/package.ps1'
[89.960s] INFO:colcon.colcon_core.shell:Creating package descriptor '/home/allen/lerobot_yu/so-arm_moveit_isaacsim_ws/install/so_arm_teleop/share/so_arm_teleop/package.dsv'
[89.960s] INFO:colcon.colcon_core.shell:Creating package script '/home/allen/lerobot_yu/so-arm_moveit_isaacsim_ws/install/so_arm_teleop/share/so_arm_teleop/package.sh'
[89.961s] INFO:colcon.colcon_core.shell:Creating package script '/home/allen/lerobot_yu/so-arm_moveit_isaacsim_ws/install/so_arm_teleop/share/so_arm_teleop/package.bash'
[89.961s] INFO:colcon.colcon_core.shell:Creating package script '/home/allen/lerobot_yu/so-arm_moveit_isaacsim_ws/install/so_arm_teleop/share/so_arm_teleop/package.zsh'
[89.961s] Level 1:colcon.colcon_core.environment:create_file_with_runtime_dependencies(/home/allen/lerobot_yu/so-arm_moveit_isaacsim_ws/install/so_arm_teleop/share/colcon-core/packages/so_arm_teleop)
[89.961s] DEBUG:colcon.colcon_parallel_executor.executor.parallel:closing loop
[89.962s] DEBUG:colcon.colcon_parallel_executor.executor.parallel:loop closed
[89.962s] DEBUG:colcon.colcon_parallel_executor.executor.parallel:run_until_complete finished with '0'
[89.962s] DEBUG:colcon.colcon_core.event_reactor:joining thread
[90.013s] INFO:colcon.colcon_core.plugin_system:Skipping extension 'colcon_notification.desktop_notification.notify_send': Could not find 'notify-send'
[90.014s] INFO:colcon.colcon_core.plugin_system:Skipping extension 'colcon_notification.desktop_notification.terminal_notifier': Not used on non-Darwin systems
[90.014s] INFO:colcon.colcon_core.plugin_system:Skipping extension 'colcon_notification.desktop_notification.win32': Not used on non-Windows systems
[90.014s] INFO:colcon.colcon_notification.desktop_notification:Sending desktop notification using 'notify2'
[90.014s] DEBUG:colcon.colcon_notification.desktop_notification.notify2:Failed to initialize notify2: org.freedesktop.DBus.Error.FileNotFound: Failed to connect to socket /run/user/1000/bus: No such file or directory
[90.014s] DEBUG:colcon.colcon_core.event_reactor:joined thread
[90.014s] INFO:colcon.colcon_core.shell:Creating prefix script '/home/allen/lerobot_yu/so-arm_moveit_isaacsim_ws/install/local_setup.ps1'
[90.015s] INFO:colcon.colcon_core.shell:Creating prefix util module '/home/allen/lerobot_yu/so-arm_moveit_isaacsim_ws/install/_local_setup_util_ps1.py'
[90.016s] INFO:colcon.colcon_core.shell:Creating prefix chain script '/home/allen/lerobot_yu/so-arm_moveit_isaacsim_ws/install/setup.ps1'
[90.017s] INFO:colcon.colcon_core.shell:Creating prefix script '/home/allen/lerobot_yu/so-arm_moveit_isaacsim_ws/install/local_setup.sh'
[90.018s] INFO:colcon.colcon_core.shell:Creating prefix util module '/home/allen/lerobot_yu/so-arm_moveit_isaacsim_ws/install/_local_setup_util_sh.py'
[90.018s] INFO:colcon.colcon_core.shell:Creating prefix chain script '/home/allen/lerobot_yu/so-arm_moveit_isaacsim_ws/install/setup.sh'
[90.019s] INFO:colcon.colcon_core.shell:Creating prefix script '/home/allen/lerobot_yu/so-arm_moveit_isaacsim_ws/install/local_setup.bash'
[90.020s] INFO:colcon.colcon_core.shell:Creating prefix chain script '/home/allen/lerobot_yu/so-arm_moveit_isaacsim_ws/install/setup.bash'
[90.021s] INFO:colcon.colcon_core.shell:Creating prefix script '/home/allen/lerobot_yu/so-arm_moveit_isaacsim_ws/install/local_setup.zsh'
[90.022s] INFO:colcon.colcon_core.shell:Creating prefix chain script '/home/allen/lerobot_yu/so-arm_moveit_isaacsim_ws/install/setup.zsh'
