[0.148s] DEBUG:colcon:Command line arguments: ['/usr/bin/colcon', 'build', '--allow-overriding', 'moveit_servo']
[0.148s] DEBUG:colcon:Parsed command line arguments: Namespace(log_base=None, log_level=None, verb_name='build', build_base='build', install_base='install', merge_install=False, symlink_install=False, test_result_base=None, continue_on_error=False, executor='parallel', parallel_workers=20, event_handlers=None, ignore_user_meta=False, metas=['./colcon.meta'], base_paths=['.'], packages_ignore=None, packages_ignore_regex=None, paths=None, packages_up_to=None, packages_up_to_regex=None, packages_above=None, packages_above_and_dependencies=None, packages_above_depth=None, packages_select_by_dep=None, packages_skip_by_dep=None, packages_skip_up_to=None, packages_select_build_failed=False, packages_skip_build_finished=False, packages_select_test_failures=False, packages_skip_test_passed=False, packages_select=None, packages_skip=None, packages_select_regex=None, packages_skip_regex=None, packages_start=None, packages_end=None, allow_overriding=['moveit_servo'], cmake_args=None, cmake_target=None, cmake_target_skip_unavailable=False, cmake_clean_cache=False, cmake_clean_first=False, cmake_force_configure=False, ament_cmake_args=None, catkin_cmake_args=None, catkin_skip_building_tests=False, verb_parser=<colcon_defaults.argument_parser.defaults.DefaultArgumentsDecorator object at 0x7ff051c61000>, verb_extension=<colcon_core.verb.build.BuildVerb object at 0x7ff051c60ac0>, main=<bound method BuildVerb.main of <colcon_core.verb.build.BuildVerb object at 0x7ff051c60ac0>>)
[0.242s] Level 1:colcon.colcon_core.package_discovery:discover_packages(colcon_meta) check parameters
[0.242s] Level 1:colcon.colcon_core.package_discovery:discover_packages(recursive) check parameters
[0.242s] Level 1:colcon.colcon_core.package_discovery:discover_packages(ignore) check parameters
[0.242s] Level 1:colcon.colcon_core.package_discovery:discover_packages(path) check parameters
[0.242s] Level 1:colcon.colcon_core.package_discovery:discover_packages(colcon_meta) discover
[0.242s] Level 1:colcon.colcon_core.package_discovery:discover_packages(recursive) discover
[0.242s] INFO:colcon.colcon_core.package_discovery:Crawling recursively for packages in '/home/allen/lerobot_yu/so-arm_moveit_isaacsim_ws'
[0.242s] Level 1:colcon.colcon_core.package_identification:_identify(.) by extensions ['ignore', 'ignore_ament_install']
[0.242s] Level 1:colcon.colcon_core.package_identification:_identify(.) by extension 'ignore'
[0.242s] Level 1:colcon.colcon_core.package_identification:_identify(.) by extension 'ignore_ament_install'
[0.242s] Level 1:colcon.colcon_core.package_identification:_identify(.) by extensions ['colcon_pkg']
[0.242s] Level 1:colcon.colcon_core.package_identification:_identify(.) by extension 'colcon_pkg'
[0.242s] Level 1:colcon.colcon_core.package_identification:_identify(.) by extensions ['colcon_meta']
[0.242s] Level 1:colcon.colcon_core.package_identification:_identify(.) by extension 'colcon_meta'
[0.242s] Level 1:colcon.colcon_core.package_identification:_identify(.) by extensions ['ros']
[0.242s] Level 1:colcon.colcon_core.package_identification:_identify(.) by extension 'ros'
[0.249s] Level 1:colcon.colcon_core.package_identification:_identify(.) by extensions ['cmake', 'python']
[0.249s] Level 1:colcon.colcon_core.package_identification:_identify(.) by extension 'cmake'
[0.249s] Level 1:colcon.colcon_core.package_identification:_identify(.) by extension 'python'
[0.249s] Level 1:colcon.colcon_core.package_identification:_identify(.) by extensions ['python_setup_py']
[0.249s] Level 1:colcon.colcon_core.package_identification:_identify(.) by extension 'python_setup_py'
[0.249s] Level 1:colcon.colcon_core.package_identification:_identify(build) by extensions ['ignore', 'ignore_ament_install']
[0.249s] Level 1:colcon.colcon_core.package_identification:_identify(build) by extension 'ignore'
[0.249s] Level 1:colcon.colcon_core.package_identification:_identify(build) ignored
[0.249s] Level 1:colcon.colcon_core.package_identification:_identify(install) by extensions ['ignore', 'ignore_ament_install']
[0.249s] Level 1:colcon.colcon_core.package_identification:_identify(install) by extension 'ignore'
[0.249s] Level 1:colcon.colcon_core.package_identification:_identify(install) ignored
[0.249s] Level 1:colcon.colcon_core.package_identification:_identify(log) by extensions ['ignore', 'ignore_ament_install']
[0.249s] Level 1:colcon.colcon_core.package_identification:_identify(log) by extension 'ignore'
[0.249s] Level 1:colcon.colcon_core.package_identification:_identify(log) ignored
[0.249s] Level 1:colcon.colcon_core.package_identification:_identify(src) by extensions ['ignore', 'ignore_ament_install']
[0.250s] Level 1:colcon.colcon_core.package_identification:_identify(src) by extension 'ignore'
[0.250s] Level 1:colcon.colcon_core.package_identification:_identify(src) by extension 'ignore_ament_install'
[0.250s] Level 1:colcon.colcon_core.package_identification:_identify(src) by extensions ['colcon_pkg']
[0.250s] Level 1:colcon.colcon_core.package_identification:_identify(src) by extension 'colcon_pkg'
[0.250s] Level 1:colcon.colcon_core.package_identification:_identify(src) by extensions ['colcon_meta']
[0.250s] Level 1:colcon.colcon_core.package_identification:_identify(src) by extension 'colcon_meta'
[0.250s] Level 1:colcon.colcon_core.package_identification:_identify(src) by extensions ['ros']
[0.250s] Level 1:colcon.colcon_core.package_identification:_identify(src) by extension 'ros'
[0.250s] Level 1:colcon.colcon_core.package_identification:_identify(src) by extensions ['cmake', 'python']
[0.250s] Level 1:colcon.colcon_core.package_identification:_identify(src) by extension 'cmake'
[0.250s] Level 1:colcon.colcon_core.package_identification:_identify(src) by extension 'python'
[0.250s] Level 1:colcon.colcon_core.package_identification:_identify(src) by extensions ['python_setup_py']
[0.250s] Level 1:colcon.colcon_core.package_identification:_identify(src) by extension 'python_setup_py'
[0.250s] Level 1:colcon.colcon_core.package_identification:_identify(src/gripper_joint_state) by extensions ['ignore', 'ignore_ament_install']
[0.250s] Level 1:colcon.colcon_core.package_identification:_identify(src/gripper_joint_state) by extension 'ignore'
[0.250s] Level 1:colcon.colcon_core.package_identification:_identify(src/gripper_joint_state) by extension 'ignore_ament_install'
[0.250s] Level 1:colcon.colcon_core.package_identification:_identify(src/gripper_joint_state) by extensions ['colcon_pkg']
[0.250s] Level 1:colcon.colcon_core.package_identification:_identify(src/gripper_joint_state) by extension 'colcon_pkg'
[0.250s] Level 1:colcon.colcon_core.package_identification:_identify(src/gripper_joint_state) by extensions ['colcon_meta']
[0.250s] Level 1:colcon.colcon_core.package_identification:_identify(src/gripper_joint_state) by extension 'colcon_meta'
[0.250s] Level 1:colcon.colcon_core.package_identification:_identify(src/gripper_joint_state) by extensions ['ros']
[0.250s] Level 1:colcon.colcon_core.package_identification:_identify(src/gripper_joint_state) by extension 'ros'
[0.251s] DEBUG:colcon.colcon_core.package_identification:Package 'src/gripper_joint_state' with type 'ros.ament_cmake' and name 'gripper_joint_state'
[0.252s] Level 1:colcon.colcon_core.package_identification:_identify(src/moveit_servo) by extensions ['ignore', 'ignore_ament_install']
[0.252s] Level 1:colcon.colcon_core.package_identification:_identify(src/moveit_servo) by extension 'ignore'
[0.252s] Level 1:colcon.colcon_core.package_identification:_identify(src/moveit_servo) by extension 'ignore_ament_install'
[0.252s] Level 1:colcon.colcon_core.package_identification:_identify(src/moveit_servo) by extensions ['colcon_pkg']
[0.252s] Level 1:colcon.colcon_core.package_identification:_identify(src/moveit_servo) by extension 'colcon_pkg'
[0.252s] Level 1:colcon.colcon_core.package_identification:_identify(src/moveit_servo) by extensions ['colcon_meta']
[0.252s] Level 1:colcon.colcon_core.package_identification:_identify(src/moveit_servo) by extension 'colcon_meta'
[0.252s] Level 1:colcon.colcon_core.package_identification:_identify(src/moveit_servo) by extensions ['ros']
[0.252s] Level 1:colcon.colcon_core.package_identification:_identify(src/moveit_servo) by extension 'ros'
[0.253s] DEBUG:colcon.colcon_core.package_identification:Package 'src/moveit_servo' with type 'ros.ament_cmake' and name 'moveit_servo'
[0.253s] Level 1:colcon.colcon_core.package_identification:_identify(src/so_arm_description) by extensions ['ignore', 'ignore_ament_install']
[0.253s] Level 1:colcon.colcon_core.package_identification:_identify(src/so_arm_description) by extension 'ignore'
[0.253s] Level 1:colcon.colcon_core.package_identification:_identify(src/so_arm_description) by extension 'ignore_ament_install'
[0.253s] Level 1:colcon.colcon_core.package_identification:_identify(src/so_arm_description) by extensions ['colcon_pkg']
[0.253s] Level 1:colcon.colcon_core.package_identification:_identify(src/so_arm_description) by extension 'colcon_pkg'
[0.253s] Level 1:colcon.colcon_core.package_identification:_identify(src/so_arm_description) by extensions ['colcon_meta']
[0.253s] Level 1:colcon.colcon_core.package_identification:_identify(src/so_arm_description) by extension 'colcon_meta'
[0.253s] Level 1:colcon.colcon_core.package_identification:_identify(src/so_arm_description) by extensions ['ros']
[0.253s] Level 1:colcon.colcon_core.package_identification:_identify(src/so_arm_description) by extension 'ros'
[0.253s] DEBUG:colcon.colcon_core.package_identification:Package 'src/so_arm_description' with type 'ros.ament_cmake' and name 'so_arm_description'
[0.254s] Level 1:colcon.colcon_core.package_identification:_identify(src/so_arm_moveit_config) by extensions ['ignore', 'ignore_ament_install']
[0.254s] Level 1:colcon.colcon_core.package_identification:_identify(src/so_arm_moveit_config) by extension 'ignore'
[0.254s] Level 1:colcon.colcon_core.package_identification:_identify(src/so_arm_moveit_config) by extension 'ignore_ament_install'
[0.254s] Level 1:colcon.colcon_core.package_identification:_identify(src/so_arm_moveit_config) by extensions ['colcon_pkg']
[0.254s] Level 1:colcon.colcon_core.package_identification:_identify(src/so_arm_moveit_config) by extension 'colcon_pkg'
[0.254s] Level 1:colcon.colcon_core.package_identification:_identify(src/so_arm_moveit_config) by extensions ['colcon_meta']
[0.254s] Level 1:colcon.colcon_core.package_identification:_identify(src/so_arm_moveit_config) by extension 'colcon_meta'
[0.254s] Level 1:colcon.colcon_core.package_identification:_identify(src/so_arm_moveit_config) by extensions ['ros']
[0.254s] Level 1:colcon.colcon_core.package_identification:_identify(src/so_arm_moveit_config) by extension 'ros'
[0.254s] DEBUG:colcon.colcon_core.package_identification:Package 'src/so_arm_moveit_config' with type 'ros.ament_cmake' and name 'so_arm_moveit_config'
[0.254s] Level 1:colcon.colcon_core.package_identification:_identify(src/so_arm_teleop) by extensions ['ignore', 'ignore_ament_install']
[0.255s] Level 1:colcon.colcon_core.package_identification:_identify(src/so_arm_teleop) by extension 'ignore'
[0.255s] Level 1:colcon.colcon_core.package_identification:_identify(src/so_arm_teleop) by extension 'ignore_ament_install'
[0.255s] Level 1:colcon.colcon_core.package_identification:_identify(src/so_arm_teleop) by extensions ['colcon_pkg']
[0.255s] Level 1:colcon.colcon_core.package_identification:_identify(src/so_arm_teleop) by extension 'colcon_pkg'
[0.255s] Level 1:colcon.colcon_core.package_identification:_identify(src/so_arm_teleop) by extensions ['colcon_meta']
[0.255s] Level 1:colcon.colcon_core.package_identification:_identify(src/so_arm_teleop) by extension 'colcon_meta'
[0.255s] Level 1:colcon.colcon_core.package_identification:_identify(src/so_arm_teleop) by extensions ['ros']
[0.255s] Level 1:colcon.colcon_core.package_identification:_identify(src/so_arm_teleop) by extension 'ros'
[0.255s] DEBUG:colcon.colcon_core.package_identification:Package 'src/so_arm_teleop' with type 'ros.ament_cmake' and name 'so_arm_teleop'
[0.255s] Level 1:colcon.colcon_core.package_discovery:discover_packages(recursive) using defaults
[0.255s] Level 1:colcon.colcon_core.package_discovery:discover_packages(ignore) discover
[0.255s] Level 1:colcon.colcon_core.package_discovery:discover_packages(ignore) using defaults
[0.255s] Level 1:colcon.colcon_core.package_discovery:discover_packages(path) discover
[0.255s] Level 1:colcon.colcon_core.package_discovery:discover_packages(path) using defaults
[0.275s] Level 1:colcon.colcon_core.package_discovery:discover_packages(prefix_path) check parameters
[0.275s] Level 1:colcon.colcon_core.package_discovery:discover_packages(prefix_path) discover
[0.277s] DEBUG:colcon.colcon_installed_package_information.package_discovery:Found 5 installed packages in /home/allen/lerobot_yu/so-arm_moveit_isaacsim_ws/install
[0.277s] DEBUG:colcon.colcon_installed_package_information.package_discovery:Found 55 installed packages in /home/allen/ws_moveit2/install
[0.278s] DEBUG:colcon.colcon_installed_package_information.package_discovery:Found 2 installed packages in /home/allen/so-arm_moveit_isaacsim_ws/install
[0.279s] DEBUG:colcon.colcon_installed_package_information.package_discovery:Found 362 installed packages in /opt/ros/humble
[0.280s] Level 1:colcon.colcon_core.package_discovery:discover_packages(prefix_path) using defaults
[0.307s] Level 5:colcon.colcon_core.verb:set package 'gripper_joint_state' build argument 'cmake_args' from command line to 'None'
[0.307s] Level 5:colcon.colcon_core.verb:set package 'gripper_joint_state' build argument 'cmake_target' from command line to 'None'
[0.307s] Level 5:colcon.colcon_core.verb:set package 'gripper_joint_state' build argument 'cmake_target_skip_unavailable' from command line to 'False'
[0.307s] Level 5:colcon.colcon_core.verb:set package 'gripper_joint_state' build argument 'cmake_clean_cache' from command line to 'False'
[0.307s] Level 5:colcon.colcon_core.verb:set package 'gripper_joint_state' build argument 'cmake_clean_first' from command line to 'False'
[0.307s] Level 5:colcon.colcon_core.verb:set package 'gripper_joint_state' build argument 'cmake_force_configure' from command line to 'False'
[0.307s] Level 5:colcon.colcon_core.verb:set package 'gripper_joint_state' build argument 'ament_cmake_args' from command line to 'None'
[0.307s] Level 5:colcon.colcon_core.verb:set package 'gripper_joint_state' build argument 'catkin_cmake_args' from command line to 'None'
[0.307s] Level 5:colcon.colcon_core.verb:set package 'gripper_joint_state' build argument 'catkin_skip_building_tests' from command line to 'False'
[0.307s] DEBUG:colcon.colcon_core.verb:Building package 'gripper_joint_state' with the following arguments: {'ament_cmake_args': None, 'build_base': '/home/allen/lerobot_yu/so-arm_moveit_isaacsim_ws/build/gripper_joint_state', 'catkin_cmake_args': None, 'catkin_skip_building_tests': False, 'cmake_args': None, 'cmake_clean_cache': False, 'cmake_clean_first': False, 'cmake_force_configure': False, 'cmake_target': None, 'cmake_target_skip_unavailable': False, 'install_base': '/home/allen/lerobot_yu/so-arm_moveit_isaacsim_ws/install/gripper_joint_state', 'merge_install': False, 'path': '/home/allen/lerobot_yu/so-arm_moveit_isaacsim_ws/src/gripper_joint_state', 'symlink_install': False, 'test_result_base': None}
[0.308s] Level 5:colcon.colcon_core.verb:set package 'moveit_servo' build argument 'cmake_args' from command line to 'None'
[0.308s] Level 5:colcon.colcon_core.verb:set package 'moveit_servo' build argument 'cmake_target' from command line to 'None'
[0.308s] Level 5:colcon.colcon_core.verb:set package 'moveit_servo' build argument 'cmake_target_skip_unavailable' from command line to 'False'
[0.308s] Level 5:colcon.colcon_core.verb:set package 'moveit_servo' build argument 'cmake_clean_cache' from command line to 'False'
[0.308s] Level 5:colcon.colcon_core.verb:set package 'moveit_servo' build argument 'cmake_clean_first' from command line to 'False'
[0.308s] Level 5:colcon.colcon_core.verb:set package 'moveit_servo' build argument 'cmake_force_configure' from command line to 'False'
[0.308s] Level 5:colcon.colcon_core.verb:set package 'moveit_servo' build argument 'ament_cmake_args' from command line to 'None'
[0.308s] Level 5:colcon.colcon_core.verb:set package 'moveit_servo' build argument 'catkin_cmake_args' from command line to 'None'
[0.308s] Level 5:colcon.colcon_core.verb:set package 'moveit_servo' build argument 'catkin_skip_building_tests' from command line to 'False'
[0.308s] DEBUG:colcon.colcon_core.verb:Building package 'moveit_servo' with the following arguments: {'ament_cmake_args': None, 'build_base': '/home/allen/lerobot_yu/so-arm_moveit_isaacsim_ws/build/moveit_servo', 'catkin_cmake_args': None, 'catkin_skip_building_tests': False, 'cmake_args': None, 'cmake_clean_cache': False, 'cmake_clean_first': False, 'cmake_force_configure': False, 'cmake_target': None, 'cmake_target_skip_unavailable': False, 'install_base': '/home/allen/lerobot_yu/so-arm_moveit_isaacsim_ws/install/moveit_servo', 'merge_install': False, 'path': '/home/allen/lerobot_yu/so-arm_moveit_isaacsim_ws/src/moveit_servo', 'symlink_install': False, 'test_result_base': None}
[0.308s] Level 5:colcon.colcon_core.verb:set package 'so_arm_description' build argument 'cmake_args' from command line to 'None'
[0.308s] Level 5:colcon.colcon_core.verb:set package 'so_arm_description' build argument 'cmake_target' from command line to 'None'
[0.308s] Level 5:colcon.colcon_core.verb:set package 'so_arm_description' build argument 'cmake_target_skip_unavailable' from command line to 'False'
[0.308s] Level 5:colcon.colcon_core.verb:set package 'so_arm_description' build argument 'cmake_clean_cache' from command line to 'False'
[0.308s] Level 5:colcon.colcon_core.verb:set package 'so_arm_description' build argument 'cmake_clean_first' from command line to 'False'
[0.308s] Level 5:colcon.colcon_core.verb:set package 'so_arm_description' build argument 'cmake_force_configure' from command line to 'False'
[0.308s] Level 5:colcon.colcon_core.verb:set package 'so_arm_description' build argument 'ament_cmake_args' from command line to 'None'
[0.308s] Level 5:colcon.colcon_core.verb:set package 'so_arm_description' build argument 'catkin_cmake_args' from command line to 'None'
[0.308s] Level 5:colcon.colcon_core.verb:set package 'so_arm_description' build argument 'catkin_skip_building_tests' from command line to 'False'
[0.308s] DEBUG:colcon.colcon_core.verb:Building package 'so_arm_description' with the following arguments: {'ament_cmake_args': None, 'build_base': '/home/allen/lerobot_yu/so-arm_moveit_isaacsim_ws/build/so_arm_description', 'catkin_cmake_args': None, 'catkin_skip_building_tests': False, 'cmake_args': None, 'cmake_clean_cache': False, 'cmake_clean_first': False, 'cmake_force_configure': False, 'cmake_target': None, 'cmake_target_skip_unavailable': False, 'install_base': '/home/allen/lerobot_yu/so-arm_moveit_isaacsim_ws/install/so_arm_description', 'merge_install': False, 'path': '/home/allen/lerobot_yu/so-arm_moveit_isaacsim_ws/src/so_arm_description', 'symlink_install': False, 'test_result_base': None}
[0.308s] Level 5:colcon.colcon_core.verb:set package 'so_arm_teleop' build argument 'cmake_args' from command line to 'None'
[0.308s] Level 5:colcon.colcon_core.verb:set package 'so_arm_teleop' build argument 'cmake_target' from command line to 'None'
[0.308s] Level 5:colcon.colcon_core.verb:set package 'so_arm_teleop' build argument 'cmake_target_skip_unavailable' from command line to 'False'
[0.308s] Level 5:colcon.colcon_core.verb:set package 'so_arm_teleop' build argument 'cmake_clean_cache' from command line to 'False'
[0.308s] Level 5:colcon.colcon_core.verb:set package 'so_arm_teleop' build argument 'cmake_clean_first' from command line to 'False'
[0.308s] Level 5:colcon.colcon_core.verb:set package 'so_arm_teleop' build argument 'cmake_force_configure' from command line to 'False'
[0.308s] Level 5:colcon.colcon_core.verb:set package 'so_arm_teleop' build argument 'ament_cmake_args' from command line to 'None'
[0.308s] Level 5:colcon.colcon_core.verb:set package 'so_arm_teleop' build argument 'catkin_cmake_args' from command line to 'None'
[0.308s] Level 5:colcon.colcon_core.verb:set package 'so_arm_teleop' build argument 'catkin_skip_building_tests' from command line to 'False'
[0.308s] DEBUG:colcon.colcon_core.verb:Building package 'so_arm_teleop' with the following arguments: {'ament_cmake_args': None, 'build_base': '/home/allen/lerobot_yu/so-arm_moveit_isaacsim_ws/build/so_arm_teleop', 'catkin_cmake_args': None, 'catkin_skip_building_tests': False, 'cmake_args': None, 'cmake_clean_cache': False, 'cmake_clean_first': False, 'cmake_force_configure': False, 'cmake_target': None, 'cmake_target_skip_unavailable': False, 'install_base': '/home/allen/lerobot_yu/so-arm_moveit_isaacsim_ws/install/so_arm_teleop', 'merge_install': False, 'path': '/home/allen/lerobot_yu/so-arm_moveit_isaacsim_ws/src/so_arm_teleop', 'symlink_install': False, 'test_result_base': None}
[0.309s] Level 5:colcon.colcon_core.verb:set package 'so_arm_moveit_config' build argument 'cmake_args' from command line to 'None'
[0.309s] Level 5:colcon.colcon_core.verb:set package 'so_arm_moveit_config' build argument 'cmake_target' from command line to 'None'
[0.309s] Level 5:colcon.colcon_core.verb:set package 'so_arm_moveit_config' build argument 'cmake_target_skip_unavailable' from command line to 'False'
[0.309s] Level 5:colcon.colcon_core.verb:set package 'so_arm_moveit_config' build argument 'cmake_clean_cache' from command line to 'False'
[0.309s] Level 5:colcon.colcon_core.verb:set package 'so_arm_moveit_config' build argument 'cmake_clean_first' from command line to 'False'
[0.309s] Level 5:colcon.colcon_core.verb:set package 'so_arm_moveit_config' build argument 'cmake_force_configure' from command line to 'False'
[0.309s] Level 5:colcon.colcon_core.verb:set package 'so_arm_moveit_config' build argument 'ament_cmake_args' from command line to 'None'
[0.309s] Level 5:colcon.colcon_core.verb:set package 'so_arm_moveit_config' build argument 'catkin_cmake_args' from command line to 'None'
[0.309s] Level 5:colcon.colcon_core.verb:set package 'so_arm_moveit_config' build argument 'catkin_skip_building_tests' from command line to 'False'
[0.309s] DEBUG:colcon.colcon_core.verb:Building package 'so_arm_moveit_config' with the following arguments: {'ament_cmake_args': None, 'build_base': '/home/allen/lerobot_yu/so-arm_moveit_isaacsim_ws/build/so_arm_moveit_config', 'catkin_cmake_args': None, 'catkin_skip_building_tests': False, 'cmake_args': None, 'cmake_clean_cache': False, 'cmake_clean_first': False, 'cmake_force_configure': False, 'cmake_target': None, 'cmake_target_skip_unavailable': False, 'install_base': '/home/allen/lerobot_yu/so-arm_moveit_isaacsim_ws/install/so_arm_moveit_config', 'merge_install': False, 'path': '/home/allen/lerobot_yu/so-arm_moveit_isaacsim_ws/src/so_arm_moveit_config', 'symlink_install': False, 'test_result_base': None}
[0.309s] INFO:colcon.colcon_core.executor:Executing jobs using 'parallel' executor
[0.310s] DEBUG:colcon.colcon_parallel_executor.executor.parallel:run_until_complete
[0.310s] INFO:colcon.colcon_ros.task.ament_cmake.build:Building ROS package in '/home/allen/lerobot_yu/so-arm_moveit_isaacsim_ws/src/so_arm_description' with build type 'ament_cmake'
[0.310s] INFO:colcon.colcon_cmake.task.cmake.build:Building CMake package in '/home/allen/lerobot_yu/so-arm_moveit_isaacsim_ws/src/so_arm_description'
[0.312s] INFO:colcon.colcon_core.plugin_system:Skipping extension 'colcon_core.shell.bat': Not used on non-Windows systems
[0.312s] INFO:colcon.colcon_core.shell:Skip shell extension 'powershell' for command environment: Not usable outside of PowerShell
[0.312s] DEBUG:colcon.colcon_core.shell:Skip shell extension 'dsv' for command environment
[0.317s] INFO:colcon.colcon_ros.task.ament_cmake.build:Building ROS package in '/home/allen/lerobot_yu/so-arm_moveit_isaacsim_ws/src/gripper_joint_state' with build type 'ament_cmake'
[0.317s] INFO:colcon.colcon_cmake.task.cmake.build:Building CMake package in '/home/allen/lerobot_yu/so-arm_moveit_isaacsim_ws/src/gripper_joint_state'
[0.317s] INFO:colcon.colcon_core.shell:Skip shell extension 'powershell' for command environment: Not usable outside of PowerShell
[0.317s] DEBUG:colcon.colcon_core.shell:Skip shell extension 'dsv' for command environment
[0.321s] INFO:colcon.colcon_ros.task.ament_cmake.build:Building ROS package in '/home/allen/lerobot_yu/so-arm_moveit_isaacsim_ws/src/moveit_servo' with build type 'ament_cmake'
[0.322s] INFO:colcon.colcon_cmake.task.cmake.build:Building CMake package in '/home/allen/lerobot_yu/so-arm_moveit_isaacsim_ws/src/moveit_servo'
[0.322s] INFO:colcon.colcon_core.shell:Skip shell extension 'powershell' for command environment: Not usable outside of PowerShell
[0.322s] DEBUG:colcon.colcon_core.shell:Skip shell extension 'dsv' for command environment
[0.326s] INFO:colcon.colcon_ros.task.ament_cmake.build:Building ROS package in '/home/allen/lerobot_yu/so-arm_moveit_isaacsim_ws/src/so_arm_teleop' with build type 'ament_cmake'
[0.326s] INFO:colcon.colcon_cmake.task.cmake.build:Building CMake package in '/home/allen/lerobot_yu/so-arm_moveit_isaacsim_ws/src/so_arm_teleop'
[0.327s] INFO:colcon.colcon_core.shell:Skip shell extension 'powershell' for command environment: Not usable outside of PowerShell
[0.327s] DEBUG:colcon.colcon_core.shell:Skip shell extension 'dsv' for command environment
[0.335s] DEBUG:colcon.colcon_core.event_handler.log_command:Invoking command in '/home/allen/lerobot_yu/so-arm_moveit_isaacsim_ws/build/so_arm_description': CMAKE_PREFIX_PATH=/home/allen/ws_moveit2/install/moveit_configs_utils:/home/allen/ws_moveit2/install/launch_param_builder:/opt/ros/humble:${CMAKE_PREFIX_PATH} /usr/bin/cmake --build /home/allen/lerobot_yu/so-arm_moveit_isaacsim_ws/build/so_arm_description -- -j20 -l20
[0.337s] DEBUG:colcon.colcon_core.event_handler.log_command:Invoking command in '/home/allen/lerobot_yu/so-arm_moveit_isaacsim_ws/build/gripper_joint_state': CMAKE_PREFIX_PATH=/home/allen/ws_moveit2/install/moveit_configs_utils:/home/allen/ws_moveit2/install/launch_param_builder:/opt/ros/humble:${CMAKE_PREFIX_PATH} /usr/bin/cmake --build /home/allen/lerobot_yu/so-arm_moveit_isaacsim_ws/build/gripper_joint_state -- -j20 -l20
[0.343s] DEBUG:colcon.colcon_core.event_handler.log_command:Invoking command in '/home/allen/lerobot_yu/so-arm_moveit_isaacsim_ws/build/moveit_servo': CMAKE_PREFIX_PATH=/home/allen/ws_moveit2/install/moveit_configs_utils:/home/allen/ws_moveit2/install/launch_param_builder:/opt/ros/humble:${CMAKE_PREFIX_PATH} /usr/bin/cmake --build /home/allen/lerobot_yu/so-arm_moveit_isaacsim_ws/build/moveit_servo -- -j20 -l20
[0.345s] DEBUG:colcon.colcon_core.event_handler.log_command:Invoking command in '/home/allen/lerobot_yu/so-arm_moveit_isaacsim_ws/build/so_arm_teleop': CMAKE_PREFIX_PATH=/home/allen/ws_moveit2/install/moveit_configs_utils:/home/allen/ws_moveit2/install/launch_param_builder:/opt/ros/humble:${CMAKE_PREFIX_PATH} /usr/bin/cmake --build /home/allen/lerobot_yu/so-arm_moveit_isaacsim_ws/build/so_arm_teleop -- -j20 -l20
[0.369s] DEBUG:colcon.colcon_core.event_handler.log_command:Invoked command in '/home/allen/lerobot_yu/so-arm_moveit_isaacsim_ws/build/so_arm_description' returned '0': CMAKE_PREFIX_PATH=/home/allen/ws_moveit2/install/moveit_configs_utils:/home/allen/ws_moveit2/install/launch_param_builder:/opt/ros/humble:${CMAKE_PREFIX_PATH} /usr/bin/cmake --build /home/allen/lerobot_yu/so-arm_moveit_isaacsim_ws/build/so_arm_description -- -j20 -l20
[0.379s] DEBUG:colcon.colcon_core.event_handler.log_command:Invoking command in '/home/allen/lerobot_yu/so-arm_moveit_isaacsim_ws/build/so_arm_description': CMAKE_PREFIX_PATH=/home/allen/ws_moveit2/install/moveit_configs_utils:/home/allen/ws_moveit2/install/launch_param_builder:/opt/ros/humble:${CMAKE_PREFIX_PATH} /usr/bin/cmake --install /home/allen/lerobot_yu/so-arm_moveit_isaacsim_ws/build/so_arm_description
[0.380s] DEBUG:colcon.colcon_core.event_handler.log_command:Invoked command in '/home/allen/lerobot_yu/so-arm_moveit_isaacsim_ws/build/gripper_joint_state' returned '0': CMAKE_PREFIX_PATH=/home/allen/ws_moveit2/install/moveit_configs_utils:/home/allen/ws_moveit2/install/launch_param_builder:/opt/ros/humble:${CMAKE_PREFIX_PATH} /usr/bin/cmake --build /home/allen/lerobot_yu/so-arm_moveit_isaacsim_ws/build/gripper_joint_state -- -j20 -l20
[0.383s] DEBUG:colcon.colcon_core.event_handler.log_command:Invoking command in '/home/allen/lerobot_yu/so-arm_moveit_isaacsim_ws/build/gripper_joint_state': CMAKE_PREFIX_PATH=/home/allen/ws_moveit2/install/moveit_configs_utils:/home/allen/ws_moveit2/install/launch_param_builder:/opt/ros/humble:${CMAKE_PREFIX_PATH} /usr/bin/cmake --install /home/allen/lerobot_yu/so-arm_moveit_isaacsim_ws/build/gripper_joint_state
[0.383s] DEBUG:colcon.colcon_core.event_handler.log_command:Invoked command in '/home/allen/lerobot_yu/so-arm_moveit_isaacsim_ws/build/so_arm_teleop' returned '0': CMAKE_PREFIX_PATH=/home/allen/ws_moveit2/install/moveit_configs_utils:/home/allen/ws_moveit2/install/launch_param_builder:/opt/ros/humble:${CMAKE_PREFIX_PATH} /usr/bin/cmake --build /home/allen/lerobot_yu/so-arm_moveit_isaacsim_ws/build/so_arm_teleop -- -j20 -l20
[0.385s] DEBUG:colcon.colcon_core.event_handler.log_command:Invoking command in '/home/allen/lerobot_yu/so-arm_moveit_isaacsim_ws/build/so_arm_teleop': CMAKE_PREFIX_PATH=/home/allen/ws_moveit2/install/moveit_configs_utils:/home/allen/ws_moveit2/install/launch_param_builder:/opt/ros/humble:${CMAKE_PREFIX_PATH} /usr/bin/cmake --install /home/allen/lerobot_yu/so-arm_moveit_isaacsim_ws/build/so_arm_teleop
[0.389s] Level 1:colcon.colcon_core.environment:create_environment_scripts_only(so_arm_description)
[0.394s] DEBUG:colcon.colcon_core.event_handler.log_command:Invoked command in '/home/allen/lerobot_yu/so-arm_moveit_isaacsim_ws/build/so_arm_description' returned '0': CMAKE_PREFIX_PATH=/home/allen/ws_moveit2/install/moveit_configs_utils:/home/allen/ws_moveit2/install/launch_param_builder:/opt/ros/humble:${CMAKE_PREFIX_PATH} /usr/bin/cmake --install /home/allen/lerobot_yu/so-arm_moveit_isaacsim_ws/build/so_arm_description
[0.400s] Level 1:colcon.colcon_core.environment:checking '/home/allen/lerobot_yu/so-arm_moveit_isaacsim_ws/install/so_arm_description' for CMake module files
[0.400s] Level 1:colcon.colcon_core.environment:checking '/home/allen/lerobot_yu/so-arm_moveit_isaacsim_ws/install/so_arm_description' for CMake config files
[0.401s] Level 1:colcon.colcon_core.shell:create_environment_hook('so_arm_description', 'cmake_prefix_path')
[0.401s] INFO:colcon.colcon_core.shell:Creating environment hook '/home/allen/lerobot_yu/so-arm_moveit_isaacsim_ws/install/so_arm_description/share/so_arm_description/hook/cmake_prefix_path.ps1'
[0.401s] INFO:colcon.colcon_core.shell:Creating environment descriptor '/home/allen/lerobot_yu/so-arm_moveit_isaacsim_ws/install/so_arm_description/share/so_arm_description/hook/cmake_prefix_path.dsv'
[0.402s] INFO:colcon.colcon_core.shell:Creating environment hook '/home/allen/lerobot_yu/so-arm_moveit_isaacsim_ws/install/so_arm_description/share/so_arm_description/hook/cmake_prefix_path.sh'
[0.403s] Level 1:colcon.colcon_core.environment:checking '/home/allen/lerobot_yu/so-arm_moveit_isaacsim_ws/install/so_arm_description/bin'
[0.403s] Level 1:colcon.colcon_core.environment:checking '/home/allen/lerobot_yu/so-arm_moveit_isaacsim_ws/install/so_arm_description/lib/pkgconfig/so_arm_description.pc'
[0.403s] Level 1:colcon.colcon_core.environment:checking '/home/allen/lerobot_yu/so-arm_moveit_isaacsim_ws/install/so_arm_description/lib/python3.10/site-packages'
[0.403s] Level 1:colcon.colcon_core.environment:checking '/home/allen/lerobot_yu/so-arm_moveit_isaacsim_ws/install/so_arm_description/bin'
[0.403s] INFO:colcon.colcon_core.shell:Creating package script '/home/allen/lerobot_yu/so-arm_moveit_isaacsim_ws/install/so_arm_description/share/so_arm_description/package.ps1'
[0.404s] INFO:colcon.colcon_core.shell:Creating package descriptor '/home/allen/lerobot_yu/so-arm_moveit_isaacsim_ws/install/so_arm_description/share/so_arm_description/package.dsv'
[0.404s] INFO:colcon.colcon_core.shell:Creating package script '/home/allen/lerobot_yu/so-arm_moveit_isaacsim_ws/install/so_arm_description/share/so_arm_description/package.sh'
[0.405s] INFO:colcon.colcon_core.shell:Creating package script '/home/allen/lerobot_yu/so-arm_moveit_isaacsim_ws/install/so_arm_description/share/so_arm_description/package.bash'
[0.405s] INFO:colcon.colcon_core.shell:Creating package script '/home/allen/lerobot_yu/so-arm_moveit_isaacsim_ws/install/so_arm_description/share/so_arm_description/package.zsh'
[0.406s] Level 1:colcon.colcon_core.environment:create_file_with_runtime_dependencies(/home/allen/lerobot_yu/so-arm_moveit_isaacsim_ws/install/so_arm_description/share/colcon-core/packages/so_arm_description)
[0.406s] Level 1:colcon.colcon_core.environment:create_environment_scripts_only(so_arm_description)
[0.406s] Level 1:colcon.colcon_core.environment:checking '/home/allen/lerobot_yu/so-arm_moveit_isaacsim_ws/install/so_arm_description' for CMake module files
[0.406s] Level 1:colcon.colcon_core.environment:checking '/home/allen/lerobot_yu/so-arm_moveit_isaacsim_ws/install/so_arm_description' for CMake config files
[0.407s] Level 1:colcon.colcon_core.shell:create_environment_hook('so_arm_description', 'cmake_prefix_path')
[0.407s] INFO:colcon.colcon_core.shell:Creating environment hook '/home/allen/lerobot_yu/so-arm_moveit_isaacsim_ws/install/so_arm_description/share/so_arm_description/hook/cmake_prefix_path.ps1'
[0.407s] INFO:colcon.colcon_core.shell:Creating environment descriptor '/home/allen/lerobot_yu/so-arm_moveit_isaacsim_ws/install/so_arm_description/share/so_arm_description/hook/cmake_prefix_path.dsv'
[0.407s] INFO:colcon.colcon_core.shell:Creating environment hook '/home/allen/lerobot_yu/so-arm_moveit_isaacsim_ws/install/so_arm_description/share/so_arm_description/hook/cmake_prefix_path.sh'
[0.408s] Level 1:colcon.colcon_core.environment:checking '/home/allen/lerobot_yu/so-arm_moveit_isaacsim_ws/install/so_arm_description/bin'
[0.409s] Level 1:colcon.colcon_core.environment:checking '/home/allen/lerobot_yu/so-arm_moveit_isaacsim_ws/install/so_arm_description/lib/pkgconfig/so_arm_description.pc'
[0.409s] Level 1:colcon.colcon_core.environment:checking '/home/allen/lerobot_yu/so-arm_moveit_isaacsim_ws/install/so_arm_description/lib/python3.10/site-packages'
[0.409s] Level 1:colcon.colcon_core.environment:checking '/home/allen/lerobot_yu/so-arm_moveit_isaacsim_ws/install/so_arm_description/bin'
[0.409s] INFO:colcon.colcon_core.shell:Creating package script '/home/allen/lerobot_yu/so-arm_moveit_isaacsim_ws/install/so_arm_description/share/so_arm_description/package.ps1'
[0.410s] INFO:colcon.colcon_core.shell:Creating package descriptor '/home/allen/lerobot_yu/so-arm_moveit_isaacsim_ws/install/so_arm_description/share/so_arm_description/package.dsv'
[0.410s] INFO:colcon.colcon_core.shell:Creating package script '/home/allen/lerobot_yu/so-arm_moveit_isaacsim_ws/install/so_arm_description/share/so_arm_description/package.sh'
[0.410s] INFO:colcon.colcon_core.shell:Creating package script '/home/allen/lerobot_yu/so-arm_moveit_isaacsim_ws/install/so_arm_description/share/so_arm_description/package.bash'
[0.411s] INFO:colcon.colcon_core.shell:Creating package script '/home/allen/lerobot_yu/so-arm_moveit_isaacsim_ws/install/so_arm_description/share/so_arm_description/package.zsh'
[0.411s] Level 1:colcon.colcon_core.environment:create_file_with_runtime_dependencies(/home/allen/lerobot_yu/so-arm_moveit_isaacsim_ws/install/so_arm_description/share/colcon-core/packages/so_arm_description)
[0.412s] INFO:colcon.colcon_ros.task.ament_cmake.build:Building ROS package in '/home/allen/lerobot_yu/so-arm_moveit_isaacsim_ws/src/so_arm_moveit_config' with build type 'ament_cmake'
[0.412s] INFO:colcon.colcon_cmake.task.cmake.build:Building CMake package in '/home/allen/lerobot_yu/so-arm_moveit_isaacsim_ws/src/so_arm_moveit_config'
[0.412s] INFO:colcon.colcon_core.shell:Skip shell extension 'powershell' for command environment: Not usable outside of PowerShell
[0.412s] DEBUG:colcon.colcon_core.shell:Skip shell extension 'dsv' for command environment
[0.418s] Level 1:colcon.colcon_core.environment:create_environment_scripts_only(gripper_joint_state)
[0.418s] Level 1:colcon.colcon_core.environment:checking '/home/allen/lerobot_yu/so-arm_moveit_isaacsim_ws/install/gripper_joint_state' for CMake module files
[0.419s] DEBUG:colcon.colcon_core.event_handler.log_command:Invoked command in '/home/allen/lerobot_yu/so-arm_moveit_isaacsim_ws/build/gripper_joint_state' returned '0': CMAKE_PREFIX_PATH=/home/allen/ws_moveit2/install/moveit_configs_utils:/home/allen/ws_moveit2/install/launch_param_builder:/opt/ros/humble:${CMAKE_PREFIX_PATH} /usr/bin/cmake --install /home/allen/lerobot_yu/so-arm_moveit_isaacsim_ws/build/gripper_joint_state
[0.419s] Level 1:colcon.colcon_core.environment:checking '/home/allen/lerobot_yu/so-arm_moveit_isaacsim_ws/install/gripper_joint_state' for CMake config files
[0.419s] Level 1:colcon.colcon_core.shell:create_environment_hook('gripper_joint_state', 'cmake_prefix_path')
[0.420s] INFO:colcon.colcon_core.shell:Creating environment hook '/home/allen/lerobot_yu/so-arm_moveit_isaacsim_ws/install/gripper_joint_state/share/gripper_joint_state/hook/cmake_prefix_path.ps1'
[0.420s] INFO:colcon.colcon_core.shell:Creating environment descriptor '/home/allen/lerobot_yu/so-arm_moveit_isaacsim_ws/install/gripper_joint_state/share/gripper_joint_state/hook/cmake_prefix_path.dsv'
[0.420s] INFO:colcon.colcon_core.shell:Creating environment hook '/home/allen/lerobot_yu/so-arm_moveit_isaacsim_ws/install/gripper_joint_state/share/gripper_joint_state/hook/cmake_prefix_path.sh'
[0.421s] Level 1:colcon.colcon_core.environment:checking '/home/allen/lerobot_yu/so-arm_moveit_isaacsim_ws/install/gripper_joint_state/lib'
[0.421s] Level 1:colcon.colcon_core.environment:checking '/home/allen/lerobot_yu/so-arm_moveit_isaacsim_ws/install/gripper_joint_state/bin'
[0.421s] Level 1:colcon.colcon_core.environment:checking '/home/allen/lerobot_yu/so-arm_moveit_isaacsim_ws/install/gripper_joint_state/lib/pkgconfig/gripper_joint_state.pc'
[0.421s] Level 1:colcon.colcon_core.environment:checking '/home/allen/lerobot_yu/so-arm_moveit_isaacsim_ws/install/gripper_joint_state/lib/python3.10/site-packages'
[0.421s] Level 1:colcon.colcon_core.environment:checking '/home/allen/lerobot_yu/so-arm_moveit_isaacsim_ws/install/gripper_joint_state/bin'
[0.421s] INFO:colcon.colcon_core.shell:Creating package script '/home/allen/lerobot_yu/so-arm_moveit_isaacsim_ws/install/gripper_joint_state/share/gripper_joint_state/package.ps1'
[0.422s] INFO:colcon.colcon_core.shell:Creating package descriptor '/home/allen/lerobot_yu/so-arm_moveit_isaacsim_ws/install/gripper_joint_state/share/gripper_joint_state/package.dsv'
[0.422s] INFO:colcon.colcon_core.shell:Creating package script '/home/allen/lerobot_yu/so-arm_moveit_isaacsim_ws/install/gripper_joint_state/share/gripper_joint_state/package.sh'
[0.422s] INFO:colcon.colcon_core.shell:Creating package script '/home/allen/lerobot_yu/so-arm_moveit_isaacsim_ws/install/gripper_joint_state/share/gripper_joint_state/package.bash'
[0.422s] INFO:colcon.colcon_core.shell:Creating package script '/home/allen/lerobot_yu/so-arm_moveit_isaacsim_ws/install/gripper_joint_state/share/gripper_joint_state/package.zsh'
[0.423s] Level 1:colcon.colcon_core.environment:create_file_with_runtime_dependencies(/home/allen/lerobot_yu/so-arm_moveit_isaacsim_ws/install/gripper_joint_state/share/colcon-core/packages/gripper_joint_state)
[0.423s] Level 1:colcon.colcon_core.environment:create_environment_scripts_only(gripper_joint_state)
[0.423s] Level 1:colcon.colcon_core.environment:checking '/home/allen/lerobot_yu/so-arm_moveit_isaacsim_ws/install/gripper_joint_state' for CMake module files
[0.423s] Level 1:colcon.colcon_core.environment:checking '/home/allen/lerobot_yu/so-arm_moveit_isaacsim_ws/install/gripper_joint_state' for CMake config files
[0.424s] Level 1:colcon.colcon_core.shell:create_environment_hook('gripper_joint_state', 'cmake_prefix_path')
[0.424s] INFO:colcon.colcon_core.shell:Creating environment hook '/home/allen/lerobot_yu/so-arm_moveit_isaacsim_ws/install/gripper_joint_state/share/gripper_joint_state/hook/cmake_prefix_path.ps1'
[0.424s] INFO:colcon.colcon_core.shell:Creating environment descriptor '/home/allen/lerobot_yu/so-arm_moveit_isaacsim_ws/install/gripper_joint_state/share/gripper_joint_state/hook/cmake_prefix_path.dsv'
[0.424s] INFO:colcon.colcon_core.shell:Creating environment hook '/home/allen/lerobot_yu/so-arm_moveit_isaacsim_ws/install/gripper_joint_state/share/gripper_joint_state/hook/cmake_prefix_path.sh'
[0.425s] Level 1:colcon.colcon_core.environment:checking '/home/allen/lerobot_yu/so-arm_moveit_isaacsim_ws/install/gripper_joint_state/lib'
[0.425s] Level 1:colcon.colcon_core.environment:checking '/home/allen/lerobot_yu/so-arm_moveit_isaacsim_ws/install/gripper_joint_state/bin'
[0.425s] Level 1:colcon.colcon_core.environment:checking '/home/allen/lerobot_yu/so-arm_moveit_isaacsim_ws/install/gripper_joint_state/lib/pkgconfig/gripper_joint_state.pc'
[0.425s] Level 1:colcon.colcon_core.environment:checking '/home/allen/lerobot_yu/so-arm_moveit_isaacsim_ws/install/gripper_joint_state/lib/python3.10/site-packages'
[0.425s] Level 1:colcon.colcon_core.environment:checking '/home/allen/lerobot_yu/so-arm_moveit_isaacsim_ws/install/gripper_joint_state/bin'
[0.426s] INFO:colcon.colcon_core.shell:Creating package script '/home/allen/lerobot_yu/so-arm_moveit_isaacsim_ws/install/gripper_joint_state/share/gripper_joint_state/package.ps1'
[0.426s] INFO:colcon.colcon_core.shell:Creating package descriptor '/home/allen/lerobot_yu/so-arm_moveit_isaacsim_ws/install/gripper_joint_state/share/gripper_joint_state/package.dsv'
[0.426s] INFO:colcon.colcon_core.shell:Creating package script '/home/allen/lerobot_yu/so-arm_moveit_isaacsim_ws/install/gripper_joint_state/share/gripper_joint_state/package.sh'
[0.427s] INFO:colcon.colcon_core.shell:Creating package script '/home/allen/lerobot_yu/so-arm_moveit_isaacsim_ws/install/gripper_joint_state/share/gripper_joint_state/package.bash'
[0.427s] INFO:colcon.colcon_core.shell:Creating package script '/home/allen/lerobot_yu/so-arm_moveit_isaacsim_ws/install/gripper_joint_state/share/gripper_joint_state/package.zsh'
[0.427s] Level 1:colcon.colcon_core.environment:create_file_with_runtime_dependencies(/home/allen/lerobot_yu/so-arm_moveit_isaacsim_ws/install/gripper_joint_state/share/colcon-core/packages/gripper_joint_state)
[0.428s] Level 1:colcon.colcon_core.environment:create_environment_scripts_only(so_arm_teleop)
[0.428s] Level 1:colcon.colcon_core.environment:checking '/home/allen/lerobot_yu/so-arm_moveit_isaacsim_ws/install/so_arm_teleop' for CMake module files
[0.429s] Level 1:colcon.colcon_core.environment:checking '/home/allen/lerobot_yu/so-arm_moveit_isaacsim_ws/install/so_arm_teleop' for CMake config files
[0.429s] DEBUG:colcon.colcon_core.event_handler.log_command:Invoked command in '/home/allen/lerobot_yu/so-arm_moveit_isaacsim_ws/build/so_arm_teleop' returned '0': CMAKE_PREFIX_PATH=/home/allen/ws_moveit2/install/moveit_configs_utils:/home/allen/ws_moveit2/install/launch_param_builder:/opt/ros/humble:${CMAKE_PREFIX_PATH} /usr/bin/cmake --install /home/allen/lerobot_yu/so-arm_moveit_isaacsim_ws/build/so_arm_teleop
[0.430s] Level 1:colcon.colcon_core.shell:create_environment_hook('so_arm_teleop', 'cmake_prefix_path')
[0.430s] INFO:colcon.colcon_core.shell:Creating environment hook '/home/allen/lerobot_yu/so-arm_moveit_isaacsim_ws/install/so_arm_teleop/share/so_arm_teleop/hook/cmake_prefix_path.ps1'
[0.430s] INFO:colcon.colcon_core.shell:Creating environment descriptor '/home/allen/lerobot_yu/so-arm_moveit_isaacsim_ws/install/so_arm_teleop/share/so_arm_teleop/hook/cmake_prefix_path.dsv'
[0.431s] INFO:colcon.colcon_core.shell:Creating environment hook '/home/allen/lerobot_yu/so-arm_moveit_isaacsim_ws/install/so_arm_teleop/share/so_arm_teleop/hook/cmake_prefix_path.sh'
[0.431s] Level 1:colcon.colcon_core.environment:checking '/home/allen/lerobot_yu/so-arm_moveit_isaacsim_ws/install/so_arm_teleop/lib'
[0.431s] Level 1:colcon.colcon_core.environment:checking '/home/allen/lerobot_yu/so-arm_moveit_isaacsim_ws/install/so_arm_teleop/bin'
[0.431s] Level 1:colcon.colcon_core.environment:checking '/home/allen/lerobot_yu/so-arm_moveit_isaacsim_ws/install/so_arm_teleop/lib/pkgconfig/so_arm_teleop.pc'
[0.431s] Level 1:colcon.colcon_core.environment:checking '/home/allen/lerobot_yu/so-arm_moveit_isaacsim_ws/install/so_arm_teleop/lib/python3.10/site-packages'
[0.431s] Level 1:colcon.colcon_core.environment:checking '/home/allen/lerobot_yu/so-arm_moveit_isaacsim_ws/install/so_arm_teleop/bin'
[0.432s] INFO:colcon.colcon_core.shell:Creating package script '/home/allen/lerobot_yu/so-arm_moveit_isaacsim_ws/install/so_arm_teleop/share/so_arm_teleop/package.ps1'
[0.432s] INFO:colcon.colcon_core.shell:Creating package descriptor '/home/allen/lerobot_yu/so-arm_moveit_isaacsim_ws/install/so_arm_teleop/share/so_arm_teleop/package.dsv'
[0.432s] INFO:colcon.colcon_core.shell:Creating package script '/home/allen/lerobot_yu/so-arm_moveit_isaacsim_ws/install/so_arm_teleop/share/so_arm_teleop/package.sh'
[0.432s] INFO:colcon.colcon_core.shell:Creating package script '/home/allen/lerobot_yu/so-arm_moveit_isaacsim_ws/install/so_arm_teleop/share/so_arm_teleop/package.bash'
[0.433s] INFO:colcon.colcon_core.shell:Creating package script '/home/allen/lerobot_yu/so-arm_moveit_isaacsim_ws/install/so_arm_teleop/share/so_arm_teleop/package.zsh'
[0.433s] Level 1:colcon.colcon_core.environment:create_file_with_runtime_dependencies(/home/allen/lerobot_yu/so-arm_moveit_isaacsim_ws/install/so_arm_teleop/share/colcon-core/packages/so_arm_teleop)
[0.434s] Level 1:colcon.colcon_core.environment:create_environment_scripts_only(so_arm_teleop)
[0.434s] Level 1:colcon.colcon_core.environment:checking '/home/allen/lerobot_yu/so-arm_moveit_isaacsim_ws/install/so_arm_teleop' for CMake module files
[0.435s] Level 1:colcon.colcon_core.environment:checking '/home/allen/lerobot_yu/so-arm_moveit_isaacsim_ws/install/so_arm_teleop' for CMake config files
[0.435s] Level 1:colcon.colcon_core.shell:create_environment_hook('so_arm_teleop', 'cmake_prefix_path')
[0.435s] INFO:colcon.colcon_core.shell:Creating environment hook '/home/allen/lerobot_yu/so-arm_moveit_isaacsim_ws/install/so_arm_teleop/share/so_arm_teleop/hook/cmake_prefix_path.ps1'
[0.435s] INFO:colcon.colcon_core.shell:Creating environment descriptor '/home/allen/lerobot_yu/so-arm_moveit_isaacsim_ws/install/so_arm_teleop/share/so_arm_teleop/hook/cmake_prefix_path.dsv'
[0.436s] INFO:colcon.colcon_core.shell:Creating environment hook '/home/allen/lerobot_yu/so-arm_moveit_isaacsim_ws/install/so_arm_teleop/share/so_arm_teleop/hook/cmake_prefix_path.sh'
[0.436s] Level 1:colcon.colcon_core.environment:checking '/home/allen/lerobot_yu/so-arm_moveit_isaacsim_ws/install/so_arm_teleop/lib'
[0.436s] Level 1:colcon.colcon_core.environment:checking '/home/allen/lerobot_yu/so-arm_moveit_isaacsim_ws/install/so_arm_teleop/bin'
[0.436s] Level 1:colcon.colcon_core.environment:checking '/home/allen/lerobot_yu/so-arm_moveit_isaacsim_ws/install/so_arm_teleop/lib/pkgconfig/so_arm_teleop.pc'
[0.436s] Level 1:colcon.colcon_core.environment:checking '/home/allen/lerobot_yu/so-arm_moveit_isaacsim_ws/install/so_arm_teleop/lib/python3.10/site-packages'
[0.437s] Level 1:colcon.colcon_core.environment:checking '/home/allen/lerobot_yu/so-arm_moveit_isaacsim_ws/install/so_arm_teleop/bin'
[0.437s] INFO:colcon.colcon_core.shell:Creating package script '/home/allen/lerobot_yu/so-arm_moveit_isaacsim_ws/install/so_arm_teleop/share/so_arm_teleop/package.ps1'
[0.437s] INFO:colcon.colcon_core.shell:Creating package descriptor '/home/allen/lerobot_yu/so-arm_moveit_isaacsim_ws/install/so_arm_teleop/share/so_arm_teleop/package.dsv'
[0.437s] INFO:colcon.colcon_core.shell:Creating package script '/home/allen/lerobot_yu/so-arm_moveit_isaacsim_ws/install/so_arm_teleop/share/so_arm_teleop/package.sh'
[0.438s] INFO:colcon.colcon_core.shell:Creating package script '/home/allen/lerobot_yu/so-arm_moveit_isaacsim_ws/install/so_arm_teleop/share/so_arm_teleop/package.bash'
[0.438s] INFO:colcon.colcon_core.shell:Creating package script '/home/allen/lerobot_yu/so-arm_moveit_isaacsim_ws/install/so_arm_teleop/share/so_arm_teleop/package.zsh'
[0.438s] Level 1:colcon.colcon_core.environment:create_file_with_runtime_dependencies(/home/allen/lerobot_yu/so-arm_moveit_isaacsim_ws/install/so_arm_teleop/share/colcon-core/packages/so_arm_teleop)
[0.480s] DEBUG:colcon.colcon_core.event_handler.log_command:Invoking command in '/home/allen/lerobot_yu/so-arm_moveit_isaacsim_ws/build/so_arm_moveit_config': CMAKE_PREFIX_PATH=/home/allen/lerobot_yu/so-arm_moveit_isaacsim_ws/install/so_arm_description:/home/allen/ws_moveit2/install/moveit_configs_utils:/home/allen/ws_moveit2/install/launch_param_builder:/opt/ros/humble:/home/allen/lerobot_yu/so-arm_moveit_isaacsim_ws/install/so_arm_teleop:/home/allen/lerobot_yu/so-arm_moveit_isaacsim_ws/install/so_arm_moveit_config:/home/allen/lerobot_yu/so-arm_moveit_isaacsim_ws/install/moveit_servo:/home/allen/lerobot_yu/so-arm_moveit_isaacsim_ws/install/gripper_joint_state:/home/allen/so-arm_moveit_isaacsim_ws/install/so_arm_moveit_config:/home/allen/so-arm_moveit_isaacsim_ws/install/so_arm_description:/home/allen/ws_moveit2/install/pilz_industrial_motion_planner_testutils:/home/allen/ws_moveit2/install/moveit_runtime:/home/allen/ws_moveit2/install/moveit2_tutorials:/home/allen/ws_moveit2/install/moveit:/home/allen/ws_moveit2/install/moveit_planners:/home/allen/ws_moveit2/install/pilz_industrial_motion_planner:/home/allen/ws_moveit2/install/moveit_visual_tools:/home/allen/ws_moveit2/install/moveit_task_constructor_visualization:/home/allen/ws_moveit2/install/moveit_task_constructor_demo:/home/allen/ws_moveit2/install/moveit_task_constructor_capabilities:/home/allen/ws_moveit2/install/moveit_task_constructor_core:/home/allen/ws_moveit2/install/moveit_ros_control_interface:/home/allen/ws_moveit2/install/moveit_plugins:/home/allen/ws_moveit2/install/moveit_simple_controller_manager:/home/allen/ws_moveit2/install/moveit_setup_assistant:/home/allen/ws_moveit2/install/moveit_setup_srdf_plugins:/home/allen/ws_moveit2/install/moveit_setup_core_plugins:/home/allen/ws_moveit2/install/moveit_setup_controllers:/home/allen/ws_moveit2/install/moveit_setup_app_plugins:/home/allen/ws_moveit2/install/moveit_setup_framework:/home/allen/ws_moveit2/install/moveit_servo:/home/allen/ws_moveit2/install/moveit_ros:/home/allen/ws_moveit2/install/moveit_ros_visualization:/home/allen/ws_moveit2/install/moveit_hybrid_planning:/home/allen/ws_moveit2/install/moveit_ros_planning_interface:/home/allen/ws_moveit2/install/moveit_ros_benchmarks:/home/allen/ws_moveit2/install/moveit_ros_warehouse:/home/allen/ws_moveit2/install/moveit_ros_robot_interaction:/home/allen/ws_moveit2/install/moveit_ros_perception:/home/allen/ws_moveit2/install/moveit_resources_prbt_pg70_support:/home/allen/ws_moveit2/install/moveit_resources_prbt_moveit_config:/home/allen/ws_moveit2/install/moveit_ros_move_group:/home/allen/ws_moveit2/install/moveit_planners_ompl:/home/allen/ws_moveit2/install/moveit_ros_planning:/home/allen/ws_moveit2/install/moveit_ros_occupancy_map_monitor:/home/allen/ws_moveit2/install/moveit_resources_prbt_ikfast_manipulator_plugin:/home/allen/ws_moveit2/install/moveit_planners_chomp:/home/allen/ws_moveit2/install/moveit_kinematics:/home/allen/ws_moveit2/install/moveit_chomp_optimizer_adapter:/home/allen/ws_moveit2/install/chomp_motion_planner:/home/allen/ws_moveit2/install/moveit_core:/home/allen/ws_moveit2/install/srdfdom:/home/allen/ws_moveit2/install/rviz_marker_tools:/home/allen/ws_moveit2/install/rosparam_shortcuts:/home/allen/ws_moveit2/install/moveit_task_constructor_msgs:/home/allen/ws_moveit2/install/moveit_resources_prbt_support:/home/allen/ws_moveit2/install/moveit_resources:/home/allen/ws_moveit2/install/moveit_resources_pr2_description:/home/allen/ws_moveit2/install/moveit_resources_panda_moveit_config:/home/allen/ws_moveit2/install/moveit_resources_panda_description:/home/allen/ws_moveit2/install/moveit_resources_fanuc_moveit_config:/home/allen/ws_moveit2/install/moveit_resources_fanuc_description:/home/allen/ws_moveit2/install/moveit_common /usr/bin/cmake --build /home/allen/lerobot_yu/so-arm_moveit_isaacsim_ws/build/so_arm_moveit_config -- -j20 -l20
[0.509s] DEBUG:colcon.colcon_core.event_handler.log_command:Invoked command in '/home/allen/lerobot_yu/so-arm_moveit_isaacsim_ws/build/moveit_servo' returned '0': CMAKE_PREFIX_PATH=/home/allen/ws_moveit2/install/moveit_configs_utils:/home/allen/ws_moveit2/install/launch_param_builder:/opt/ros/humble:${CMAKE_PREFIX_PATH} /usr/bin/cmake --build /home/allen/lerobot_yu/so-arm_moveit_isaacsim_ws/build/moveit_servo -- -j20 -l20
[0.510s] DEBUG:colcon.colcon_core.event_handler.log_command:Invoking command in '/home/allen/lerobot_yu/so-arm_moveit_isaacsim_ws/build/moveit_servo': CMAKE_PREFIX_PATH=/home/allen/ws_moveit2/install/moveit_configs_utils:/home/allen/ws_moveit2/install/launch_param_builder:/opt/ros/humble:${CMAKE_PREFIX_PATH} /usr/bin/cmake --install /home/allen/lerobot_yu/so-arm_moveit_isaacsim_ws/build/moveit_servo
[0.512s] DEBUG:colcon.colcon_core.event_handler.log_command:Invoked command in '/home/allen/lerobot_yu/so-arm_moveit_isaacsim_ws/build/so_arm_moveit_config' returned '0': CMAKE_PREFIX_PATH=/home/allen/lerobot_yu/so-arm_moveit_isaacsim_ws/install/so_arm_description:/home/allen/ws_moveit2/install/moveit_configs_utils:/home/allen/ws_moveit2/install/launch_param_builder:/opt/ros/humble:/home/allen/lerobot_yu/so-arm_moveit_isaacsim_ws/install/so_arm_teleop:/home/allen/lerobot_yu/so-arm_moveit_isaacsim_ws/install/so_arm_moveit_config:/home/allen/lerobot_yu/so-arm_moveit_isaacsim_ws/install/moveit_servo:/home/allen/lerobot_yu/so-arm_moveit_isaacsim_ws/install/gripper_joint_state:/home/allen/so-arm_moveit_isaacsim_ws/install/so_arm_moveit_config:/home/allen/so-arm_moveit_isaacsim_ws/install/so_arm_description:/home/allen/ws_moveit2/install/pilz_industrial_motion_planner_testutils:/home/allen/ws_moveit2/install/moveit_runtime:/home/allen/ws_moveit2/install/moveit2_tutorials:/home/allen/ws_moveit2/install/moveit:/home/allen/ws_moveit2/install/moveit_planners:/home/allen/ws_moveit2/install/pilz_industrial_motion_planner:/home/allen/ws_moveit2/install/moveit_visual_tools:/home/allen/ws_moveit2/install/moveit_task_constructor_visualization:/home/allen/ws_moveit2/install/moveit_task_constructor_demo:/home/allen/ws_moveit2/install/moveit_task_constructor_capabilities:/home/allen/ws_moveit2/install/moveit_task_constructor_core:/home/allen/ws_moveit2/install/moveit_ros_control_interface:/home/allen/ws_moveit2/install/moveit_plugins:/home/allen/ws_moveit2/install/moveit_simple_controller_manager:/home/allen/ws_moveit2/install/moveit_setup_assistant:/home/allen/ws_moveit2/install/moveit_setup_srdf_plugins:/home/allen/ws_moveit2/install/moveit_setup_core_plugins:/home/allen/ws_moveit2/install/moveit_setup_controllers:/home/allen/ws_moveit2/install/moveit_setup_app_plugins:/home/allen/ws_moveit2/install/moveit_setup_framework:/home/allen/ws_moveit2/install/moveit_servo:/home/allen/ws_moveit2/install/moveit_ros:/home/allen/ws_moveit2/install/moveit_ros_visualization:/home/allen/ws_moveit2/install/moveit_hybrid_planning:/home/allen/ws_moveit2/install/moveit_ros_planning_interface:/home/allen/ws_moveit2/install/moveit_ros_benchmarks:/home/allen/ws_moveit2/install/moveit_ros_warehouse:/home/allen/ws_moveit2/install/moveit_ros_robot_interaction:/home/allen/ws_moveit2/install/moveit_ros_perception:/home/allen/ws_moveit2/install/moveit_resources_prbt_pg70_support:/home/allen/ws_moveit2/install/moveit_resources_prbt_moveit_config:/home/allen/ws_moveit2/install/moveit_ros_move_group:/home/allen/ws_moveit2/install/moveit_planners_ompl:/home/allen/ws_moveit2/install/moveit_ros_planning:/home/allen/ws_moveit2/install/moveit_ros_occupancy_map_monitor:/home/allen/ws_moveit2/install/moveit_resources_prbt_ikfast_manipulator_plugin:/home/allen/ws_moveit2/install/moveit_planners_chomp:/home/allen/ws_moveit2/install/moveit_kinematics:/home/allen/ws_moveit2/install/moveit_chomp_optimizer_adapter:/home/allen/ws_moveit2/install/chomp_motion_planner:/home/allen/ws_moveit2/install/moveit_core:/home/allen/ws_moveit2/install/srdfdom:/home/allen/ws_moveit2/install/rviz_marker_tools:/home/allen/ws_moveit2/install/rosparam_shortcuts:/home/allen/ws_moveit2/install/moveit_task_constructor_msgs:/home/allen/ws_moveit2/install/moveit_resources_prbt_support:/home/allen/ws_moveit2/install/moveit_resources:/home/allen/ws_moveit2/install/moveit_resources_pr2_description:/home/allen/ws_moveit2/install/moveit_resources_panda_moveit_config:/home/allen/ws_moveit2/install/moveit_resources_panda_description:/home/allen/ws_moveit2/install/moveit_resources_fanuc_moveit_config:/home/allen/ws_moveit2/install/moveit_resources_fanuc_description:/home/allen/ws_moveit2/install/moveit_common /usr/bin/cmake --build /home/allen/lerobot_yu/so-arm_moveit_isaacsim_ws/build/so_arm_moveit_config -- -j20 -l20
[0.513s] DEBUG:colcon.colcon_core.event_handler.log_command:Invoking command in '/home/allen/lerobot_yu/so-arm_moveit_isaacsim_ws/build/so_arm_moveit_config': CMAKE_PREFIX_PATH=/home/allen/lerobot_yu/so-arm_moveit_isaacsim_ws/install/so_arm_description:/home/allen/ws_moveit2/install/moveit_configs_utils:/home/allen/ws_moveit2/install/launch_param_builder:/opt/ros/humble:/home/allen/lerobot_yu/so-arm_moveit_isaacsim_ws/install/so_arm_teleop:/home/allen/lerobot_yu/so-arm_moveit_isaacsim_ws/install/so_arm_moveit_config:/home/allen/lerobot_yu/so-arm_moveit_isaacsim_ws/install/moveit_servo:/home/allen/lerobot_yu/so-arm_moveit_isaacsim_ws/install/gripper_joint_state:/home/allen/so-arm_moveit_isaacsim_ws/install/so_arm_moveit_config:/home/allen/so-arm_moveit_isaacsim_ws/install/so_arm_description:/home/allen/ws_moveit2/install/pilz_industrial_motion_planner_testutils:/home/allen/ws_moveit2/install/moveit_runtime:/home/allen/ws_moveit2/install/moveit2_tutorials:/home/allen/ws_moveit2/install/moveit:/home/allen/ws_moveit2/install/moveit_planners:/home/allen/ws_moveit2/install/pilz_industrial_motion_planner:/home/allen/ws_moveit2/install/moveit_visual_tools:/home/allen/ws_moveit2/install/moveit_task_constructor_visualization:/home/allen/ws_moveit2/install/moveit_task_constructor_demo:/home/allen/ws_moveit2/install/moveit_task_constructor_capabilities:/home/allen/ws_moveit2/install/moveit_task_constructor_core:/home/allen/ws_moveit2/install/moveit_ros_control_interface:/home/allen/ws_moveit2/install/moveit_plugins:/home/allen/ws_moveit2/install/moveit_simple_controller_manager:/home/allen/ws_moveit2/install/moveit_setup_assistant:/home/allen/ws_moveit2/install/moveit_setup_srdf_plugins:/home/allen/ws_moveit2/install/moveit_setup_core_plugins:/home/allen/ws_moveit2/install/moveit_setup_controllers:/home/allen/ws_moveit2/install/moveit_setup_app_plugins:/home/allen/ws_moveit2/install/moveit_setup_framework:/home/allen/ws_moveit2/install/moveit_servo:/home/allen/ws_moveit2/install/moveit_ros:/home/allen/ws_moveit2/install/moveit_ros_visualization:/home/allen/ws_moveit2/install/moveit_hybrid_planning:/home/allen/ws_moveit2/install/moveit_ros_planning_interface:/home/allen/ws_moveit2/install/moveit_ros_benchmarks:/home/allen/ws_moveit2/install/moveit_ros_warehouse:/home/allen/ws_moveit2/install/moveit_ros_robot_interaction:/home/allen/ws_moveit2/install/moveit_ros_perception:/home/allen/ws_moveit2/install/moveit_resources_prbt_pg70_support:/home/allen/ws_moveit2/install/moveit_resources_prbt_moveit_config:/home/allen/ws_moveit2/install/moveit_ros_move_group:/home/allen/ws_moveit2/install/moveit_planners_ompl:/home/allen/ws_moveit2/install/moveit_ros_planning:/home/allen/ws_moveit2/install/moveit_ros_occupancy_map_monitor:/home/allen/ws_moveit2/install/moveit_resources_prbt_ikfast_manipulator_plugin:/home/allen/ws_moveit2/install/moveit_planners_chomp:/home/allen/ws_moveit2/install/moveit_kinematics:/home/allen/ws_moveit2/install/moveit_chomp_optimizer_adapter:/home/allen/ws_moveit2/install/chomp_motion_planner:/home/allen/ws_moveit2/install/moveit_core:/home/allen/ws_moveit2/install/srdfdom:/home/allen/ws_moveit2/install/rviz_marker_tools:/home/allen/ws_moveit2/install/rosparam_shortcuts:/home/allen/ws_moveit2/install/moveit_task_constructor_msgs:/home/allen/ws_moveit2/install/moveit_resources_prbt_support:/home/allen/ws_moveit2/install/moveit_resources:/home/allen/ws_moveit2/install/moveit_resources_pr2_description:/home/allen/ws_moveit2/install/moveit_resources_panda_moveit_config:/home/allen/ws_moveit2/install/moveit_resources_panda_description:/home/allen/ws_moveit2/install/moveit_resources_fanuc_moveit_config:/home/allen/ws_moveit2/install/moveit_resources_fanuc_description:/home/allen/ws_moveit2/install/moveit_common /usr/bin/cmake --install /home/allen/lerobot_yu/so-arm_moveit_isaacsim_ws/build/so_arm_moveit_config
[0.526s] Level 1:colcon.colcon_core.environment:create_environment_scripts_only(so_arm_moveit_config)
[0.527s] Level 1:colcon.colcon_core.environment:checking '/home/allen/lerobot_yu/so-arm_moveit_isaacsim_ws/install/so_arm_moveit_config' for CMake module files
[0.529s] DEBUG:colcon.colcon_core.event_handler.log_command:Invoked command in '/home/allen/lerobot_yu/so-arm_moveit_isaacsim_ws/build/so_arm_moveit_config' returned '0': CMAKE_PREFIX_PATH=/home/allen/lerobot_yu/so-arm_moveit_isaacsim_ws/install/so_arm_description:/home/allen/ws_moveit2/install/moveit_configs_utils:/home/allen/ws_moveit2/install/launch_param_builder:/opt/ros/humble:/home/allen/lerobot_yu/so-arm_moveit_isaacsim_ws/install/so_arm_teleop:/home/allen/lerobot_yu/so-arm_moveit_isaacsim_ws/install/so_arm_moveit_config:/home/allen/lerobot_yu/so-arm_moveit_isaacsim_ws/install/moveit_servo:/home/allen/lerobot_yu/so-arm_moveit_isaacsim_ws/install/gripper_joint_state:/home/allen/so-arm_moveit_isaacsim_ws/install/so_arm_moveit_config:/home/allen/so-arm_moveit_isaacsim_ws/install/so_arm_description:/home/allen/ws_moveit2/install/pilz_industrial_motion_planner_testutils:/home/allen/ws_moveit2/install/moveit_runtime:/home/allen/ws_moveit2/install/moveit2_tutorials:/home/allen/ws_moveit2/install/moveit:/home/allen/ws_moveit2/install/moveit_planners:/home/allen/ws_moveit2/install/pilz_industrial_motion_planner:/home/allen/ws_moveit2/install/moveit_visual_tools:/home/allen/ws_moveit2/install/moveit_task_constructor_visualization:/home/allen/ws_moveit2/install/moveit_task_constructor_demo:/home/allen/ws_moveit2/install/moveit_task_constructor_capabilities:/home/allen/ws_moveit2/install/moveit_task_constructor_core:/home/allen/ws_moveit2/install/moveit_ros_control_interface:/home/allen/ws_moveit2/install/moveit_plugins:/home/allen/ws_moveit2/install/moveit_simple_controller_manager:/home/allen/ws_moveit2/install/moveit_setup_assistant:/home/allen/ws_moveit2/install/moveit_setup_srdf_plugins:/home/allen/ws_moveit2/install/moveit_setup_core_plugins:/home/allen/ws_moveit2/install/moveit_setup_controllers:/home/allen/ws_moveit2/install/moveit_setup_app_plugins:/home/allen/ws_moveit2/install/moveit_setup_framework:/home/allen/ws_moveit2/install/moveit_servo:/home/allen/ws_moveit2/install/moveit_ros:/home/allen/ws_moveit2/install/moveit_ros_visualization:/home/allen/ws_moveit2/install/moveit_hybrid_planning:/home/allen/ws_moveit2/install/moveit_ros_planning_interface:/home/allen/ws_moveit2/install/moveit_ros_benchmarks:/home/allen/ws_moveit2/install/moveit_ros_warehouse:/home/allen/ws_moveit2/install/moveit_ros_robot_interaction:/home/allen/ws_moveit2/install/moveit_ros_perception:/home/allen/ws_moveit2/install/moveit_resources_prbt_pg70_support:/home/allen/ws_moveit2/install/moveit_resources_prbt_moveit_config:/home/allen/ws_moveit2/install/moveit_ros_move_group:/home/allen/ws_moveit2/install/moveit_planners_ompl:/home/allen/ws_moveit2/install/moveit_ros_planning:/home/allen/ws_moveit2/install/moveit_ros_occupancy_map_monitor:/home/allen/ws_moveit2/install/moveit_resources_prbt_ikfast_manipulator_plugin:/home/allen/ws_moveit2/install/moveit_planners_chomp:/home/allen/ws_moveit2/install/moveit_kinematics:/home/allen/ws_moveit2/install/moveit_chomp_optimizer_adapter:/home/allen/ws_moveit2/install/chomp_motion_planner:/home/allen/ws_moveit2/install/moveit_core:/home/allen/ws_moveit2/install/srdfdom:/home/allen/ws_moveit2/install/rviz_marker_tools:/home/allen/ws_moveit2/install/rosparam_shortcuts:/home/allen/ws_moveit2/install/moveit_task_constructor_msgs:/home/allen/ws_moveit2/install/moveit_resources_prbt_support:/home/allen/ws_moveit2/install/moveit_resources:/home/allen/ws_moveit2/install/moveit_resources_pr2_description:/home/allen/ws_moveit2/install/moveit_resources_panda_moveit_config:/home/allen/ws_moveit2/install/moveit_resources_panda_description:/home/allen/ws_moveit2/install/moveit_resources_fanuc_moveit_config:/home/allen/ws_moveit2/install/moveit_resources_fanuc_description:/home/allen/ws_moveit2/install/moveit_common /usr/bin/cmake --install /home/allen/lerobot_yu/so-arm_moveit_isaacsim_ws/build/so_arm_moveit_config
[0.529s] Level 1:colcon.colcon_core.environment:checking '/home/allen/lerobot_yu/so-arm_moveit_isaacsim_ws/install/so_arm_moveit_config' for CMake config files
[0.529s] Level 1:colcon.colcon_core.shell:create_environment_hook('so_arm_moveit_config', 'cmake_prefix_path')
[0.529s] INFO:colcon.colcon_core.shell:Creating environment hook '/home/allen/lerobot_yu/so-arm_moveit_isaacsim_ws/install/so_arm_moveit_config/share/so_arm_moveit_config/hook/cmake_prefix_path.ps1'
[0.529s] INFO:colcon.colcon_core.shell:Creating environment descriptor '/home/allen/lerobot_yu/so-arm_moveit_isaacsim_ws/install/so_arm_moveit_config/share/so_arm_moveit_config/hook/cmake_prefix_path.dsv'
[0.530s] INFO:colcon.colcon_core.shell:Creating environment hook '/home/allen/lerobot_yu/so-arm_moveit_isaacsim_ws/install/so_arm_moveit_config/share/so_arm_moveit_config/hook/cmake_prefix_path.sh'
[0.530s] Level 1:colcon.colcon_core.environment:checking '/home/allen/lerobot_yu/so-arm_moveit_isaacsim_ws/install/so_arm_moveit_config/bin'
[0.530s] Level 1:colcon.colcon_core.environment:checking '/home/allen/lerobot_yu/so-arm_moveit_isaacsim_ws/install/so_arm_moveit_config/lib/pkgconfig/so_arm_moveit_config.pc'
[0.530s] Level 1:colcon.colcon_core.environment:checking '/home/allen/lerobot_yu/so-arm_moveit_isaacsim_ws/install/so_arm_moveit_config/lib/python3.10/site-packages'
[0.530s] Level 1:colcon.colcon_core.environment:checking '/home/allen/lerobot_yu/so-arm_moveit_isaacsim_ws/install/so_arm_moveit_config/bin'
[0.531s] INFO:colcon.colcon_core.shell:Creating package script '/home/allen/lerobot_yu/so-arm_moveit_isaacsim_ws/install/so_arm_moveit_config/share/so_arm_moveit_config/package.ps1'
[0.531s] INFO:colcon.colcon_core.shell:Creating package descriptor '/home/allen/lerobot_yu/so-arm_moveit_isaacsim_ws/install/so_arm_moveit_config/share/so_arm_moveit_config/package.dsv'
[0.531s] INFO:colcon.colcon_core.shell:Creating package script '/home/allen/lerobot_yu/so-arm_moveit_isaacsim_ws/install/so_arm_moveit_config/share/so_arm_moveit_config/package.sh'
[0.531s] INFO:colcon.colcon_core.shell:Creating package script '/home/allen/lerobot_yu/so-arm_moveit_isaacsim_ws/install/so_arm_moveit_config/share/so_arm_moveit_config/package.bash'
[0.531s] INFO:colcon.colcon_core.shell:Creating package script '/home/allen/lerobot_yu/so-arm_moveit_isaacsim_ws/install/so_arm_moveit_config/share/so_arm_moveit_config/package.zsh'
[0.532s] Level 1:colcon.colcon_core.environment:create_file_with_runtime_dependencies(/home/allen/lerobot_yu/so-arm_moveit_isaacsim_ws/install/so_arm_moveit_config/share/colcon-core/packages/so_arm_moveit_config)
[0.532s] Level 1:colcon.colcon_core.environment:create_environment_scripts_only(so_arm_moveit_config)
[0.532s] Level 1:colcon.colcon_core.environment:checking '/home/allen/lerobot_yu/so-arm_moveit_isaacsim_ws/install/so_arm_moveit_config' for CMake module files
[0.532s] Level 1:colcon.colcon_core.environment:checking '/home/allen/lerobot_yu/so-arm_moveit_isaacsim_ws/install/so_arm_moveit_config' for CMake config files
[0.532s] Level 1:colcon.colcon_core.shell:create_environment_hook('so_arm_moveit_config', 'cmake_prefix_path')
[0.533s] INFO:colcon.colcon_core.shell:Creating environment hook '/home/allen/lerobot_yu/so-arm_moveit_isaacsim_ws/install/so_arm_moveit_config/share/so_arm_moveit_config/hook/cmake_prefix_path.ps1'
[0.533s] INFO:colcon.colcon_core.shell:Creating environment descriptor '/home/allen/lerobot_yu/so-arm_moveit_isaacsim_ws/install/so_arm_moveit_config/share/so_arm_moveit_config/hook/cmake_prefix_path.dsv'
[0.533s] INFO:colcon.colcon_core.shell:Creating environment hook '/home/allen/lerobot_yu/so-arm_moveit_isaacsim_ws/install/so_arm_moveit_config/share/so_arm_moveit_config/hook/cmake_prefix_path.sh'
[0.533s] Level 1:colcon.colcon_core.environment:checking '/home/allen/lerobot_yu/so-arm_moveit_isaacsim_ws/install/so_arm_moveit_config/bin'
[0.533s] Level 1:colcon.colcon_core.environment:checking '/home/allen/lerobot_yu/so-arm_moveit_isaacsim_ws/install/so_arm_moveit_config/lib/pkgconfig/so_arm_moveit_config.pc'
[0.534s] Level 1:colcon.colcon_core.environment:checking '/home/allen/lerobot_yu/so-arm_moveit_isaacsim_ws/install/so_arm_moveit_config/lib/python3.10/site-packages'
[0.534s] Level 1:colcon.colcon_core.environment:checking '/home/allen/lerobot_yu/so-arm_moveit_isaacsim_ws/install/so_arm_moveit_config/bin'
[0.534s] INFO:colcon.colcon_core.shell:Creating package script '/home/allen/lerobot_yu/so-arm_moveit_isaacsim_ws/install/so_arm_moveit_config/share/so_arm_moveit_config/package.ps1'
[0.534s] INFO:colcon.colcon_core.shell:Creating package descriptor '/home/allen/lerobot_yu/so-arm_moveit_isaacsim_ws/install/so_arm_moveit_config/share/so_arm_moveit_config/package.dsv'
[0.535s] INFO:colcon.colcon_core.shell:Creating package script '/home/allen/lerobot_yu/so-arm_moveit_isaacsim_ws/install/so_arm_moveit_config/share/so_arm_moveit_config/package.sh'
[0.535s] INFO:colcon.colcon_core.shell:Creating package script '/home/allen/lerobot_yu/so-arm_moveit_isaacsim_ws/install/so_arm_moveit_config/share/so_arm_moveit_config/package.bash'
[0.535s] INFO:colcon.colcon_core.shell:Creating package script '/home/allen/lerobot_yu/so-arm_moveit_isaacsim_ws/install/so_arm_moveit_config/share/so_arm_moveit_config/package.zsh'
[0.535s] Level 1:colcon.colcon_core.environment:create_file_with_runtime_dependencies(/home/allen/lerobot_yu/so-arm_moveit_isaacsim_ws/install/so_arm_moveit_config/share/colcon-core/packages/so_arm_moveit_config)
[0.535s] Level 1:colcon.colcon_core.environment:create_environment_scripts_only(moveit_servo)
[0.536s] Level 1:colcon.colcon_core.environment:checking '/home/allen/lerobot_yu/so-arm_moveit_isaacsim_ws/install/moveit_servo' for CMake module files
[0.537s] DEBUG:colcon.colcon_core.event_handler.log_command:Invoked command in '/home/allen/lerobot_yu/so-arm_moveit_isaacsim_ws/build/moveit_servo' returned '0': CMAKE_PREFIX_PATH=/home/allen/ws_moveit2/install/moveit_configs_utils:/home/allen/ws_moveit2/install/launch_param_builder:/opt/ros/humble:${CMAKE_PREFIX_PATH} /usr/bin/cmake --install /home/allen/lerobot_yu/so-arm_moveit_isaacsim_ws/build/moveit_servo
[0.537s] Level 1:colcon.colcon_core.environment:checking '/home/allen/lerobot_yu/so-arm_moveit_isaacsim_ws/install/moveit_servo' for CMake config files
[0.537s] Level 1:colcon.colcon_core.shell:create_environment_hook('moveit_servo', 'cmake_prefix_path')
[0.537s] INFO:colcon.colcon_core.shell:Creating environment hook '/home/allen/lerobot_yu/so-arm_moveit_isaacsim_ws/install/moveit_servo/share/moveit_servo/hook/cmake_prefix_path.ps1'
[0.538s] INFO:colcon.colcon_core.shell:Creating environment descriptor '/home/allen/lerobot_yu/so-arm_moveit_isaacsim_ws/install/moveit_servo/share/moveit_servo/hook/cmake_prefix_path.dsv'
[0.538s] INFO:colcon.colcon_core.shell:Creating environment hook '/home/allen/lerobot_yu/so-arm_moveit_isaacsim_ws/install/moveit_servo/share/moveit_servo/hook/cmake_prefix_path.sh'
[0.538s] Level 1:colcon.colcon_core.environment:checking '/home/allen/lerobot_yu/so-arm_moveit_isaacsim_ws/install/moveit_servo/lib'
[0.538s] Level 1:colcon.colcon_core.shell:create_environment_hook('moveit_servo', 'ld_library_path_lib')
[0.538s] INFO:colcon.colcon_core.shell:Creating environment hook '/home/allen/lerobot_yu/so-arm_moveit_isaacsim_ws/install/moveit_servo/share/moveit_servo/hook/ld_library_path_lib.ps1'
[0.539s] INFO:colcon.colcon_core.shell:Creating environment descriptor '/home/allen/lerobot_yu/so-arm_moveit_isaacsim_ws/install/moveit_servo/share/moveit_servo/hook/ld_library_path_lib.dsv'
[0.539s] INFO:colcon.colcon_core.shell:Creating environment hook '/home/allen/lerobot_yu/so-arm_moveit_isaacsim_ws/install/moveit_servo/share/moveit_servo/hook/ld_library_path_lib.sh'
[0.539s] Level 1:colcon.colcon_core.environment:checking '/home/allen/lerobot_yu/so-arm_moveit_isaacsim_ws/install/moveit_servo/bin'
[0.539s] Level 1:colcon.colcon_core.environment:checking '/home/allen/lerobot_yu/so-arm_moveit_isaacsim_ws/install/moveit_servo/lib/pkgconfig/moveit_servo.pc'
[0.539s] Level 1:colcon.colcon_core.environment:checking '/home/allen/lerobot_yu/so-arm_moveit_isaacsim_ws/install/moveit_servo/lib/python3.10/site-packages'
[0.539s] Level 1:colcon.colcon_core.environment:checking '/home/allen/lerobot_yu/so-arm_moveit_isaacsim_ws/install/moveit_servo/bin'
[0.540s] INFO:colcon.colcon_core.shell:Creating package script '/home/allen/lerobot_yu/so-arm_moveit_isaacsim_ws/install/moveit_servo/share/moveit_servo/package.ps1'
[0.540s] INFO:colcon.colcon_core.shell:Creating package descriptor '/home/allen/lerobot_yu/so-arm_moveit_isaacsim_ws/install/moveit_servo/share/moveit_servo/package.dsv'
[0.540s] INFO:colcon.colcon_core.shell:Creating package script '/home/allen/lerobot_yu/so-arm_moveit_isaacsim_ws/install/moveit_servo/share/moveit_servo/package.sh'
[0.540s] INFO:colcon.colcon_core.shell:Creating package script '/home/allen/lerobot_yu/so-arm_moveit_isaacsim_ws/install/moveit_servo/share/moveit_servo/package.bash'
[0.541s] INFO:colcon.colcon_core.shell:Creating package script '/home/allen/lerobot_yu/so-arm_moveit_isaacsim_ws/install/moveit_servo/share/moveit_servo/package.zsh'
[0.541s] Level 1:colcon.colcon_core.environment:create_file_with_runtime_dependencies(/home/allen/lerobot_yu/so-arm_moveit_isaacsim_ws/install/moveit_servo/share/colcon-core/packages/moveit_servo)
[0.541s] Level 1:colcon.colcon_core.environment:create_environment_scripts_only(moveit_servo)
[0.541s] Level 1:colcon.colcon_core.environment:checking '/home/allen/lerobot_yu/so-arm_moveit_isaacsim_ws/install/moveit_servo' for CMake module files
[0.542s] Level 1:colcon.colcon_core.environment:checking '/home/allen/lerobot_yu/so-arm_moveit_isaacsim_ws/install/moveit_servo' for CMake config files
[0.542s] Level 1:colcon.colcon_core.shell:create_environment_hook('moveit_servo', 'cmake_prefix_path')
[0.542s] INFO:colcon.colcon_core.shell:Creating environment hook '/home/allen/lerobot_yu/so-arm_moveit_isaacsim_ws/install/moveit_servo/share/moveit_servo/hook/cmake_prefix_path.ps1'
[0.542s] INFO:colcon.colcon_core.shell:Creating environment descriptor '/home/allen/lerobot_yu/so-arm_moveit_isaacsim_ws/install/moveit_servo/share/moveit_servo/hook/cmake_prefix_path.dsv'
[0.542s] INFO:colcon.colcon_core.shell:Creating environment hook '/home/allen/lerobot_yu/so-arm_moveit_isaacsim_ws/install/moveit_servo/share/moveit_servo/hook/cmake_prefix_path.sh'
[0.543s] Level 1:colcon.colcon_core.environment:checking '/home/allen/lerobot_yu/so-arm_moveit_isaacsim_ws/install/moveit_servo/lib'
[0.543s] Level 1:colcon.colcon_core.shell:create_environment_hook('moveit_servo', 'ld_library_path_lib')
[0.543s] INFO:colcon.colcon_core.shell:Creating environment hook '/home/allen/lerobot_yu/so-arm_moveit_isaacsim_ws/install/moveit_servo/share/moveit_servo/hook/ld_library_path_lib.ps1'
[0.543s] INFO:colcon.colcon_core.shell:Creating environment descriptor '/home/allen/lerobot_yu/so-arm_moveit_isaacsim_ws/install/moveit_servo/share/moveit_servo/hook/ld_library_path_lib.dsv'
[0.543s] INFO:colcon.colcon_core.shell:Creating environment hook '/home/allen/lerobot_yu/so-arm_moveit_isaacsim_ws/install/moveit_servo/share/moveit_servo/hook/ld_library_path_lib.sh'
[0.544s] Level 1:colcon.colcon_core.environment:checking '/home/allen/lerobot_yu/so-arm_moveit_isaacsim_ws/install/moveit_servo/bin'
[0.544s] Level 1:colcon.colcon_core.environment:checking '/home/allen/lerobot_yu/so-arm_moveit_isaacsim_ws/install/moveit_servo/lib/pkgconfig/moveit_servo.pc'
[0.544s] Level 1:colcon.colcon_core.environment:checking '/home/allen/lerobot_yu/so-arm_moveit_isaacsim_ws/install/moveit_servo/lib/python3.10/site-packages'
[0.544s] Level 1:colcon.colcon_core.environment:checking '/home/allen/lerobot_yu/so-arm_moveit_isaacsim_ws/install/moveit_servo/bin'
[0.544s] INFO:colcon.colcon_core.shell:Creating package script '/home/allen/lerobot_yu/so-arm_moveit_isaacsim_ws/install/moveit_servo/share/moveit_servo/package.ps1'
[0.545s] INFO:colcon.colcon_core.shell:Creating package descriptor '/home/allen/lerobot_yu/so-arm_moveit_isaacsim_ws/install/moveit_servo/share/moveit_servo/package.dsv'
[0.545s] INFO:colcon.colcon_core.shell:Creating package script '/home/allen/lerobot_yu/so-arm_moveit_isaacsim_ws/install/moveit_servo/share/moveit_servo/package.sh'
[0.545s] INFO:colcon.colcon_core.shell:Creating package script '/home/allen/lerobot_yu/so-arm_moveit_isaacsim_ws/install/moveit_servo/share/moveit_servo/package.bash'
[0.545s] INFO:colcon.colcon_core.shell:Creating package script '/home/allen/lerobot_yu/so-arm_moveit_isaacsim_ws/install/moveit_servo/share/moveit_servo/package.zsh'
[0.546s] Level 1:colcon.colcon_core.environment:create_file_with_runtime_dependencies(/home/allen/lerobot_yu/so-arm_moveit_isaacsim_ws/install/moveit_servo/share/colcon-core/packages/moveit_servo)
[0.546s] DEBUG:colcon.colcon_parallel_executor.executor.parallel:closing loop
[0.546s] DEBUG:colcon.colcon_parallel_executor.executor.parallel:loop closed
[0.546s] DEBUG:colcon.colcon_parallel_executor.executor.parallel:run_until_complete finished with '0'
[0.546s] DEBUG:colcon.colcon_core.event_reactor:joining thread
[0.588s] INFO:colcon.colcon_core.plugin_system:Skipping extension 'colcon_notification.desktop_notification.notify_send': Could not find 'notify-send'
[0.588s] INFO:colcon.colcon_core.plugin_system:Skipping extension 'colcon_notification.desktop_notification.terminal_notifier': Not used on non-Darwin systems
[0.589s] INFO:colcon.colcon_core.plugin_system:Skipping extension 'colcon_notification.desktop_notification.win32': Not used on non-Windows systems
[0.589s] INFO:colcon.colcon_notification.desktop_notification:Sending desktop notification using 'notify2'
[0.589s] DEBUG:colcon.colcon_notification.desktop_notification.notify2:Failed to initialize notify2: org.freedesktop.DBus.Error.FileNotFound: Failed to connect to socket /run/user/1000/bus: No such file or directory
[0.589s] DEBUG:colcon.colcon_core.event_reactor:joined thread
[0.589s] INFO:colcon.colcon_core.shell:Creating prefix script '/home/allen/lerobot_yu/so-arm_moveit_isaacsim_ws/install/local_setup.ps1'
[0.590s] INFO:colcon.colcon_core.shell:Creating prefix util module '/home/allen/lerobot_yu/so-arm_moveit_isaacsim_ws/install/_local_setup_util_ps1.py'
[0.591s] INFO:colcon.colcon_core.shell:Creating prefix chain script '/home/allen/lerobot_yu/so-arm_moveit_isaacsim_ws/install/setup.ps1'
[0.592s] INFO:colcon.colcon_core.shell:Creating prefix script '/home/allen/lerobot_yu/so-arm_moveit_isaacsim_ws/install/local_setup.sh'
[0.593s] INFO:colcon.colcon_core.shell:Creating prefix util module '/home/allen/lerobot_yu/so-arm_moveit_isaacsim_ws/install/_local_setup_util_sh.py'
[0.593s] INFO:colcon.colcon_core.shell:Creating prefix chain script '/home/allen/lerobot_yu/so-arm_moveit_isaacsim_ws/install/setup.sh'
[0.595s] INFO:colcon.colcon_core.shell:Creating prefix script '/home/allen/lerobot_yu/so-arm_moveit_isaacsim_ws/install/local_setup.bash'
[0.595s] INFO:colcon.colcon_core.shell:Creating prefix chain script '/home/allen/lerobot_yu/so-arm_moveit_isaacsim_ws/install/setup.bash'
[0.597s] INFO:colcon.colcon_core.shell:Creating prefix script '/home/allen/lerobot_yu/so-arm_moveit_isaacsim_ws/install/local_setup.zsh'
[0.597s] INFO:colcon.colcon_core.shell:Creating prefix chain script '/home/allen/lerobot_yu/so-arm_moveit_isaacsim_ws/install/setup.zsh'
