-- Install configuration: ""
-- Up-to-date: /home/allen/lerobot_yu/so-arm_moveit_isaacsim_ws/install/gripper_joint_state/share/gripper_joint_state//scripts
-- Up-to-date: /home/allen/lerobot_yu/so-arm_moveit_isaacsim_ws/install/gripper_joint_state/share/gripper_joint_state//scripts/convertor.py
-- Up-to-date: /home/allen/lerobot_yu/so-arm_moveit_isaacsim_ws/install/gripper_joint_state/share/gripper_joint_state//launch
-- Up-to-date: /home/allen/lerobot_yu/so-arm_moveit_isaacsim_ws/install/gripper_joint_state/share/gripper_joint_state//launch/topic_convertor.launch.py
-- Up-to-date: /home/allen/lerobot_yu/so-arm_moveit_isaacsim_ws/install/gripper_joint_state/lib/gripper_joint_state/convertor.py
-- Up-to-date: /home/allen/lerobot_yu/so-arm_moveit_isaacsim_ws/install/gripper_joint_state/lib/gripper_joint_state/topic_convertor.launch.py
-- Up-to-date: /home/allen/lerobot_yu/so-arm_moveit_isaacsim_ws/install/gripper_joint_state/share/ament_index/resource_index/package_run_dependencies/gripper_joint_state
-- Up-to-date: /home/allen/lerobot_yu/so-arm_moveit_isaacsim_ws/install/gripper_joint_state/share/ament_index/resource_index/parent_prefix_path/gripper_joint_state
-- Up-to-date: /home/allen/lerobot_yu/so-arm_moveit_isaacsim_ws/install/gripper_joint_state/share/gripper_joint_state/environment/ament_prefix_path.sh
-- Up-to-date: /home/allen/lerobot_yu/so-arm_moveit_isaacsim_ws/install/gripper_joint_state/share/gripper_joint_state/environment/ament_prefix_path.dsv
-- Up-to-date: /home/allen/lerobot_yu/so-arm_moveit_isaacsim_ws/install/gripper_joint_state/share/gripper_joint_state/environment/path.sh
-- Up-to-date: /home/allen/lerobot_yu/so-arm_moveit_isaacsim_ws/install/gripper_joint_state/share/gripper_joint_state/environment/path.dsv
-- Up-to-date: /home/allen/lerobot_yu/so-arm_moveit_isaacsim_ws/install/gripper_joint_state/share/gripper_joint_state/local_setup.bash
-- Up-to-date: /home/allen/lerobot_yu/so-arm_moveit_isaacsim_ws/install/gripper_joint_state/share/gripper_joint_state/local_setup.sh
-- Up-to-date: /home/allen/lerobot_yu/so-arm_moveit_isaacsim_ws/install/gripper_joint_state/share/gripper_joint_state/local_setup.zsh
-- Up-to-date: /home/allen/lerobot_yu/so-arm_moveit_isaacsim_ws/install/gripper_joint_state/share/gripper_joint_state/local_setup.dsv
-- Installing: /home/allen/lerobot_yu/so-arm_moveit_isaacsim_ws/install/gripper_joint_state/share/gripper_joint_state/package.dsv
-- Up-to-date: /home/allen/lerobot_yu/so-arm_moveit_isaacsim_ws/install/gripper_joint_state/share/ament_index/resource_index/packages/gripper_joint_state
-- Up-to-date: /home/allen/lerobot_yu/so-arm_moveit_isaacsim_ws/install/gripper_joint_state/share/gripper_joint_state/cmake/gripper_joint_stateConfig.cmake
-- Up-to-date: /home/allen/lerobot_yu/so-arm_moveit_isaacsim_ws/install/gripper_joint_state/share/gripper_joint_state/cmake/gripper_joint_stateConfig-version.cmake
-- Up-to-date: /home/allen/lerobot_yu/so-arm_moveit_isaacsim_ws/install/gripper_joint_state/share/gripper_joint_state/package.xml
