[0.021s] Invoking command in '/home/allen/lerobot_yu/so-arm_moveit_isaacsim_ws/build/moveit_servo': CMAKE_PREFIX_PATH=${CMAKE_PREFIX_PATH}:/home/allen/ws_moveit2/install/moveit_configs_utils:/home/allen/ws_moveit2/install/launch_param_builder:/opt/ros/humble /usr/bin/cmake --build /home/allen/lerobot_yu/so-arm_moveit_isaacsim_ws/build/moveit_servo -- -j20 -l20
[0.061s] [35m[1mConsolidate compiler generated dependencies of target gtest[0m
[0.061s] [35m[1mConsolidate compiler generated dependencies of target fake_command_publisher[0m
[0.061s] [35m[1mConsolidate compiler generated dependencies of target gtest_main[0m
[0.062s] [35m[1mConsolidate compiler generated dependencies of target moveit_servo_lib_parameters[0m
[0.064s] [35m[1mConsolidate compiler generated dependencies of target servo_controller_input[0m
[0.076s] [  6%] Built target gtest_main
[0.077s] [ 12%] Built target gtest
[0.081s] [ 18%] Built target fake_command_publisher
[0.082s] [ 24%] Built target servo_controller_input
[0.087s] [ 33%] Built target moveit_servo_lib_parameters
[0.100s] [35m[1mConsolidate compiler generated dependencies of target test_servo_collision[0m
[0.101s] [35m[1mConsolidate compiler generated dependencies of target test_servo_integration[0m
[0.104s] [35m[1mConsolidate compiler generated dependencies of target moveit_servo_lib[0m
[0.124s] [ 39%] Built target test_servo_collision
[0.124s] [ 45%] Built target test_servo_integration
[0.137s] [ 63%] Built target moveit_servo_lib
[0.148s] [35m[1mConsolidate compiler generated dependencies of target pose_tracking[0m
[0.148s] [35m[1mConsolidate compiler generated dependencies of target servo_calcs_unit_tests[0m
[0.149s] [35m[1mConsolidate compiler generated dependencies of target servo_node[0m
[0.170s] [ 75%] Built target pose_tracking
[0.170s] [ 75%] Built target servo_calcs_unit_tests
[0.170s] [ 81%] Built target servo_node
[0.181s] [35m[1mConsolidate compiler generated dependencies of target servo_node_main[0m
[0.181s] [35m[1mConsolidate compiler generated dependencies of target test_servo_pose_tracking[0m
[0.181s] [35m[1mConsolidate compiler generated dependencies of target servo_pose_tracking_demo[0m
[0.206s] [ 93%] Built target servo_node_main
[0.206s] [ 93%] Built target servo_pose_tracking_demo
[0.207s] [100%] Built target test_servo_pose_tracking
[0.224s] Invoked command in '/home/allen/lerobot_yu/so-arm_moveit_isaacsim_ws/build/moveit_servo' returned '0': CMAKE_PREFIX_PATH=${CMAKE_PREFIX_PATH}:/home/allen/ws_moveit2/install/moveit_configs_utils:/home/allen/ws_moveit2/install/launch_param_builder:/opt/ros/humble /usr/bin/cmake --build /home/allen/lerobot_yu/so-arm_moveit_isaacsim_ws/build/moveit_servo -- -j20 -l20
[0.226s] Invoking command in '/home/allen/lerobot_yu/so-arm_moveit_isaacsim_ws/build/moveit_servo': CMAKE_PREFIX_PATH=${CMAKE_PREFIX_PATH}:/home/allen/ws_moveit2/install/moveit_configs_utils:/home/allen/ws_moveit2/install/launch_param_builder:/opt/ros/humble /usr/bin/cmake --install /home/allen/lerobot_yu/so-arm_moveit_isaacsim_ws/build/moveit_servo
[0.233s] -- Install configuration: "Release"
[0.234s] -- Up-to-date: /home/allen/lerobot_yu/so-arm_moveit_isaacsim_ws/install/moveit_servo/lib/libmoveit_servo_lib.so.2.5.7
[0.234s] -- Up-to-date: /home/allen/lerobot_yu/so-arm_moveit_isaacsim_ws/install/moveit_servo/lib/libmoveit_servo_lib.so
[0.234s] -- Up-to-date: /home/allen/lerobot_yu/so-arm_moveit_isaacsim_ws/install/moveit_servo/lib/libmoveit_servo_lib_parameters.so.2.5.7
[0.234s] -- Up-to-date: /home/allen/lerobot_yu/so-arm_moveit_isaacsim_ws/install/moveit_servo/lib/libmoveit_servo_lib_parameters.so
[0.234s] -- Up-to-date: /home/allen/lerobot_yu/so-arm_moveit_isaacsim_ws/install/moveit_servo/lib/libpose_tracking.so
[0.234s] -- Up-to-date: /home/allen/lerobot_yu/so-arm_moveit_isaacsim_ws/install/moveit_servo/lib/libservo_node.so
[0.234s] -- Up-to-date: /home/allen/lerobot_yu/so-arm_moveit_isaacsim_ws/install/moveit_servo/lib/libservo_controller_input.so
[0.235s] -- Up-to-date: /home/allen/lerobot_yu/so-arm_moveit_isaacsim_ws/install/moveit_servo/lib/moveit_servo/servo_node_main
[0.235s] -- Up-to-date: /home/allen/lerobot_yu/so-arm_moveit_isaacsim_ws/install/moveit_servo/lib/moveit_servo/servo_pose_tracking_demo
[0.235s] -- Up-to-date: /home/allen/lerobot_yu/so-arm_moveit_isaacsim_ws/install/moveit_servo/lib/moveit_servo/fake_command_publisher
[0.235s] -- Up-to-date: /home/allen/lerobot_yu/so-arm_moveit_isaacsim_ws/install/moveit_servo/include
[0.235s] -- Up-to-date: /home/allen/lerobot_yu/so-arm_moveit_isaacsim_ws/install/moveit_servo/include/moveit_servo
[0.235s] -- Up-to-date: /home/allen/lerobot_yu/so-arm_moveit_isaacsim_ws/install/moveit_servo/include/moveit_servo/utilities.h
[0.235s] -- Up-to-date: /home/allen/lerobot_yu/so-arm_moveit_isaacsim_ws/install/moveit_servo/include/moveit_servo/collision_check.h
[0.236s] -- Up-to-date: /home/allen/lerobot_yu/so-arm_moveit_isaacsim_ws/install/moveit_servo/include/moveit_servo/make_shared_from_pool.h
[0.236s] -- Up-to-date: /home/allen/lerobot_yu/so-arm_moveit_isaacsim_ws/install/moveit_servo/include/moveit_servo/servo.h
[0.236s] -- Up-to-date: /home/allen/lerobot_yu/so-arm_moveit_isaacsim_ws/install/moveit_servo/include/moveit_servo/servo_parameters.h
[0.236s] -- Up-to-date: /home/allen/lerobot_yu/so-arm_moveit_isaacsim_ws/install/moveit_servo/include/moveit_servo/servo_server.h
[0.236s] -- Up-to-date: /home/allen/lerobot_yu/so-arm_moveit_isaacsim_ws/install/moveit_servo/include/moveit_servo/status_codes.h
[0.236s] -- Up-to-date: /home/allen/lerobot_yu/so-arm_moveit_isaacsim_ws/install/moveit_servo/include/moveit_servo/servo_calcs.h
[0.236s] -- Up-to-date: /home/allen/lerobot_yu/so-arm_moveit_isaacsim_ws/install/moveit_servo/include/moveit_servo/enforce_limits.hpp
[0.237s] -- Up-to-date: /home/allen/lerobot_yu/so-arm_moveit_isaacsim_ws/install/moveit_servo/include/moveit_servo/pose_tracking.h
[0.237s] -- Up-to-date: /home/allen/lerobot_yu/so-arm_moveit_isaacsim_ws/install/moveit_servo/include/moveit_servo/servo_node.h
[0.237s] -- Up-to-date: /home/allen/lerobot_yu/so-arm_moveit_isaacsim_ws/install/moveit_servo/include/moveit_servo/parameter_descriptor_builder.hpp
[0.237s] -- Up-to-date: /home/allen/lerobot_yu/so-arm_moveit_isaacsim_ws/install/moveit_servo/share/moveit_servo/launch
[0.237s] -- Up-to-date: /home/allen/lerobot_yu/so-arm_moveit_isaacsim_ws/install/moveit_servo/share/moveit_servo/launch/pose_tracking_example.launch.py
[0.237s] -- Up-to-date: /home/allen/lerobot_yu/so-arm_moveit_isaacsim_ws/install/moveit_servo/share/moveit_servo/launch/servo_example.launch.py
[0.237s] -- Up-to-date: /home/allen/lerobot_yu/so-arm_moveit_isaacsim_ws/install/moveit_servo/share/moveit_servo/config
[0.237s] -- Up-to-date: /home/allen/lerobot_yu/so-arm_moveit_isaacsim_ws/install/moveit_servo/share/moveit_servo/config/demo_rviz_config.rviz
[0.238s] -- Up-to-date: /home/allen/lerobot_yu/so-arm_moveit_isaacsim_ws/install/moveit_servo/share/moveit_servo/config/so_arm101_simulated_config.yaml
[0.238s] -- Up-to-date: /home/allen/lerobot_yu/so-arm_moveit_isaacsim_ws/install/moveit_servo/share/moveit_servo/config/panda_simulated_config.yaml
[0.238s] -- Up-to-date: /home/allen/lerobot_yu/so-arm_moveit_isaacsim_ws/install/moveit_servo/share/moveit_servo/config/demo_rviz_pose_tracking.rviz
[0.238s] -- Up-to-date: /home/allen/lerobot_yu/so-arm_moveit_isaacsim_ws/install/moveit_servo/share/moveit_servo/config/pose_tracking_settings.yaml
[0.238s] -- Up-to-date: /home/allen/lerobot_yu/so-arm_moveit_isaacsim_ws/install/moveit_servo/share/moveit_servo/config/panda_simulated_config_pose_tracking.yaml
[0.238s] -- Up-to-date: /home/allen/lerobot_yu/so-arm_moveit_isaacsim_ws/install/moveit_servo/share/moveit_servo/environment/library_path.sh
[0.238s] -- Up-to-date: /home/allen/lerobot_yu/so-arm_moveit_isaacsim_ws/install/moveit_servo/share/moveit_servo/environment/library_path.dsv
[0.238s] -- Up-to-date: /home/allen/lerobot_yu/so-arm_moveit_isaacsim_ws/install/moveit_servo/share/ament_index/resource_index/package_run_dependencies/moveit_servo
[0.238s] -- Up-to-date: /home/allen/lerobot_yu/so-arm_moveit_isaacsim_ws/install/moveit_servo/share/ament_index/resource_index/parent_prefix_path/moveit_servo
[0.239s] -- Up-to-date: /home/allen/lerobot_yu/so-arm_moveit_isaacsim_ws/install/moveit_servo/share/moveit_servo/environment/ament_prefix_path.sh
[0.239s] -- Up-to-date: /home/allen/lerobot_yu/so-arm_moveit_isaacsim_ws/install/moveit_servo/share/moveit_servo/environment/ament_prefix_path.dsv
[0.239s] -- Up-to-date: /home/allen/lerobot_yu/so-arm_moveit_isaacsim_ws/install/moveit_servo/share/moveit_servo/environment/path.sh
[0.239s] -- Up-to-date: /home/allen/lerobot_yu/so-arm_moveit_isaacsim_ws/install/moveit_servo/share/moveit_servo/environment/path.dsv
[0.239s] -- Up-to-date: /home/allen/lerobot_yu/so-arm_moveit_isaacsim_ws/install/moveit_servo/share/moveit_servo/local_setup.bash
[0.239s] -- Up-to-date: /home/allen/lerobot_yu/so-arm_moveit_isaacsim_ws/install/moveit_servo/share/moveit_servo/local_setup.sh
[0.239s] -- Up-to-date: /home/allen/lerobot_yu/so-arm_moveit_isaacsim_ws/install/moveit_servo/share/moveit_servo/local_setup.zsh
[0.239s] -- Up-to-date: /home/allen/lerobot_yu/so-arm_moveit_isaacsim_ws/install/moveit_servo/share/moveit_servo/local_setup.dsv
[0.239s] -- Installing: /home/allen/lerobot_yu/so-arm_moveit_isaacsim_ws/install/moveit_servo/share/moveit_servo/package.dsv
[0.240s] -- Up-to-date: /home/allen/lerobot_yu/so-arm_moveit_isaacsim_ws/install/moveit_servo/share/ament_index/resource_index/packages/moveit_servo
[0.240s] -- Up-to-date: /home/allen/lerobot_yu/so-arm_moveit_isaacsim_ws/install/moveit_servo/share/ament_index/resource_index/rclcpp_components/moveit_servo
[0.240s] -- Up-to-date: /home/allen/lerobot_yu/so-arm_moveit_isaacsim_ws/install/moveit_servo/share/moveit_servo/cmake/export_moveit_servoExport.cmake
[0.241s] -- Up-to-date: /home/allen/lerobot_yu/so-arm_moveit_isaacsim_ws/install/moveit_servo/share/moveit_servo/cmake/export_moveit_servoExport-release.cmake
[0.241s] -- Up-to-date: /home/allen/lerobot_yu/so-arm_moveit_isaacsim_ws/install/moveit_servo/share/moveit_servo/cmake/ament_cmake_export_targets-extras.cmake
[0.241s] -- Up-to-date: /home/allen/lerobot_yu/so-arm_moveit_isaacsim_ws/install/moveit_servo/share/moveit_servo/cmake/ament_cmake_export_dependencies-extras.cmake
[0.241s] -- Up-to-date: /home/allen/lerobot_yu/so-arm_moveit_isaacsim_ws/install/moveit_servo/share/moveit_servo/cmake/moveit_servoConfig.cmake
[0.241s] -- Up-to-date: /home/allen/lerobot_yu/so-arm_moveit_isaacsim_ws/install/moveit_servo/share/moveit_servo/cmake/moveit_servoConfig-version.cmake
[0.241s] -- Up-to-date: /home/allen/lerobot_yu/so-arm_moveit_isaacsim_ws/install/moveit_servo/share/moveit_servo/package.xml
[0.241s] Invoked command in '/home/allen/lerobot_yu/so-arm_moveit_isaacsim_ws/build/moveit_servo' returned '0': CMAKE_PREFIX_PATH=${CMAKE_PREFIX_PATH}:/home/allen/ws_moveit2/install/moveit_configs_utils:/home/allen/ws_moveit2/install/launch_param_builder:/opt/ros/humble /usr/bin/cmake --install /home/allen/lerobot_yu/so-arm_moveit_isaacsim_ws/build/moveit_servo
