[0.026s] Invoking command in '/home/allen/lerobot_yu/so-arm_moveit_isaacsim_ws/build/gripper_joint_state': CMAKE_PREFIX_PATH=/home/allen/ws_moveit2/install/moveit_configs_utils:/home/allen/ws_moveit2/install/launch_param_builder:/opt/ros/humble:${CMAKE_PREFIX_PATH} /usr/bin/cmake --build /home/allen/lerobot_yu/so-arm_moveit_isaacsim_ws/build/gripper_joint_state -- -j20 -l20
[0.081s] Invoked command in '/home/allen/lerobot_yu/so-arm_moveit_isaacsim_ws/build/gripper_joint_state' returned '0': CMAKE_PREFIX_PATH=/home/allen/ws_moveit2/install/moveit_configs_utils:/home/allen/ws_moveit2/install/launch_param_builder:/opt/ros/humble:${CMAKE_PREFIX_PATH} /usr/bin/cmake --build /home/allen/lerobot_yu/so-arm_moveit_isaacsim_ws/build/gripper_joint_state -- -j20 -l20
[0.083s] Invoking command in '/home/allen/lerobot_yu/so-arm_moveit_isaacsim_ws/build/gripper_joint_state': CMAKE_PREFIX_PATH=/home/allen/ws_moveit2/install/moveit_configs_utils:/home/allen/ws_moveit2/install/launch_param_builder:/opt/ros/humble:${CMAKE_PREFIX_PATH} /usr/bin/cmake --install /home/allen/lerobot_yu/so-arm_moveit_isaacsim_ws/build/gripper_joint_state
[0.091s] -- Install configuration: ""
[0.093s] -- Up-to-date: /home/allen/lerobot_yu/so-arm_moveit_isaacsim_ws/install/gripper_joint_state/share/gripper_joint_state//scripts
[0.093s] -- Up-to-date: /home/allen/lerobot_yu/so-arm_moveit_isaacsim_ws/install/gripper_joint_state/share/gripper_joint_state//scripts/convertor.py
[0.093s] -- Up-to-date: /home/allen/lerobot_yu/so-arm_moveit_isaacsim_ws/install/gripper_joint_state/share/gripper_joint_state//launch
[0.093s] -- Up-to-date: /home/allen/lerobot_yu/so-arm_moveit_isaacsim_ws/install/gripper_joint_state/share/gripper_joint_state//launch/topic_convertor.launch.py
[0.093s] -- Up-to-date: /home/allen/lerobot_yu/so-arm_moveit_isaacsim_ws/install/gripper_joint_state/lib/gripper_joint_state/convertor.py
[0.093s] -- Up-to-date: /home/allen/lerobot_yu/so-arm_moveit_isaacsim_ws/install/gripper_joint_state/lib/gripper_joint_state/topic_convertor.launch.py
[0.093s] -- Up-to-date: /home/allen/lerobot_yu/so-arm_moveit_isaacsim_ws/install/gripper_joint_state/share/ament_index/resource_index/package_run_dependencies/gripper_joint_state
[0.094s] -- Up-to-date: /home/allen/lerobot_yu/so-arm_moveit_isaacsim_ws/install/gripper_joint_state/share/ament_index/resource_index/parent_prefix_path/gripper_joint_state
[0.095s] -- Up-to-date: /home/allen/lerobot_yu/so-arm_moveit_isaacsim_ws/install/gripper_joint_state/share/gripper_joint_state/environment/ament_prefix_path.sh
[0.095s] -- Up-to-date: /home/allen/lerobot_yu/so-arm_moveit_isaacsim_ws/install/gripper_joint_state/share/gripper_joint_state/environment/ament_prefix_path.dsv
[0.097s] -- Up-to-date: /home/allen/lerobot_yu/so-arm_moveit_isaacsim_ws/install/gripper_joint_state/share/gripper_joint_state/environment/path.sh
[0.098s] -- Up-to-date: /home/allen/lerobot_yu/so-arm_moveit_isaacsim_ws/install/gripper_joint_state/share/gripper_joint_state/environment/path.dsv
[0.099s] -- Up-to-date: /home/allen/lerobot_yu/so-arm_moveit_isaacsim_ws/install/gripper_joint_state/share/gripper_joint_state/local_setup.bash
[0.099s] -- Up-to-date: /home/allen/lerobot_yu/so-arm_moveit_isaacsim_ws/install/gripper_joint_state/share/gripper_joint_state/local_setup.sh
[0.099s] -- Up-to-date: /home/allen/lerobot_yu/so-arm_moveit_isaacsim_ws/install/gripper_joint_state/share/gripper_joint_state/local_setup.zsh
[0.099s] -- Up-to-date: /home/allen/lerobot_yu/so-arm_moveit_isaacsim_ws/install/gripper_joint_state/share/gripper_joint_state/local_setup.dsv
[0.099s] -- Installing: /home/allen/lerobot_yu/so-arm_moveit_isaacsim_ws/install/gripper_joint_state/share/gripper_joint_state/package.dsv
[0.099s] -- Up-to-date: /home/allen/lerobot_yu/so-arm_moveit_isaacsim_ws/install/gripper_joint_state/share/ament_index/resource_index/packages/gripper_joint_state
[0.099s] -- Up-to-date: /home/allen/lerobot_yu/so-arm_moveit_isaacsim_ws/install/gripper_joint_state/share/gripper_joint_state/cmake/gripper_joint_stateConfig.cmake
[0.099s] -- Up-to-date: /home/allen/lerobot_yu/so-arm_moveit_isaacsim_ws/install/gripper_joint_state/share/gripper_joint_state/cmake/gripper_joint_stateConfig-version.cmake
[0.099s] -- Up-to-date: /home/allen/lerobot_yu/so-arm_moveit_isaacsim_ws/install/gripper_joint_state/share/gripper_joint_state/package.xml
[0.123s] Invoked command in '/home/allen/lerobot_yu/so-arm_moveit_isaacsim_ws/build/gripper_joint_state' returned '0': CMAKE_PREFIX_PATH=/home/allen/ws_moveit2/install/moveit_configs_utils:/home/allen/ws_moveit2/install/launch_param_builder:/opt/ros/humble:${CMAKE_PREFIX_PATH} /usr/bin/cmake --install /home/allen/lerobot_yu/so-arm_moveit_isaacsim_ws/build/gripper_joint_state
