[0.011s] Invoking command in '/home/allen/lerobot_yu/so-arm_moveit_isaacsim_ws/build/so_arm_teleop': /usr/bin/cmake /home/allen/lerobot_yu/so-arm_moveit_isaacsim_ws/src/so_arm_teleop -DCATKIN_INSTALL_INTO_PREFIX_ROOT=0 -DCMAKE_INSTALL_PREFIX=/home/allen/lerobot_yu/so-arm_moveit_isaacsim_ws/install/so_arm_teleop
[0.154s] -- The C compiler identification is GNU 11.4.0
[0.432s] -- The CXX compiler identification is GNU 11.4.0
[0.590s] -- Detecting C compiler ABI info
[0.696s] -- Detecting C compiler ABI info - done
[0.701s] -- Check for working C compiler: /usr/bin/cc - skipped
[0.701s] -- Detecting C compile features
[0.701s] -- Detecting C compile features - done
[0.704s] -- Detecting CXX compiler ABI info
[0.813s] -- Detecting CXX compiler ABI info - done
[0.817s] -- Check for working CXX compiler: /usr/bin/c++ - skipped
[0.817s] -- Detecting CXX compile features
[0.818s] -- Detecting CXX compile features - done
[0.834s] -- Found ament_cmake: 1.3.11 (/opt/ros/humble/share/ament_cmake/cmake)
[0.939s] -- Found Python3: /usr/bin/python3 (found version "3.10.12") found components: Interpreter 
[1.026s] -- Found rclpy: 3.3.16 (/opt/ros/humble/share/rclpy/cmake)
[1.029s] -- Found geometry_msgs: 4.9.0 (/opt/ros/humble/share/geometry_msgs/cmake)
[1.168s] -- Found rosidl_generator_c: 3.1.6 (/opt/ros/humble/share/rosidl_generator_c/cmake)
[1.175s] -- Found rosidl_adapter: 3.1.6 (/opt/ros/humble/share/rosidl_adapter/cmake)
[1.185s] -- Found rosidl_generator_cpp: 3.1.6 (/opt/ros/humble/share/rosidl_generator_cpp/cmake)
[1.198s] -- Using all available rosidl_typesupport_c: rosidl_typesupport_fastrtps_c;rosidl_typesupport_introspection_c
[1.217s] -- Using all available rosidl_typesupport_cpp: rosidl_typesupport_fastrtps_cpp;rosidl_typesupport_introspection_cpp
[1.286s] -- Configuring done
[1.289s] -- Generating done
[1.289s] [33mCMake Warning:
[1.289s]   Manually-specified variables were not used by the project:
[1.289s] 
[1.289s]     CATKIN_INSTALL_INTO_PREFIX_ROOT
[1.289s] 
[1.289s] [0m
[1.290s] -- Build files have been written to: /home/allen/lerobot_yu/so-arm_moveit_isaacsim_ws/build/so_arm_teleop
[1.294s] Invoked command in '/home/allen/lerobot_yu/so-arm_moveit_isaacsim_ws/build/so_arm_teleop' returned '0': /usr/bin/cmake /home/allen/lerobot_yu/so-arm_moveit_isaacsim_ws/src/so_arm_teleop -DCATKIN_INSTALL_INTO_PREFIX_ROOT=0 -DCMAKE_INSTALL_PREFIX=/home/allen/lerobot_yu/so-arm_moveit_isaacsim_ws/install/so_arm_teleop
[1.296s] Invoking command in '/home/allen/lerobot_yu/so-arm_moveit_isaacsim_ws/build/so_arm_teleop': /usr/bin/cmake --build /home/allen/lerobot_yu/so-arm_moveit_isaacsim_ws/build/so_arm_teleop -- -j20 -l20
[1.327s] Invoked command in '/home/allen/lerobot_yu/so-arm_moveit_isaacsim_ws/build/so_arm_teleop' returned '0': /usr/bin/cmake --build /home/allen/lerobot_yu/so-arm_moveit_isaacsim_ws/build/so_arm_teleop -- -j20 -l20
[1.335s] Invoking command in '/home/allen/lerobot_yu/so-arm_moveit_isaacsim_ws/build/so_arm_teleop': /usr/bin/cmake --install /home/allen/lerobot_yu/so-arm_moveit_isaacsim_ws/build/so_arm_teleop
[1.341s] -- Install configuration: ""
[1.342s] -- Installing: /home/allen/lerobot_yu/so-arm_moveit_isaacsim_ws/install/so_arm_teleop/lib/so_arm_teleop/keyboard_teleop.py
[1.342s] -- Installing: /home/allen/lerobot_yu/so-arm_moveit_isaacsim_ws/install/so_arm_teleop/share/so_arm_teleop/config
[1.342s] -- Installing: /home/allen/lerobot_yu/so-arm_moveit_isaacsim_ws/install/so_arm_teleop/share/so_arm_teleop/config/servo.yaml
[1.343s] -- Installing: /home/allen/lerobot_yu/so-arm_moveit_isaacsim_ws/install/so_arm_teleop/share/so_arm_teleop/launch
[1.343s] -- Installing: /home/allen/lerobot_yu/so-arm_moveit_isaacsim_ws/install/so_arm_teleop/share/so_arm_teleop/launch/teleop_servo.launch.py
[1.343s] -- Installing: /home/allen/lerobot_yu/so-arm_moveit_isaacsim_ws/install/so_arm_teleop/share/ament_index/resource_index/package_run_dependencies/so_arm_teleop
[1.344s] -- Installing: /home/allen/lerobot_yu/so-arm_moveit_isaacsim_ws/install/so_arm_teleop/share/ament_index/resource_index/parent_prefix_path/so_arm_teleop
[1.344s] -- Installing: /home/allen/lerobot_yu/so-arm_moveit_isaacsim_ws/install/so_arm_teleop/share/so_arm_teleop/environment/ament_prefix_path.sh
[1.344s] -- Installing: /home/allen/lerobot_yu/so-arm_moveit_isaacsim_ws/install/so_arm_teleop/share/so_arm_teleop/environment/ament_prefix_path.dsv
[1.344s] -- Installing: /home/allen/lerobot_yu/so-arm_moveit_isaacsim_ws/install/so_arm_teleop/share/so_arm_teleop/environment/path.sh
[1.344s] -- Installing: /home/allen/lerobot_yu/so-arm_moveit_isaacsim_ws/install/so_arm_teleop/share/so_arm_teleop/environment/path.dsv
[1.344s] -- Installing: /home/allen/lerobot_yu/so-arm_moveit_isaacsim_ws/install/so_arm_teleop/share/so_arm_teleop/local_setup.bash
[1.345s] -- Installing: /home/allen/lerobot_yu/so-arm_moveit_isaacsim_ws/install/so_arm_teleop/share/so_arm_teleop/local_setup.sh
[1.345s] -- Installing: /home/allen/lerobot_yu/so-arm_moveit_isaacsim_ws/install/so_arm_teleop/share/so_arm_teleop/local_setup.zsh
[1.345s] -- Installing: /home/allen/lerobot_yu/so-arm_moveit_isaacsim_ws/install/so_arm_teleop/share/so_arm_teleop/local_setup.dsv
[1.345s] -- Installing: /home/allen/lerobot_yu/so-arm_moveit_isaacsim_ws/install/so_arm_teleop/share/so_arm_teleop/package.dsv
[1.345s] -- Installing: /home/allen/lerobot_yu/so-arm_moveit_isaacsim_ws/install/so_arm_teleop/share/ament_index/resource_index/packages/so_arm_teleop
[1.345s] -- Installing: /home/allen/lerobot_yu/so-arm_moveit_isaacsim_ws/install/so_arm_teleop/share/so_arm_teleop/cmake/so_arm_teleopConfig.cmake
[1.345s] -- Installing: /home/allen/lerobot_yu/so-arm_moveit_isaacsim_ws/install/so_arm_teleop/share/so_arm_teleop/cmake/so_arm_teleopConfig-version.cmake
[1.345s] -- Installing: /home/allen/lerobot_yu/so-arm_moveit_isaacsim_ws/install/so_arm_teleop/share/so_arm_teleop/package.xml
[1.347s] Invoked command in '/home/allen/lerobot_yu/so-arm_moveit_isaacsim_ws/build/so_arm_teleop' returned '0': /usr/bin/cmake --install /home/allen/lerobot_yu/so-arm_moveit_isaacsim_ws/build/so_arm_teleop
